[2025-06-12 17:28:21Z INFO HostContext] No proxy settings were found based on environmental variables (http_proxy/https_proxy/HTTP_PROXY/HTTPS_PROXY)
[2025-06-12 17:28:21Z INFO HostContext] Well known directory 'Bin': 'D:\BS(CS)\Flux\actions-runner\bin'
[2025-06-12 17:28:21Z INFO HostContext] Well known directory 'Root': 'D:\BS(CS)\Flux\actions-runner'
[2025-06-12 17:28:21Z INFO HostContext] Well known config file 'Credentials': 'D:\BS(CS)\Flux\actions-runner\.credentials'
[2025-06-12 17:28:25Z INFO HostContext] Well known directory 'Bin': 'D:\BS(CS)\Flux\actions-runner\bin'
[2025-06-12 17:28:25Z INFO HostContext] Well known directory 'Root': 'D:\BS(CS)\Flux\actions-runner'
[2025-06-12 17:28:25Z INFO HostContext] Well known config file 'Runner': 'D:\BS(CS)\Flux\actions-runner\.runner'
[2025-06-12 17:28:25Z INFO Listener] Runner is built for Windows (X64) - win-x64.
[2025-06-12 17:28:25Z INFO Listener] RuntimeInformation: Microsoft Windows 10.0.26100.
[2025-06-12 17:28:25Z INFO Listener] Version: 2.317.0
[2025-06-12 17:28:25Z INFO Listener] Commit: 6dc005ee3690a0303e0d7269b6f60295d22dcfad
[2025-06-12 17:28:25Z INFO Listener] Culture: en-PK
[2025-06-12 17:28:25Z INFO Listener] UI Culture: en-US
[2025-06-12 17:28:25Z INFO HostContext] Well known directory 'Bin': 'D:\BS(CS)\Flux\actions-runner\bin'
[2025-06-12 17:28:25Z INFO HostContext] Well known directory 'Root': 'D:\BS(CS)\Flux\actions-runner'
[2025-06-12 17:28:25Z INFO Listener] Validating directory permissions for: 'D:\BS(CS)\Flux\actions-runner'
[2025-06-12 17:28:25Z INFO CommandLineParser] Parse
[2025-06-12 17:28:25Z INFO CommandLineParser] Parsing 1 args
[2025-06-12 17:28:25Z INFO CommandLineParser] parsing argument
[2025-06-12 17:28:25Z INFO CommandLineParser] HasArgs: False
[2025-06-12 17:28:25Z INFO CommandLineParser] Adding Command: run
[2025-06-12 17:28:25Z INFO Listener] Arguments parsed
[2025-06-12 17:28:25Z INFO Runner] ExecuteCommand
[2025-06-12 17:28:25Z INFO ConfigurationStore] currentAssemblyLocation: D:\BS(CS)\Flux\actions-runner\bin\Runner.Listener.dll
[2025-06-12 17:28:25Z INFO HostContext] Well known directory 'Bin': 'D:\BS(CS)\Flux\actions-runner\bin'
[2025-06-12 17:28:25Z INFO ConfigurationStore] binPath: D:\BS(CS)\Flux\actions-runner\bin
[2025-06-12 17:28:25Z INFO HostContext] Well known directory 'Bin': 'D:\BS(CS)\Flux\actions-runner\bin'
[2025-06-12 17:28:25Z INFO HostContext] Well known directory 'Root': 'D:\BS(CS)\Flux\actions-runner'
[2025-06-12 17:28:25Z INFO ConfigurationStore] RootFolder: D:\BS(CS)\Flux\actions-runner
[2025-06-12 17:28:25Z INFO HostContext] Well known directory 'Bin': 'D:\BS(CS)\Flux\actions-runner\bin'
[2025-06-12 17:28:25Z INFO HostContext] Well known directory 'Root': 'D:\BS(CS)\Flux\actions-runner'
[2025-06-12 17:28:25Z INFO HostContext] Well known config file 'Runner': 'D:\BS(CS)\Flux\actions-runner\.runner'
[2025-06-12 17:28:25Z INFO ConfigurationStore] ConfigFilePath: D:\BS(CS)\Flux\actions-runner\.runner
[2025-06-12 17:28:25Z INFO HostContext] Well known directory 'Bin': 'D:\BS(CS)\Flux\actions-runner\bin'
[2025-06-12 17:28:25Z INFO HostContext] Well known directory 'Root': 'D:\BS(CS)\Flux\actions-runner'
[2025-06-12 17:28:25Z INFO HostContext] Well known config file 'Credentials': 'D:\BS(CS)\Flux\actions-runner\.credentials'
[2025-06-12 17:28:25Z INFO ConfigurationStore] CredFilePath: D:\BS(CS)\Flux\actions-runner\.credentials
[2025-06-12 17:28:25Z INFO HostContext] Well known directory 'Bin': 'D:\BS(CS)\Flux\actions-runner\bin'
[2025-06-12 17:28:25Z INFO HostContext] Well known directory 'Root': 'D:\BS(CS)\Flux\actions-runner'
[2025-06-12 17:28:25Z INFO HostContext] Well known config file 'MigratedCredentials': 'D:\BS(CS)\Flux\actions-runner\.credentials_migrated'
[2025-06-12 17:28:25Z INFO ConfigurationStore] MigratedCredFilePath: D:\BS(CS)\Flux\actions-runner\.credentials_migrated
[2025-06-12 17:28:25Z INFO HostContext] Well known directory 'Bin': 'D:\BS(CS)\Flux\actions-runner\bin'
[2025-06-12 17:28:25Z INFO HostContext] Well known directory 'Root': 'D:\BS(CS)\Flux\actions-runner'
[2025-06-12 17:28:25Z INFO HostContext] Well known config file 'Service': 'D:\BS(CS)\Flux\actions-runner\.service'
[2025-06-12 17:28:25Z INFO ConfigurationStore] ServiceConfigFilePath: D:\BS(CS)\Flux\actions-runner\.service
[2025-06-12 17:28:25Z INFO CommandSettings] Flag 'help': 'False'
[2025-06-12 17:28:25Z INFO CommandSettings] Flag 'version': 'False'
[2025-06-12 17:28:25Z INFO CommandSettings] Flag 'commit': 'False'
[2025-06-12 17:28:25Z INFO CommandSettings] Flag 'check': 'False'
[2025-06-12 17:28:25Z INFO CommandSettings] Command 'configure': 'False'
[2025-06-12 17:28:25Z INFO CommandSettings] Command 'remove': 'False'
[2025-06-12 17:28:25Z INFO CommandSettings] Command 'warmup': 'False'
[2025-06-12 17:28:25Z INFO ConfigurationManager] LoadSettings
[2025-06-12 17:28:25Z INFO ConfigurationStore] IsConfigured()
[2025-06-12 17:28:25Z INFO ConfigurationStore] IsConfigured: True
[2025-06-12 17:28:25Z INFO ConfigurationManager] Is configured: True
[2025-06-12 17:28:25Z INFO ConfigurationStore] Read setting file: 305 chars
[2025-06-12 17:28:25Z INFO ConfigurationManager] Settings Loaded
[2025-06-12 17:28:25Z INFO ConfigurationStore] IsServiceConfigured()
[2025-06-12 17:28:25Z INFO ConfigurationStore] IsServiceConfigured: False
[2025-06-12 17:28:25Z INFO CommandSettings] Command 'run': 'True'
[2025-06-12 17:28:25Z INFO ConfigurationStore] IsConfigured()
[2025-06-12 17:28:25Z INFO ConfigurationStore] IsConfigured: True
[2025-06-12 17:28:25Z INFO ConfigurationManager] Is configured: True
[2025-06-12 17:28:25Z INFO Runner] Could not parse the argument value '' for StartupType. Defaulting to Manual
[2025-06-12 17:28:25Z INFO Runner] Set runner startup type - Manual
[2025-06-12 17:28:25Z INFO CommandSettings] Flag 'once': 'False'
[2025-06-12 17:28:25Z INFO CommandSettings] Flag 'once': 'False'
[2025-06-12 17:28:25Z INFO Runner] RunAsync
[2025-06-12 17:28:25Z INFO ConfigurationManager] LoadSettings
[2025-06-12 17:28:25Z INFO ConfigurationStore] IsConfigured()
[2025-06-12 17:28:25Z INFO ConfigurationStore] IsConfigured: True
[2025-06-12 17:28:25Z INFO ConfigurationManager] Is configured: True
[2025-06-12 17:28:25Z INFO ConfigurationManager] Settings Loaded
[2025-06-12 17:28:25Z INFO MessageListener] {
  "AgentId": 21,
  "AgentName": "DESKTOP-J3BA5A9",
  "PoolId": 1,
  "PoolName": "Default",
  "ServerUrl": "https://pipelinesghubeus2.actions.githubusercontent.com/Tj8oyLxS2V68oiAJ5roUiyLEH828d1rIBuV9k9I67M0dMiqWfk/",
  "GitHubUrl": "https://github.com/mUsman2003/Flux",
  "WorkFolder": "_work"
}
[2025-06-12 17:28:25Z INFO MessageListener] Loading Credentials
[2025-06-12 17:28:25Z INFO ConfigurationStore] HasCredentials()
[2025-06-12 17:28:25Z INFO ConfigurationStore] stored True
[2025-06-12 17:28:25Z INFO CredentialManager] GetCredentialProvider
[2025-06-12 17:28:25Z INFO CredentialManager] Creating type OAuth
[2025-06-12 17:28:25Z INFO CredentialManager] Creating credential type: OAuth
[2025-06-12 17:28:26Z INFO HostContext] Well known directory 'Bin': 'D:\BS(CS)\Flux\actions-runner\bin'
[2025-06-12 17:28:26Z INFO HostContext] Well known directory 'Root': 'D:\BS(CS)\Flux\actions-runner'
[2025-06-12 17:28:26Z INFO HostContext] Well known config file 'RSACredentials': 'D:\BS(CS)\Flux\actions-runner\.credentials_rsaparams'
[2025-06-12 17:28:26Z INFO RSAEncryptedFileKeyManager] Loading RSA key parameters from file D:\BS(CS)\Flux\actions-runner\.credentials_rsaparams
[2025-06-12 17:28:26Z INFO MessageListener] Attempt to create session.
[2025-06-12 17:28:26Z INFO MessageListener] Connecting to the Runner Server...
[2025-06-12 17:28:26Z INFO RunnerServer] EstablishVssConnection
[2025-06-12 17:28:26Z INFO RunnerServer] Establish connection with 100 seconds timeout.
[2025-06-12 17:28:27Z INFO GitHubActionsService] Starting operation Location.GetConnectionData
[2025-06-12 17:28:27Z INFO RunnerServer] EstablishVssConnection
[2025-06-12 17:28:27Z INFO RunnerServer] Establish connection with 60 seconds timeout.
[2025-06-12 17:28:27Z INFO GitHubActionsService] Starting operation Location.GetConnectionData
[2025-06-12 17:28:27Z INFO RunnerServer] EstablishVssConnection
[2025-06-12 17:28:27Z INFO RunnerServer] Establish connection with 60 seconds timeout.
[2025-06-12 17:28:27Z INFO GitHubActionsService] Starting operation Location.GetConnectionData
[2025-06-12 17:28:30Z INFO GitHubActionsService] Finished operation Location.GetConnectionData
[2025-06-12 17:28:30Z INFO GitHubActionsService] Finished operation Location.GetConnectionData
[2025-06-12 17:28:30Z INFO GitHubActionsService] Finished operation Location.GetConnectionData
[2025-06-12 17:28:30Z INFO MessageListener] VssConnection created
[2025-06-12 17:28:30Z INFO Terminal] WRITE LINE: 
[2025-06-12 17:28:30Z INFO Terminal] WRITE LINE: 
[2025-06-12 17:28:31Z INFO RSAEncryptedFileKeyManager] Loading RSA key parameters from file D:\BS(CS)\Flux\actions-runner\.credentials_rsaparams
[2025-06-12 17:28:31Z INFO RSAEncryptedFileKeyManager] Loading RSA key parameters from file D:\BS(CS)\Flux\actions-runner\.credentials_rsaparams
[2025-06-12 17:28:32Z INFO GitHubActionsService] AAD Correlation ID for this token request: Unknown
[2025-06-12 17:28:32Z INFO MessageListener] Session created.
[2025-06-12 17:28:32Z INFO Terminal] WRITE LINE: Current runner version: '2.317.0'
[2025-06-12 17:28:32Z INFO Terminal] WRITE LINE: 2025-06-12 17:28:32Z: Listening for Jobs
[2025-06-12 17:28:32Z INFO JobDispatcher] Set runner/worker IPC timeout to 30 seconds.
[2025-06-12 17:28:33Z INFO MessageListener] BrokerMigration message received. Polling Broker for messages...
[2025-06-12 17:28:33Z INFO RSAEncryptedFileKeyManager] Loading RSA key parameters from file D:\BS(CS)\Flux\actions-runner\.credentials_rsaparams
[2025-06-12 17:28:34Z INFO GitHubActionsService] AAD Correlation ID for this token request: Unknown
[2025-06-12 17:29:25Z INFO MessageListener] BrokerMigration message received. Polling Broker for messages...
[2025-06-12 17:30:16Z INFO MessageListener] BrokerMigration message received. Polling Broker for messages...
[2025-06-12 17:31:06Z INFO MessageListener] BrokerMigration message received. Polling Broker for messages...
[2025-06-12 17:31:20Z INFO MessageListener] Message '0' received from session '5e947191-e4a0-4dcd-8f64-53035e5ddae2'.
[2025-06-12 17:31:21Z INFO Runner] Refresh message received, kick-off selfupdate background process.
[2025-06-12 17:31:22Z INFO SelfUpdater] Version '2.325.0' of 'agent' package available in server.
[2025-06-12 17:31:22Z INFO SelfUpdater] Current running runner version is 2.317.0
[2025-06-12 17:31:22Z INFO SelfUpdater] An update is available.
[2025-06-12 17:31:22Z INFO Terminal] WRITE LINE: Runner update in progress, do not shutdown runner.
[2025-06-12 17:31:22Z INFO SelfUpdater] RunnerPlatform: win-x64
[2025-06-12 17:31:22Z INFO Terminal] WRITE LINE: Downloading 2.325.0 runner
[2025-06-12 17:31:22Z INFO MessageListener] BrokerMigration message received. Polling Broker for messages...
[2025-06-12 17:31:23Z INFO HostContext] Well known directory 'Bin': 'D:\BS(CS)\Flux\actions-runner\bin'
[2025-06-12 17:31:23Z INFO HostContext] Well known directory 'Root': 'D:\BS(CS)\Flux\actions-runner'
[2025-06-12 17:31:23Z INFO HostContext] Well known directory 'Work': 'D:\BS(CS)\Flux\actions-runner\_work'
[2025-06-12 17:31:23Z INFO SelfUpdater] Attempt 1: save latest runner into D:\BS(CS)\Flux\actions-runner\_work\_update\runner1.zip.
[2025-06-12 17:31:23Z INFO SelfUpdater] Download runner: begin download
[2025-06-12 17:31:23Z INFO SelfUpdater] Downloading https://github.com/actions/runner/releases/download/v2.325.0/actions-runner-win-x64-2.325.0.zip
[2025-06-12 17:31:36Z INFO SelfUpdater] Download runner: finished download
[2025-06-12 17:31:44Z INFO SelfUpdater] Validated Runner Hash matches D:\BS(CS)\Flux\actions-runner\_work\_update\runner1.zip : 8601aa56828c084b29bdfda574af1fcde0943ce275fdbafb3e6d4a8611245b1b
[2025-06-12 17:31:54Z INFO SelfUpdater] Finished getting latest runner package at: D:\BS(CS)\Flux\actions-runner\_work\_update.
[2025-06-12 17:31:55Z INFO HostContext] Well known directory 'Bin': 'D:\BS(CS)\Flux\actions-runner\bin'
[2025-06-12 17:31:55Z INFO HostContext] Well known directory 'Root': 'D:\BS(CS)\Flux\actions-runner'
[2025-06-12 17:31:55Z INFO SelfUpdater] Copy D:\BS(CS)\Flux\actions-runner\_work\_update\bin to D:\BS(CS)\Flux\actions-runner\bin.2.325.0.
[2025-06-12 17:31:59Z INFO HostContext] Well known directory 'Bin': 'D:\BS(CS)\Flux\actions-runner\bin'
[2025-06-12 17:31:59Z INFO HostContext] Well known directory 'Root': 'D:\BS(CS)\Flux\actions-runner'
[2025-06-12 17:31:59Z INFO SelfUpdater] Copy D:\BS(CS)\Flux\actions-runner\_work\_update\externals to D:\BS(CS)\Flux\actions-runner\externals.2.325.0.
[2025-06-12 17:31:59Z INFO SelfUpdater] Copy any remaining .sh/.cmd files into runner root.
[2025-06-12 17:31:59Z INFO HostContext] Well known directory 'Bin': 'D:\BS(CS)\Flux\actions-runner\bin'
[2025-06-12 17:31:59Z INFO HostContext] Well known directory 'Root': 'D:\BS(CS)\Flux\actions-runner'
[2025-06-12 17:31:59Z INFO SelfUpdater] Copy D:\BS(CS)\Flux\actions-runner\_work\_update\config.cmd to D:\BS(CS)\Flux\actions-runner\config.cmd
[2025-06-12 17:31:59Z INFO HostContext] Well known directory 'Bin': 'D:\BS(CS)\Flux\actions-runner\bin'
[2025-06-12 17:31:59Z INFO HostContext] Well known directory 'Root': 'D:\BS(CS)\Flux\actions-runner'
[2025-06-12 17:31:59Z INFO SelfUpdater] Copy D:\BS(CS)\Flux\actions-runner\_work\_update\run-helper.cmd.template to D:\BS(CS)\Flux\actions-runner\run-helper.cmd.template
[2025-06-12 17:31:59Z INFO HostContext] Well known directory 'Bin': 'D:\BS(CS)\Flux\actions-runner\bin'
[2025-06-12 17:31:59Z INFO HostContext] Well known directory 'Root': 'D:\BS(CS)\Flux\actions-runner'
[2025-06-12 17:31:59Z INFO SelfUpdater] Copy D:\BS(CS)\Flux\actions-runner\_work\_update\run-helper.sh.template to D:\BS(CS)\Flux\actions-runner\run-helper.sh.template
[2025-06-12 17:31:59Z INFO HostContext] Well known directory 'Bin': 'D:\BS(CS)\Flux\actions-runner\bin'
[2025-06-12 17:31:59Z INFO HostContext] Well known directory 'Root': 'D:\BS(CS)\Flux\actions-runner'
[2025-06-12 17:31:59Z INFO SelfUpdater] Copy D:\BS(CS)\Flux\actions-runner\_work\_update\run.cmd to D:\BS(CS)\Flux\actions-runner\run.cmd
[2025-06-12 17:31:59Z INFO SelfUpdater] Download latest runner and unzip into runner root.
[2025-06-12 17:31:59Z INFO Terminal] WRITE LINE: Waiting for current job finish running.
[2025-06-12 17:31:59Z INFO SelfUpdater] DownloadUrl: https://github.com/actions/runner/releases/download/v2.325.0/actions-runner-win-x64-2.325.0.zip
[2025-06-12 17:31:59Z INFO SelfUpdater] PackageDownloadTime: 13405ms
[2025-06-12 17:31:59Z INFO SelfUpdater] Attempts: 1
[2025-06-12 17:31:59Z INFO SelfUpdater] PackageSize: 60MB
[2025-06-12 17:31:59Z INFO SelfUpdater] ValidateHashTime: 7435ms
[2025-06-12 17:31:59Z INFO SelfUpdater] PackageExtractTime: 10275ms
[2025-06-12 17:31:59Z INFO SelfUpdater] CopyRunnerToRootTime: 4941ms
[2025-06-12 17:32:00Z INFO SelfUpdater] All running job has exited.
[2025-06-12 17:32:00Z INFO HostContext] Well known directory 'Bin': 'D:\BS(CS)\Flux\actions-runner\bin'
[2025-06-12 17:32:00Z INFO HostContext] Well known directory 'Root': 'D:\BS(CS)\Flux\actions-runner'
[2025-06-12 17:32:00Z INFO HostContext] Well known directory 'Bin': 'D:\BS(CS)\Flux\actions-runner\bin'
[2025-06-12 17:32:00Z INFO HostContext] Well known directory 'Root': 'D:\BS(CS)\Flux\actions-runner'
[2025-06-12 17:32:00Z INFO HostContext] Well known directory 'Bin': 'D:\BS(CS)\Flux\actions-runner\bin'
[2025-06-12 17:32:00Z INFO HostContext] Well known directory 'Root': 'D:\BS(CS)\Flux\actions-runner'
[2025-06-12 17:32:00Z INFO HostContext] Well known directory 'Bin': 'D:\BS(CS)\Flux\actions-runner\bin'
[2025-06-12 17:32:00Z INFO HostContext] Well known directory 'Root': 'D:\BS(CS)\Flux\actions-runner'
[2025-06-12 17:32:00Z INFO HostContext] Well known directory 'Bin': 'D:\BS(CS)\Flux\actions-runner\bin'
[2025-06-12 17:32:00Z INFO HostContext] Well known directory 'Root': 'D:\BS(CS)\Flux\actions-runner'
[2025-06-12 17:32:00Z INFO HostContext] Well known directory 'Bin': 'D:\BS(CS)\Flux\actions-runner\bin'
[2025-06-12 17:32:00Z INFO HostContext] Well known directory 'Root': 'D:\BS(CS)\Flux\actions-runner'
[2025-06-12 17:32:00Z INFO SelfUpdater] Delete runner bin folder's backup at D:\BS(CS)\Flux\actions-runner\bin.2.324.0.
[2025-06-12 17:32:00Z INFO HostContext] Well known directory 'Bin': 'D:\BS(CS)\Flux\actions-runner\bin'
[2025-06-12 17:32:00Z INFO HostContext] Well known directory 'Root': 'D:\BS(CS)\Flux\actions-runner'
[2025-06-12 17:32:00Z INFO HostContext] Well known directory 'Bin': 'D:\BS(CS)\Flux\actions-runner\bin'
[2025-06-12 17:32:00Z INFO HostContext] Well known directory 'Root': 'D:\BS(CS)\Flux\actions-runner'
[2025-06-12 17:32:00Z INFO HostContext] Well known directory 'Bin': 'D:\BS(CS)\Flux\actions-runner\bin'
[2025-06-12 17:32:00Z INFO HostContext] Well known directory 'Root': 'D:\BS(CS)\Flux\actions-runner'
[2025-06-12 17:32:00Z INFO HostContext] Well known directory 'Bin': 'D:\BS(CS)\Flux\actions-runner\bin'
[2025-06-12 17:32:00Z INFO HostContext] Well known directory 'Root': 'D:\BS(CS)\Flux\actions-runner'
[2025-06-12 17:32:00Z INFO HostContext] Well known directory 'Bin': 'D:\BS(CS)\Flux\actions-runner\bin'
[2025-06-12 17:32:00Z INFO HostContext] Well known directory 'Root': 'D:\BS(CS)\Flux\actions-runner'
[2025-06-12 17:32:00Z INFO HostContext] Well known directory 'Bin': 'D:\BS(CS)\Flux\actions-runner\bin'
[2025-06-12 17:32:00Z INFO HostContext] Well known directory 'Root': 'D:\BS(CS)\Flux\actions-runner'
[2025-06-12 17:32:00Z INFO HostContext] Well known directory 'Bin': 'D:\BS(CS)\Flux\actions-runner\bin'
[2025-06-12 17:32:00Z INFO HostContext] Well known directory 'Root': 'D:\BS(CS)\Flux\actions-runner'
[2025-06-12 17:32:00Z INFO HostContext] Well known directory 'Bin': 'D:\BS(CS)\Flux\actions-runner\bin'
[2025-06-12 17:32:00Z INFO HostContext] Well known directory 'Root': 'D:\BS(CS)\Flux\actions-runner'
[2025-06-12 17:32:00Z INFO SelfUpdater] Delete runner externals folder's backup at D:\BS(CS)\Flux\actions-runner\externals.2.324.0.
[2025-06-12 17:32:00Z INFO HostContext] Well known directory 'Bin': 'D:\BS(CS)\Flux\actions-runner\bin'
[2025-06-12 17:32:00Z INFO HostContext] Well known directory 'Root': 'D:\BS(CS)\Flux\actions-runner'
[2025-06-12 17:32:00Z INFO HostContext] Well known directory 'Bin': 'D:\BS(CS)\Flux\actions-runner\bin'
[2025-06-12 17:32:00Z INFO HostContext] Well known directory 'Root': 'D:\BS(CS)\Flux\actions-runner'
[2025-06-12 17:32:00Z INFO HostContext] Well known directory 'Bin': 'D:\BS(CS)\Flux\actions-runner\bin'
[2025-06-12 17:32:00Z INFO HostContext] Well known directory 'Root': 'D:\BS(CS)\Flux\actions-runner'
[2025-06-12 17:32:00Z INFO SelfUpdater] Delete old version runner backup.
[2025-06-12 17:32:00Z INFO Terminal] WRITE LINE: Generate and execute update script.
[2025-06-12 17:32:00Z INFO SelfUpdater] DeleteRunnerBackupTime: 189ms
[2025-06-12 17:32:00Z INFO HostContext] Well known directory 'Bin': 'D:\BS(CS)\Flux\actions-runner\bin'
[2025-06-12 17:32:00Z INFO HostContext] Well known directory 'Root': 'D:\BS(CS)\Flux\actions-runner'
[2025-06-12 17:32:00Z INFO HostContext] Well known directory 'Diag': 'D:\BS(CS)\Flux\actions-runner\_diag'
[2025-06-12 17:32:00Z INFO HostContext] Well known directory 'Bin': 'D:\BS(CS)\Flux\actions-runner\bin'
[2025-06-12 17:32:00Z INFO HostContext] Well known directory 'Root': 'D:\BS(CS)\Flux\actions-runner'
[2025-06-12 17:32:00Z INFO HostContext] Well known directory 'Bin': 'D:\BS(CS)\Flux\actions-runner\bin'
[2025-06-12 17:32:00Z INFO HostContext] Well known directory 'Root': 'D:\BS(CS)\Flux\actions-runner'
[2025-06-12 17:32:00Z INFO HostContext] Well known directory 'Work': 'D:\BS(CS)\Flux\actions-runner\_work'
[2025-06-12 17:32:00Z INFO SelfUpdater] Generate update script into: D:\BS(CS)\Flux\actions-runner\_work\_update.cmd
[2025-06-12 17:32:00Z INFO SelfUpdater] Which2: 'cmd.exe'
[2025-06-12 17:32:00Z INFO SelfUpdater] Location: 'C:\WINDOWS\system32\cmd.exe'
[2025-06-12 17:32:00Z INFO SelfUpdater] Update script start running
[2025-06-12 17:32:00Z INFO Terminal] WRITE LINE: Runner will exit shortly for update, should be back online within 10 seconds.
[2025-06-12 17:32:00Z INFO SelfUpdater] TotalUpdateTime: 39676ms
[2025-06-12 17:32:01Z INFO Terminal] WRITE LINE: Runner update process finished.
[2025-06-12 17:32:01Z INFO Runner] Auto update task finished at backend, an runner update is ready to apply exit the current runner instance.
[2025-06-12 17:32:01Z INFO Runner] Stop message queue looping.
[2025-06-12 17:32:01Z WARN GitHubActionsService] GET request to https://broker.actions.githubusercontent.com/message?sessionId=5e947191-e4a0-4dcd-8f64-53035e5ddae2&status=Online&runnerVersion=2.317.0&os=Windows&architecture=X64&disableUpdate=false has been cancelled.
[2025-06-12 17:32:01Z ERR  BrokerServer] Catch exception during request
[2025-06-12 17:32:05Z ERR  BrokerServer] System.Threading.Tasks.TaskCanceledException: The operation was canceled.
 ---> System.IO.IOException: Unable to read data from the transport connection: The I/O operation has been aborted because of either a thread exit or an application request..
 ---> System.Net.Sockets.SocketException (995): The I/O operation has been aborted because of either a thread exit or an application request.
   --- End of inner exception stack trace ---
   at System.Net.Sockets.Socket.AwaitableSocketAsyncEventArgs.ThrowException(SocketError error, CancellationToken cancellationToken)
   at System.Net.Sockets.Socket.AwaitableSocketAsyncEventArgs.System.Threading.Tasks.Sources.IValueTaskSource<System.Int32>.GetResult(Int16 token)
   at System.Net.Security.SslStream.EnsureFullTlsFrameAsync[TIOAdapter](TIOAdapter adapter)
   at System.Net.Security.SslStream.ReadAsyncInternal[TIOAdapter](TIOAdapter adapter, Memory`1 buffer)
   at System.Net.Http.HttpConnection.SendAsyncCore(HttpRequestMessage request, Boolean async, CancellationToken cancellationToken)
   --- End of inner exception stack trace ---
   at System.Net.Http.HttpClient.HandleFailure(Exception e, Boolean telemetryStarted, HttpResponseMessage response, CancellationTokenSource cts, CancellationToken cancellationToken, CancellationTokenSource pendingRequestsCts)
   at System.Net.Http.HttpClient.<SendAsync>g__Core|83_0(HttpRequestMessage request, HttpCompletionOption completionOption, CancellationTokenSource cts, Boolean disposeCts, CancellationTokenSource pendingRequestsCts, CancellationToken originalCancellationToken)
   at Sdk.WebApi.WebApi.RawHttpClientBase.SendAsync(HttpRequestMessage message, HttpCompletionOption completionOption, Object userState, CancellationToken cancellationToken)
   at Sdk.WebApi.WebApi.RawHttpClientBase.SendAsync[T](HttpRequestMessage message, Object userState, CancellationToken cancellationToken)
   at Sdk.WebApi.WebApi.RawHttpClientBase.SendAsync[T](HttpMethod method, IEnumerable`1 additionalHeaders, Uri requestUri, HttpContent content, IEnumerable`1 queryParameters, Object userState, CancellationToken cancellationToken)
   at GitHub.Actions.RunService.WebApi.BrokerHttpClient.GetRunnerMessageAsync(Nullable`1 sessionId, String runnerVersion, Nullable`1 status, String os, String architecture, Nullable`1 disableUpdate, CancellationToken cancellationToken)
   at GitHub.Runner.Common.BrokerServer.<>c__DisplayClass7_0.<<GetRunnerMessageAsync>b__0>d.MoveNext()
--- End of stack trace from previous location ---
   at GitHub.Runner.Common.RunnerService.RetryRequest[T](Func`1 func, CancellationToken cancellationToken, Int32 maxRetryAttemptsCount, Func`2 shouldRetry)
[2025-06-12 17:32:05Z ERR  BrokerServer] #####################################################
[2025-06-12 17:32:05Z ERR  BrokerServer] System.IO.IOException: Unable to read data from the transport connection: The I/O operation has been aborted because of either a thread exit or an application request..
 ---> System.Net.Sockets.SocketException (995): The I/O operation has been aborted because of either a thread exit or an application request.
   --- End of inner exception stack trace ---
   at System.Net.Sockets.Socket.AwaitableSocketAsyncEventArgs.ThrowException(SocketError error, CancellationToken cancellationToken)
   at System.Net.Sockets.Socket.AwaitableSocketAsyncEventArgs.System.Threading.Tasks.Sources.IValueTaskSource<System.Int32>.GetResult(Int16 token)
   at System.Net.Security.SslStream.EnsureFullTlsFrameAsync[TIOAdapter](TIOAdapter adapter)
   at System.Net.Security.SslStream.ReadAsyncInternal[TIOAdapter](TIOAdapter adapter, Memory`1 buffer)
   at System.Net.Http.HttpConnection.SendAsyncCore(HttpRequestMessage request, Boolean async, CancellationToken cancellationToken)
[2025-06-12 17:32:05Z ERR  BrokerServer] #####################################################
[2025-06-12 17:32:05Z ERR  BrokerServer] System.Net.Sockets.SocketException (995): The I/O operation has been aborted because of either a thread exit or an application request.
[2025-06-12 17:32:05Z WARN BrokerServer] Back off 13.176 seconds before next retry. 4 attempt left.
[2025-06-12 17:32:05Z INFO MessageListener] Get next message has been cancelled.
[2025-06-12 17:32:06Z INFO Runner] Ignore any exception after cancel message loop. System.Threading.Tasks.TaskCanceledException: A task was canceled.
   at GitHub.Runner.Common.RunnerService.RetryRequest[T](Func`1 func, CancellationToken cancellationToken, Int32 maxRetryAttemptsCount, Func`2 shouldRetry)
   at GitHub.Runner.Listener.MessageListener.GetNextMessageAsync(CancellationToken token)
   at GitHub.Runner.Listener.Runner.RunAsync(RunnerSettings settings, Boolean runOnce)
[2025-06-12 17:32:06Z INFO JobDispatcher] Shutting down JobDispatcher. Make sure all WorkerDispatcher has finished.
[2025-06-12 17:32:06Z INFO Runner] Deleting Runner Session...
[2025-06-12 17:32:07Z INFO Listener] Runner execution has finished with return code 3
