[2025-05-12 08:19:46Z INFO HostContext] No proxy settings were found based on environmental variables (http_proxy/https_proxy/HTTP_PROXY/HTTPS_PROXY)
[2025-05-12 08:19:46Z INFO HostContext] Well known directory 'Bin': 'D:\BS(CS)\Flux\actions-runner\bin'
[2025-05-12 08:19:46Z INFO HostContext] Well known directory 'Root': 'D:\BS(CS)\Flux\actions-runner'
[2025-05-12 08:19:46Z INFO HostContext] Well known config file 'Credentials': 'D:\BS(CS)\Flux\actions-runner\.credentials'
[2025-05-12 08:19:46Z INFO HostContext] Well known directory 'Bin': 'D:\BS(CS)\Flux\actions-runner\bin'
[2025-05-12 08:19:46Z INFO HostContext] Well known directory 'Root': 'D:\BS(CS)\Flux\actions-runner'
[2025-05-12 08:19:46Z INFO HostContext] Well known config file 'Runner': 'D:\BS(CS)\Flux\actions-runner\.runner'
[2025-05-12 08:19:46Z INFO Listener] Runner is built for Windows (X64) - win-x64.
[2025-05-12 08:19:46Z INFO Listener] RuntimeInformation: Microsoft Windows 10.0.26100.
[2025-05-12 08:19:46Z INFO Listener] Version: 2.317.0
[2025-05-12 08:19:46Z INFO Listener] Commit: 6dc005ee3690a0303e0d7269b6f60295d22dcfad
[2025-05-12 08:19:46Z INFO Listener] Culture: en-PK
[2025-05-12 08:19:46Z INFO Listener] UI Culture: en-US
[2025-05-12 08:19:46Z INFO HostContext] Well known directory 'Bin': 'D:\BS(CS)\Flux\actions-runner\bin'
[2025-05-12 08:19:46Z INFO HostContext] Well known directory 'Root': 'D:\BS(CS)\Flux\actions-runner'
[2025-05-12 08:19:46Z INFO Listener] Validating directory permissions for: 'D:\BS(CS)\Flux\actions-runner'
[2025-05-12 08:19:46Z INFO CommandLineParser] Parse
[2025-05-12 08:19:46Z INFO CommandLineParser] Parsing 1 args
[2025-05-12 08:19:46Z INFO CommandLineParser] parsing argument
[2025-05-12 08:19:46Z INFO CommandLineParser] HasArgs: False
[2025-05-12 08:19:46Z INFO CommandLineParser] Adding Command: run
[2025-05-12 08:19:46Z INFO Listener] Arguments parsed
[2025-05-12 08:19:46Z INFO Runner] ExecuteCommand
[2025-05-12 08:19:46Z INFO ConfigurationStore] currentAssemblyLocation: D:\BS(CS)\Flux\actions-runner\bin\Runner.Listener.dll
[2025-05-12 08:19:46Z INFO HostContext] Well known directory 'Bin': 'D:\BS(CS)\Flux\actions-runner\bin'
[2025-05-12 08:19:46Z INFO ConfigurationStore] binPath: D:\BS(CS)\Flux\actions-runner\bin
[2025-05-12 08:19:46Z INFO HostContext] Well known directory 'Bin': 'D:\BS(CS)\Flux\actions-runner\bin'
[2025-05-12 08:19:46Z INFO HostContext] Well known directory 'Root': 'D:\BS(CS)\Flux\actions-runner'
[2025-05-12 08:19:46Z INFO ConfigurationStore] RootFolder: D:\BS(CS)\Flux\actions-runner
[2025-05-12 08:19:46Z INFO HostContext] Well known directory 'Bin': 'D:\BS(CS)\Flux\actions-runner\bin'
[2025-05-12 08:19:46Z INFO HostContext] Well known directory 'Root': 'D:\BS(CS)\Flux\actions-runner'
[2025-05-12 08:19:46Z INFO HostContext] Well known config file 'Runner': 'D:\BS(CS)\Flux\actions-runner\.runner'
[2025-05-12 08:19:46Z INFO ConfigurationStore] ConfigFilePath: D:\BS(CS)\Flux\actions-runner\.runner
[2025-05-12 08:19:46Z INFO HostContext] Well known directory 'Bin': 'D:\BS(CS)\Flux\actions-runner\bin'
[2025-05-12 08:19:46Z INFO HostContext] Well known directory 'Root': 'D:\BS(CS)\Flux\actions-runner'
[2025-05-12 08:19:46Z INFO HostContext] Well known config file 'Credentials': 'D:\BS(CS)\Flux\actions-runner\.credentials'
[2025-05-12 08:19:46Z INFO ConfigurationStore] CredFilePath: D:\BS(CS)\Flux\actions-runner\.credentials
[2025-05-12 08:19:46Z INFO HostContext] Well known directory 'Bin': 'D:\BS(CS)\Flux\actions-runner\bin'
[2025-05-12 08:19:46Z INFO HostContext] Well known directory 'Root': 'D:\BS(CS)\Flux\actions-runner'
[2025-05-12 08:19:46Z INFO HostContext] Well known config file 'MigratedCredentials': 'D:\BS(CS)\Flux\actions-runner\.credentials_migrated'
[2025-05-12 08:19:46Z INFO ConfigurationStore] MigratedCredFilePath: D:\BS(CS)\Flux\actions-runner\.credentials_migrated
[2025-05-12 08:19:46Z INFO HostContext] Well known directory 'Bin': 'D:\BS(CS)\Flux\actions-runner\bin'
[2025-05-12 08:19:46Z INFO HostContext] Well known directory 'Root': 'D:\BS(CS)\Flux\actions-runner'
[2025-05-12 08:19:46Z INFO HostContext] Well known config file 'Service': 'D:\BS(CS)\Flux\actions-runner\.service'
[2025-05-12 08:19:46Z INFO ConfigurationStore] ServiceConfigFilePath: D:\BS(CS)\Flux\actions-runner\.service
[2025-05-12 08:19:46Z INFO CommandSettings] Flag 'help': 'False'
[2025-05-12 08:19:46Z INFO CommandSettings] Flag 'version': 'False'
[2025-05-12 08:19:46Z INFO CommandSettings] Flag 'commit': 'False'
[2025-05-12 08:19:46Z INFO CommandSettings] Flag 'check': 'False'
[2025-05-12 08:19:46Z INFO CommandSettings] Command 'configure': 'False'
[2025-05-12 08:19:46Z INFO CommandSettings] Command 'remove': 'False'
[2025-05-12 08:19:46Z INFO CommandSettings] Command 'warmup': 'False'
[2025-05-12 08:19:46Z INFO ConfigurationManager] LoadSettings
[2025-05-12 08:19:46Z INFO ConfigurationStore] IsConfigured()
[2025-05-12 08:19:46Z INFO ConfigurationStore] IsConfigured: True
[2025-05-12 08:19:46Z INFO ConfigurationManager] Is configured: True
[2025-05-12 08:19:46Z INFO ConfigurationStore] Read setting file: 305 chars
[2025-05-12 08:19:46Z INFO ConfigurationManager] Settings Loaded
[2025-05-12 08:19:46Z INFO ConfigurationStore] IsServiceConfigured()
[2025-05-12 08:19:46Z INFO ConfigurationStore] IsServiceConfigured: False
[2025-05-12 08:19:46Z INFO CommandSettings] Command 'run': 'True'
[2025-05-12 08:19:46Z INFO ConfigurationStore] IsConfigured()
[2025-05-12 08:19:46Z INFO ConfigurationStore] IsConfigured: True
[2025-05-12 08:19:46Z INFO ConfigurationManager] Is configured: True
[2025-05-12 08:19:46Z INFO Runner] Could not parse the argument value '' for StartupType. Defaulting to Manual
[2025-05-12 08:19:46Z INFO Runner] Set runner startup type - Manual
[2025-05-12 08:19:46Z INFO CommandSettings] Flag 'once': 'False'
[2025-05-12 08:19:46Z INFO CommandSettings] Flag 'once': 'False'
[2025-05-12 08:19:46Z INFO Runner] RunAsync
[2025-05-12 08:19:46Z INFO ConfigurationManager] LoadSettings
[2025-05-12 08:19:46Z INFO ConfigurationStore] IsConfigured()
[2025-05-12 08:19:46Z INFO ConfigurationStore] IsConfigured: True
[2025-05-12 08:19:46Z INFO ConfigurationManager] Is configured: True
[2025-05-12 08:19:46Z INFO ConfigurationManager] Settings Loaded
[2025-05-12 08:19:46Z INFO MessageListener] {
  "AgentId": 21,
  "AgentName": "DESKTOP-J3BA5A9",
  "PoolId": 1,
  "PoolName": "Default",
  "ServerUrl": "https://pipelinesghubeus2.actions.githubusercontent.com/Tj8oyLxS2V68oiAJ5roUiyLEH828d1rIBuV9k9I67M0dMiqWfk/",
  "GitHubUrl": "https://github.com/mUsman2003/Flux",
  "WorkFolder": "_work"
}
[2025-05-12 08:19:46Z INFO MessageListener] Loading Credentials
[2025-05-12 08:19:46Z INFO ConfigurationStore] HasCredentials()
[2025-05-12 08:19:46Z INFO ConfigurationStore] stored True
[2025-05-12 08:19:46Z INFO CredentialManager] GetCredentialProvider
[2025-05-12 08:19:46Z INFO CredentialManager] Creating type OAuth
[2025-05-12 08:19:46Z INFO CredentialManager] Creating credential type: OAuth
[2025-05-12 08:19:46Z INFO HostContext] Well known directory 'Bin': 'D:\BS(CS)\Flux\actions-runner\bin'
[2025-05-12 08:19:46Z INFO HostContext] Well known directory 'Root': 'D:\BS(CS)\Flux\actions-runner'
[2025-05-12 08:19:46Z INFO HostContext] Well known config file 'RSACredentials': 'D:\BS(CS)\Flux\actions-runner\.credentials_rsaparams'
[2025-05-12 08:19:46Z INFO RSAEncryptedFileKeyManager] Loading RSA key parameters from file D:\BS(CS)\Flux\actions-runner\.credentials_rsaparams
[2025-05-12 08:19:46Z INFO MessageListener] Attempt to create session.
[2025-05-12 08:19:46Z INFO MessageListener] Connecting to the Runner Server...
[2025-05-12 08:19:46Z INFO RunnerServer] EstablishVssConnection
[2025-05-12 08:19:46Z INFO RunnerServer] Establish connection with 100 seconds timeout.
[2025-05-12 08:19:46Z INFO GitHubActionsService] Starting operation Location.GetConnectionData
[2025-05-12 08:19:46Z INFO RunnerServer] EstablishVssConnection
[2025-05-12 08:19:46Z INFO RunnerServer] Establish connection with 60 seconds timeout.
[2025-05-12 08:19:46Z INFO GitHubActionsService] Starting operation Location.GetConnectionData
[2025-05-12 08:19:46Z INFO RunnerServer] EstablishVssConnection
[2025-05-12 08:19:46Z INFO RunnerServer] Establish connection with 60 seconds timeout.
[2025-05-12 08:19:46Z INFO GitHubActionsService] Starting operation Location.GetConnectionData
[2025-05-12 08:19:48Z INFO GitHubActionsService] Finished operation Location.GetConnectionData
[2025-05-12 08:19:48Z INFO GitHubActionsService] Finished operation Location.GetConnectionData
[2025-05-12 08:19:48Z INFO GitHubActionsService] Finished operation Location.GetConnectionData
[2025-05-12 08:19:48Z INFO MessageListener] VssConnection created
[2025-05-12 08:19:48Z INFO Terminal] WRITE LINE: 
[2025-05-12 08:19:48Z INFO Terminal] WRITE LINE: 
[2025-05-12 08:19:48Z INFO RSAEncryptedFileKeyManager] Loading RSA key parameters from file D:\BS(CS)\Flux\actions-runner\.credentials_rsaparams
[2025-05-12 08:19:48Z INFO RSAEncryptedFileKeyManager] Loading RSA key parameters from file D:\BS(CS)\Flux\actions-runner\.credentials_rsaparams
[2025-05-12 08:19:49Z INFO GitHubActionsService] AAD Correlation ID for this token request: Unknown
[2025-05-12 08:19:50Z INFO MessageListener] Session created.
[2025-05-12 08:19:50Z INFO Terminal] WRITE LINE: Current runner version: '2.317.0'
[2025-05-12 08:19:50Z INFO Terminal] WRITE LINE: 2025-05-12 08:19:50Z: Listening for Jobs
[2025-05-12 08:19:50Z INFO JobDispatcher] Set runner/worker IPC timeout to 30 seconds.
[2025-05-12 08:19:50Z INFO MessageListener] BrokerMigration message received. Polling Broker for messages...
[2025-05-12 08:19:50Z INFO RSAEncryptedFileKeyManager] Loading RSA key parameters from file D:\BS(CS)\Flux\actions-runner\.credentials_rsaparams
[2025-05-12 08:19:51Z INFO GitHubActionsService] AAD Correlation ID for this token request: Unknown
[2025-05-12 08:20:43Z INFO MessageListener] BrokerMigration message received. Polling Broker for messages...
[2025-05-12 08:20:43Z INFO MessageListener] Message '0' received from session 'f062db03-24c7-41b7-96c8-a1a6d5d9d485'.
[2025-05-12 08:20:43Z INFO Runner] Refresh message received, kick-off selfupdate background process.
[2025-05-12 08:20:43Z INFO SelfUpdater] Version '2.323.0' of 'agent' package available in server.
[2025-05-12 08:20:43Z INFO SelfUpdater] Current running runner version is 2.317.0
[2025-05-12 08:20:43Z INFO SelfUpdater] An update is available.
[2025-05-12 08:20:43Z INFO Terminal] WRITE LINE: Runner update in progress, do not shutdown runner.
[2025-05-12 08:20:43Z INFO SelfUpdater] RunnerPlatform: win-x64
[2025-05-12 08:20:44Z INFO Terminal] WRITE LINE: Downloading 2.323.0 runner
[2025-05-12 08:20:44Z INFO HostContext] Well known directory 'Bin': 'D:\BS(CS)\Flux\actions-runner\bin'
[2025-05-12 08:20:44Z INFO HostContext] Well known directory 'Root': 'D:\BS(CS)\Flux\actions-runner'
[2025-05-12 08:20:44Z INFO HostContext] Well known directory 'Work': 'D:\BS(CS)\Flux\actions-runner\_work'
[2025-05-12 08:20:44Z INFO SelfUpdater] Attempt 1: save latest runner into D:\BS(CS)\Flux\actions-runner\_work\_update\runner1.zip.
[2025-05-12 08:20:44Z INFO SelfUpdater] Download runner: begin download
[2025-05-12 08:20:44Z INFO SelfUpdater] Downloading https://github.com/actions/runner/releases/download/v2.323.0/actions-runner-win-x64-2.323.0.zip
[2025-05-12 08:20:45Z INFO MessageListener] BrokerMigration message received. Polling Broker for messages...
[2025-05-12 08:21:35Z INFO MessageListener] BrokerMigration message received. Polling Broker for messages...
[2025-05-12 08:22:26Z INFO MessageListener] BrokerMigration message received. Polling Broker for messages...
[2025-05-12 08:23:17Z INFO MessageListener] BrokerMigration message received. Polling Broker for messages...
[2025-05-12 08:23:52Z INFO MessageListener] Message '7524825017630793358' received from session 'f062db03-24c7-41b7-96c8-a1a6d5d9d485'.
[2025-05-12 08:23:52Z INFO Runner] Skip message deletion for job request message '7524825017630793358'.
[2025-05-12 08:23:52Z INFO MessageListener] BrokerMigration message received. Polling Broker for messages...
[2025-05-12 08:23:52Z INFO MessageListener] Message '7883016568511560012' received from session 'f062db03-24c7-41b7-96c8-a1a6d5d9d485'.
[2025-05-12 08:23:52Z INFO Runner] Skip message deletion for job request message '7883016568511560012'.
[2025-05-12 08:23:53Z INFO MessageListener] BrokerMigration message received. Polling Broker for messages...
[2025-05-12 08:23:53Z INFO MessageListener] Message '8620466703666092107' received from session 'f062db03-24c7-41b7-96c8-a1a6d5d9d485'.
[2025-05-12 08:23:53Z INFO Runner] Skip message deletion for job request message '8620466703666092107'.
[2025-05-12 08:23:53Z INFO MessageListener] BrokerMigration message received. Polling Broker for messages...
[2025-05-12 08:23:54Z INFO MessageListener] Message '1393317670249336285' received from session 'f062db03-24c7-41b7-96c8-a1a6d5d9d485'.
[2025-05-12 08:23:54Z INFO Runner] Skip message deletion for job request message '1393317670249336285'.
[2025-05-12 08:23:54Z INFO MessageListener] BrokerMigration message received. Polling Broker for messages...
[2025-05-12 08:23:55Z INFO MessageListener] Message '7730393469394600791' received from session 'f062db03-24c7-41b7-96c8-a1a6d5d9d485'.
[2025-05-12 08:23:55Z INFO Runner] Skip message deletion for job request message '7730393469394600791'.
[2025-05-12 08:23:55Z INFO MessageListener] BrokerMigration message received. Polling Broker for messages...
[2025-05-12 08:23:56Z INFO MessageListener] Message '5617362660885083803' received from session 'f062db03-24c7-41b7-96c8-a1a6d5d9d485'.
[2025-05-12 08:23:56Z INFO Runner] Skip message deletion for job request message '5617362660885083803'.
[2025-05-12 08:23:56Z INFO MessageListener] BrokerMigration message received. Polling Broker for messages...
[2025-05-12 08:23:56Z INFO MessageListener] Message '1207880831459331165' received from session 'f062db03-24c7-41b7-96c8-a1a6d5d9d485'.
[2025-05-12 08:23:56Z INFO Runner] Skip message deletion for job request message '1207880831459331165'.
[2025-05-12 08:23:57Z INFO MessageListener] BrokerMigration message received. Polling Broker for messages...
[2025-05-12 08:23:57Z INFO MessageListener] Message '2691205095277074720' received from session 'f062db03-24c7-41b7-96c8-a1a6d5d9d485'.
[2025-05-12 08:23:57Z INFO Runner] Skip message deletion for job request message '2691205095277074720'.
[2025-05-12 08:23:57Z INFO MessageListener] BrokerMigration message received. Polling Broker for messages...
[2025-05-12 08:23:58Z INFO MessageListener] Message '6503041981455309064' received from session 'f062db03-24c7-41b7-96c8-a1a6d5d9d485'.
[2025-05-12 08:23:58Z INFO Runner] Skip message deletion for job request message '6503041981455309064'.
[2025-05-12 08:23:58Z INFO MessageListener] BrokerMigration message received. Polling Broker for messages...
[2025-05-12 08:23:59Z INFO MessageListener] Message '4815323734884253711' received from session 'f062db03-24c7-41b7-96c8-a1a6d5d9d485'.
[2025-05-12 08:23:59Z INFO Runner] Skip message deletion for job request message '4815323734884253711'.
[2025-05-12 08:23:59Z INFO MessageListener] BrokerMigration message received. Polling Broker for messages...
[2025-05-12 08:23:59Z INFO MessageListener] Message '2733070448304761876' received from session 'f062db03-24c7-41b7-96c8-a1a6d5d9d485'.
[2025-05-12 08:23:59Z INFO Runner] Skip message deletion for job request message '2733070448304761876'.
[2025-05-12 08:24:00Z INFO MessageListener] BrokerMigration message received. Polling Broker for messages...
[2025-05-12 08:24:00Z INFO MessageListener] Message '5216905846746182097' received from session 'f062db03-24c7-41b7-96c8-a1a6d5d9d485'.
[2025-05-12 08:24:00Z INFO Runner] Skip message deletion for job request message '5216905846746182097'.
[2025-05-12 08:24:00Z INFO MessageListener] BrokerMigration message received. Polling Broker for messages...
[2025-05-12 08:24:01Z INFO MessageListener] Message '7890884119156227448' received from session 'f062db03-24c7-41b7-96c8-a1a6d5d9d485'.
[2025-05-12 08:24:01Z INFO Runner] Skip message deletion for job request message '7890884119156227448'.
[2025-05-12 08:24:01Z INFO MessageListener] BrokerMigration message received. Polling Broker for messages...
[2025-05-12 08:24:02Z INFO MessageListener] Message '5877298562423375712' received from session 'f062db03-24c7-41b7-96c8-a1a6d5d9d485'.
[2025-05-12 08:24:02Z INFO Runner] Skip message deletion for job request message '5877298562423375712'.
[2025-05-12 08:24:02Z INFO MessageListener] BrokerMigration message received. Polling Broker for messages...
[2025-05-12 08:24:03Z INFO MessageListener] Message '1403464203581503976' received from session 'f062db03-24c7-41b7-96c8-a1a6d5d9d485'.
[2025-05-12 08:24:03Z INFO Runner] Skip message deletion for job request message '1403464203581503976'.
[2025-05-12 08:24:03Z INFO MessageListener] BrokerMigration message received. Polling Broker for messages...
[2025-05-12 08:24:03Z INFO MessageListener] Message '3977370575547295643' received from session 'f062db03-24c7-41b7-96c8-a1a6d5d9d485'.
[2025-05-12 08:24:03Z INFO Runner] Skip message deletion for job request message '3977370575547295643'.
[2025-05-12 08:24:04Z INFO MessageListener] BrokerMigration message received. Polling Broker for messages...
[2025-05-12 08:24:04Z INFO MessageListener] Message '1781323841918279051' received from session 'f062db03-24c7-41b7-96c8-a1a6d5d9d485'.
[2025-05-12 08:24:04Z INFO Runner] Skip message deletion for job request message '1781323841918279051'.
[2025-05-12 08:24:04Z INFO MessageListener] BrokerMigration message received. Polling Broker for messages...
[2025-05-12 08:24:05Z INFO MessageListener] Message '224599363846842104' received from session 'f062db03-24c7-41b7-96c8-a1a6d5d9d485'.
[2025-05-12 08:24:05Z INFO Runner] Skip message deletion for job request message '224599363846842104'.
[2025-05-12 08:24:05Z INFO MessageListener] BrokerMigration message received. Polling Broker for messages...
[2025-05-12 08:24:06Z INFO MessageListener] Message '2721907840970951928' received from session 'f062db03-24c7-41b7-96c8-a1a6d5d9d485'.
[2025-05-12 08:24:06Z INFO Runner] Skip message deletion for job request message '2721907840970951928'.
[2025-05-12 08:24:06Z INFO MessageListener] BrokerMigration message received. Polling Broker for messages...
[2025-05-12 08:24:07Z INFO MessageListener] Message '6870999819035966933' received from session 'f062db03-24c7-41b7-96c8-a1a6d5d9d485'.
[2025-05-12 08:24:07Z INFO Runner] Skip message deletion for job request message '6870999819035966933'.
[2025-05-12 08:24:07Z INFO MessageListener] BrokerMigration message received. Polling Broker for messages...
[2025-05-12 08:24:08Z INFO MessageListener] Message '101922972980601241' received from session 'f062db03-24c7-41b7-96c8-a1a6d5d9d485'.
[2025-05-12 08:24:08Z INFO Runner] Skip message deletion for job request message '101922972980601241'.
[2025-05-12 08:24:08Z INFO MessageListener] BrokerMigration message received. Polling Broker for messages...
[2025-05-12 08:24:08Z INFO MessageListener] Message '5233958274173193257' received from session 'f062db03-24c7-41b7-96c8-a1a6d5d9d485'.
[2025-05-12 08:24:08Z INFO Runner] Skip message deletion for job request message '5233958274173193257'.
[2025-05-12 08:24:09Z INFO MessageListener] BrokerMigration message received. Polling Broker for messages...
[2025-05-12 08:24:09Z INFO MessageListener] Message '4392595716501175838' received from session 'f062db03-24c7-41b7-96c8-a1a6d5d9d485'.
[2025-05-12 08:24:09Z INFO Runner] Skip message deletion for job request message '4392595716501175838'.
[2025-05-12 08:24:10Z INFO MessageListener] BrokerMigration message received. Polling Broker for messages...
[2025-05-12 08:24:10Z INFO MessageListener] Message '7007308820643257259' received from session 'f062db03-24c7-41b7-96c8-a1a6d5d9d485'.
[2025-05-12 08:24:10Z INFO Runner] Skip message deletion for job request message '7007308820643257259'.
[2025-05-12 08:24:10Z INFO MessageListener] BrokerMigration message received. Polling Broker for messages...
[2025-05-12 08:24:11Z INFO MessageListener] Message '6453776587297493049' received from session 'f062db03-24c7-41b7-96c8-a1a6d5d9d485'.
[2025-05-12 08:24:11Z INFO Runner] Skip message deletion for job request message '6453776587297493049'.
[2025-05-12 08:24:11Z INFO MessageListener] BrokerMigration message received. Polling Broker for messages...
[2025-05-12 08:24:11Z INFO MessageListener] Message '6082887703657797045' received from session 'f062db03-24c7-41b7-96c8-a1a6d5d9d485'.
[2025-05-12 08:24:11Z INFO Runner] Skip message deletion for job request message '6082887703657797045'.
[2025-05-12 08:24:12Z INFO MessageListener] BrokerMigration message received. Polling Broker for messages...
[2025-05-12 08:24:12Z INFO MessageListener] Message '8380165124131331879' received from session 'f062db03-24c7-41b7-96c8-a1a6d5d9d485'.
[2025-05-12 08:24:12Z INFO Runner] Skip message deletion for job request message '8380165124131331879'.
[2025-05-12 08:24:13Z INFO MessageListener] BrokerMigration message received. Polling Broker for messages...
[2025-05-12 08:24:13Z INFO MessageListener] Message '1602732919480626295' received from session 'f062db03-24c7-41b7-96c8-a1a6d5d9d485'.
[2025-05-12 08:24:13Z INFO Runner] Skip message deletion for job request message '1602732919480626295'.
[2025-05-12 08:24:13Z INFO MessageListener] BrokerMigration message received. Polling Broker for messages...
[2025-05-12 08:24:14Z INFO MessageListener] Message '3192572505057308168' received from session 'f062db03-24c7-41b7-96c8-a1a6d5d9d485'.
[2025-05-12 08:24:14Z INFO Runner] Skip message deletion for job request message '3192572505057308168'.
[2025-05-12 08:24:14Z INFO MessageListener] BrokerMigration message received. Polling Broker for messages...
[2025-05-12 08:24:15Z INFO MessageListener] Message '3772802161015954816' received from session 'f062db03-24c7-41b7-96c8-a1a6d5d9d485'.
[2025-05-12 08:24:15Z INFO Runner] Skip message deletion for job request message '3772802161015954816'.
[2025-05-12 08:24:15Z INFO MessageListener] BrokerMigration message received. Polling Broker for messages...
[2025-05-12 08:24:15Z INFO MessageListener] Message '4715783281325385133' received from session 'f062db03-24c7-41b7-96c8-a1a6d5d9d485'.
[2025-05-12 08:24:15Z INFO Runner] Skip message deletion for job request message '4715783281325385133'.
[2025-05-12 08:24:16Z INFO MessageListener] BrokerMigration message received. Polling Broker for messages...
[2025-05-12 08:24:16Z INFO MessageListener] Message '4674037325735703142' received from session 'f062db03-24c7-41b7-96c8-a1a6d5d9d485'.
[2025-05-12 08:24:16Z INFO Runner] Skip message deletion for job request message '4674037325735703142'.
[2025-05-12 08:24:16Z INFO MessageListener] BrokerMigration message received. Polling Broker for messages...
[2025-05-12 08:24:17Z INFO MessageListener] Message '2637926714553007397' received from session 'f062db03-24c7-41b7-96c8-a1a6d5d9d485'.
[2025-05-12 08:24:17Z INFO Runner] Skip message deletion for job request message '2637926714553007397'.
[2025-05-12 08:24:17Z INFO MessageListener] BrokerMigration message received. Polling Broker for messages...
[2025-05-12 08:24:18Z INFO MessageListener] Message '4151065875661308469' received from session 'f062db03-24c7-41b7-96c8-a1a6d5d9d485'.
[2025-05-12 08:24:18Z INFO Runner] Skip message deletion for job request message '4151065875661308469'.
[2025-05-12 08:24:18Z INFO MessageListener] BrokerMigration message received. Polling Broker for messages...
[2025-05-12 08:24:18Z INFO MessageListener] Message '7038124985754719690' received from session 'f062db03-24c7-41b7-96c8-a1a6d5d9d485'.
[2025-05-12 08:24:18Z INFO Runner] Skip message deletion for job request message '7038124985754719690'.
[2025-05-12 08:24:19Z INFO MessageListener] BrokerMigration message received. Polling Broker for messages...
[2025-05-12 08:24:19Z INFO MessageListener] Message '9097069706660329265' received from session 'f062db03-24c7-41b7-96c8-a1a6d5d9d485'.
[2025-05-12 08:24:19Z INFO Runner] Skip message deletion for job request message '9097069706660329265'.
[2025-05-12 08:24:19Z INFO MessageListener] BrokerMigration message received. Polling Broker for messages...
[2025-05-12 08:24:20Z INFO MessageListener] Message '529133680402111616' received from session 'f062db03-24c7-41b7-96c8-a1a6d5d9d485'.
[2025-05-12 08:24:20Z INFO Runner] Skip message deletion for job request message '529133680402111616'.
[2025-05-12 08:24:20Z INFO MessageListener] BrokerMigration message received. Polling Broker for messages...
[2025-05-12 08:24:21Z INFO MessageListener] Message '1665481432439382573' received from session 'f062db03-24c7-41b7-96c8-a1a6d5d9d485'.
[2025-05-12 08:24:21Z INFO Runner] Skip message deletion for job request message '1665481432439382573'.
[2025-05-12 08:24:21Z INFO MessageListener] BrokerMigration message received. Polling Broker for messages...
[2025-05-12 08:24:21Z INFO MessageListener] Message '1671272305848052798' received from session 'f062db03-24c7-41b7-96c8-a1a6d5d9d485'.
[2025-05-12 08:24:21Z INFO Runner] Skip message deletion for job request message '1671272305848052798'.
[2025-05-12 08:24:22Z INFO MessageListener] BrokerMigration message received. Polling Broker for messages...
[2025-05-12 08:24:22Z INFO MessageListener] Message '2068713037668703420' received from session 'f062db03-24c7-41b7-96c8-a1a6d5d9d485'.
[2025-05-12 08:24:22Z INFO Runner] Skip message deletion for job request message '2068713037668703420'.
[2025-05-12 08:24:23Z INFO MessageListener] BrokerMigration message received. Polling Broker for messages...
[2025-05-12 08:24:23Z INFO MessageListener] Message '6170653053462271826' received from session 'f062db03-24c7-41b7-96c8-a1a6d5d9d485'.
[2025-05-12 08:24:23Z INFO Runner] Skip message deletion for job request message '6170653053462271826'.
[2025-05-12 08:24:23Z INFO MessageListener] BrokerMigration message received. Polling Broker for messages...
[2025-05-12 08:24:24Z INFO MessageListener] Message '6517639997368055635' received from session 'f062db03-24c7-41b7-96c8-a1a6d5d9d485'.
[2025-05-12 08:24:24Z INFO Runner] Skip message deletion for job request message '6517639997368055635'.
[2025-05-12 08:24:24Z INFO MessageListener] BrokerMigration message received. Polling Broker for messages...
[2025-05-12 08:24:24Z INFO MessageListener] Message '1291157349702835153' received from session 'f062db03-24c7-41b7-96c8-a1a6d5d9d485'.
[2025-05-12 08:24:24Z INFO Runner] Skip message deletion for job request message '1291157349702835153'.
[2025-05-12 08:24:25Z INFO MessageListener] BrokerMigration message received. Polling Broker for messages...
[2025-05-12 08:24:25Z INFO MessageListener] Message '7712999639529807751' received from session 'f062db03-24c7-41b7-96c8-a1a6d5d9d485'.
[2025-05-12 08:24:25Z INFO Runner] Skip message deletion for job request message '7712999639529807751'.
[2025-05-12 08:24:26Z INFO MessageListener] BrokerMigration message received. Polling Broker for messages...
[2025-05-12 08:24:26Z INFO MessageListener] Message '6981086645565935967' received from session 'f062db03-24c7-41b7-96c8-a1a6d5d9d485'.
[2025-05-12 08:24:26Z INFO Runner] Skip message deletion for job request message '6981086645565935967'.
[2025-05-12 08:24:26Z INFO MessageListener] BrokerMigration message received. Polling Broker for messages...
[2025-05-12 08:24:27Z INFO MessageListener] Message '7671978655841072075' received from session 'f062db03-24c7-41b7-96c8-a1a6d5d9d485'.
[2025-05-12 08:24:27Z INFO Runner] Skip message deletion for job request message '7671978655841072075'.
[2025-05-12 08:24:27Z INFO MessageListener] BrokerMigration message received. Polling Broker for messages...
[2025-05-12 08:24:27Z INFO MessageListener] Message '4395283587348856818' received from session 'f062db03-24c7-41b7-96c8-a1a6d5d9d485'.
[2025-05-12 08:24:27Z INFO Runner] Skip message deletion for job request message '4395283587348856818'.
[2025-05-12 08:24:28Z INFO MessageListener] BrokerMigration message received. Polling Broker for messages...
[2025-05-12 08:24:28Z INFO MessageListener] Message '3499024119812793260' received from session 'f062db03-24c7-41b7-96c8-a1a6d5d9d485'.
[2025-05-12 08:24:28Z INFO Runner] Skip message deletion for job request message '3499024119812793260'.
[2025-05-12 08:24:29Z INFO MessageListener] BrokerMigration message received. Polling Broker for messages...
[2025-05-12 08:24:29Z INFO MessageListener] Message '1720048662682587090' received from session 'f062db03-24c7-41b7-96c8-a1a6d5d9d485'.
[2025-05-12 08:24:29Z INFO Runner] Skip message deletion for job request message '1720048662682587090'.
[2025-05-12 08:24:29Z INFO MessageListener] BrokerMigration message received. Polling Broker for messages...
[2025-05-12 08:24:30Z INFO MessageListener] Message '8861321048653930848' received from session 'f062db03-24c7-41b7-96c8-a1a6d5d9d485'.
[2025-05-12 08:24:30Z INFO Runner] Skip message deletion for job request message '8861321048653930848'.
[2025-05-12 08:24:30Z INFO MessageListener] BrokerMigration message received. Polling Broker for messages...
[2025-05-12 08:24:30Z INFO MessageListener] Message '6087977799242523886' received from session 'f062db03-24c7-41b7-96c8-a1a6d5d9d485'.
[2025-05-12 08:24:30Z INFO Runner] Skip message deletion for job request message '6087977799242523886'.
[2025-05-12 08:24:31Z INFO MessageListener] BrokerMigration message received. Polling Broker for messages...
[2025-05-12 08:24:31Z INFO MessageListener] Message '684860995047288290' received from session 'f062db03-24c7-41b7-96c8-a1a6d5d9d485'.
[2025-05-12 08:24:31Z INFO Runner] Skip message deletion for job request message '684860995047288290'.
[2025-05-12 08:24:32Z INFO MessageListener] BrokerMigration message received. Polling Broker for messages...
[2025-05-12 08:24:32Z INFO MessageListener] Message '5768182141063731667' received from session 'f062db03-24c7-41b7-96c8-a1a6d5d9d485'.
[2025-05-12 08:24:32Z INFO Runner] Skip message deletion for job request message '5768182141063731667'.
[2025-05-12 08:24:32Z INFO MessageListener] BrokerMigration message received. Polling Broker for messages...
[2025-05-12 08:24:33Z INFO MessageListener] Message '3031805395907879367' received from session 'f062db03-24c7-41b7-96c8-a1a6d5d9d485'.
[2025-05-12 08:24:33Z INFO Runner] Skip message deletion for job request message '3031805395907879367'.
[2025-05-12 08:24:33Z INFO MessageListener] BrokerMigration message received. Polling Broker for messages...
[2025-05-12 08:24:34Z INFO MessageListener] Message '3139323129256483787' received from session 'f062db03-24c7-41b7-96c8-a1a6d5d9d485'.
[2025-05-12 08:24:34Z INFO Runner] Skip message deletion for job request message '3139323129256483787'.
[2025-05-12 08:24:34Z INFO MessageListener] BrokerMigration message received. Polling Broker for messages...
[2025-05-12 08:24:34Z INFO MessageListener] Message '64187319488239495' received from session 'f062db03-24c7-41b7-96c8-a1a6d5d9d485'.
[2025-05-12 08:24:34Z INFO Runner] Skip message deletion for job request message '64187319488239495'.
[2025-05-12 08:24:35Z INFO MessageListener] BrokerMigration message received. Polling Broker for messages...
[2025-05-12 08:24:35Z INFO MessageListener] Message '3599359937040526497' received from session 'f062db03-24c7-41b7-96c8-a1a6d5d9d485'.
[2025-05-12 08:24:35Z INFO Runner] Skip message deletion for job request message '3599359937040526497'.
[2025-05-12 08:24:35Z INFO MessageListener] BrokerMigration message received. Polling Broker for messages...
[2025-05-12 08:24:36Z INFO MessageListener] Message '3954260390675714079' received from session 'f062db03-24c7-41b7-96c8-a1a6d5d9d485'.
[2025-05-12 08:24:36Z INFO Runner] Skip message deletion for job request message '3954260390675714079'.
[2025-05-12 08:24:36Z INFO MessageListener] BrokerMigration message received. Polling Broker for messages...
[2025-05-12 08:24:37Z INFO MessageListener] Message '4292984374734312980' received from session 'f062db03-24c7-41b7-96c8-a1a6d5d9d485'.
[2025-05-12 08:24:37Z INFO Runner] Skip message deletion for job request message '4292984374734312980'.
[2025-05-12 08:24:37Z INFO MessageListener] BrokerMigration message received. Polling Broker for messages...
[2025-05-12 08:24:37Z INFO MessageListener] Message '8450439863458779266' received from session 'f062db03-24c7-41b7-96c8-a1a6d5d9d485'.
[2025-05-12 08:24:37Z INFO Runner] Skip message deletion for job request message '8450439863458779266'.
[2025-05-12 08:24:38Z INFO MessageListener] BrokerMigration message received. Polling Broker for messages...
[2025-05-12 08:24:38Z INFO MessageListener] Message '5684845499795494698' received from session 'f062db03-24c7-41b7-96c8-a1a6d5d9d485'.
[2025-05-12 08:24:38Z INFO Runner] Skip message deletion for job request message '5684845499795494698'.
[2025-05-12 08:24:38Z INFO MessageListener] BrokerMigration message received. Polling Broker for messages...
[2025-05-12 08:24:39Z INFO MessageListener] Message '7347150544247770357' received from session 'f062db03-24c7-41b7-96c8-a1a6d5d9d485'.
[2025-05-12 08:24:39Z INFO Runner] Skip message deletion for job request message '7347150544247770357'.
[2025-05-12 08:24:39Z INFO MessageListener] BrokerMigration message received. Polling Broker for messages...
[2025-05-12 08:24:40Z INFO MessageListener] Message '1979405390954987709' received from session 'f062db03-24c7-41b7-96c8-a1a6d5d9d485'.
[2025-05-12 08:24:40Z INFO Runner] Skip message deletion for job request message '1979405390954987709'.
[2025-05-12 08:24:40Z INFO MessageListener] BrokerMigration message received. Polling Broker for messages...
[2025-05-12 08:24:40Z INFO MessageListener] Message '5077558893833334388' received from session 'f062db03-24c7-41b7-96c8-a1a6d5d9d485'.
[2025-05-12 08:24:40Z INFO Runner] Skip message deletion for job request message '5077558893833334388'.
[2025-05-12 08:24:41Z INFO MessageListener] BrokerMigration message received. Polling Broker for messages...
[2025-05-12 08:24:41Z INFO MessageListener] Message '3272591773032241310' received from session 'f062db03-24c7-41b7-96c8-a1a6d5d9d485'.
[2025-05-12 08:24:41Z INFO Runner] Skip message deletion for job request message '3272591773032241310'.
[2025-05-12 08:24:41Z INFO MessageListener] BrokerMigration message received. Polling Broker for messages...
[2025-05-12 08:24:42Z INFO MessageListener] Message '5165664476605269123' received from session 'f062db03-24c7-41b7-96c8-a1a6d5d9d485'.
[2025-05-12 08:24:42Z INFO Runner] Skip message deletion for job request message '5165664476605269123'.
[2025-05-12 08:24:42Z INFO MessageListener] BrokerMigration message received. Polling Broker for messages...
[2025-05-12 08:24:43Z INFO MessageListener] Message '4587224967061622466' received from session 'f062db03-24c7-41b7-96c8-a1a6d5d9d485'.
[2025-05-12 08:24:43Z INFO Runner] Skip message deletion for job request message '4587224967061622466'.
[2025-05-12 08:24:43Z INFO MessageListener] BrokerMigration message received. Polling Broker for messages...
[2025-05-12 08:24:43Z INFO MessageListener] Message '6309545743489268715' received from session 'f062db03-24c7-41b7-96c8-a1a6d5d9d485'.
[2025-05-12 08:24:43Z INFO Runner] Skip message deletion for job request message '6309545743489268715'.
[2025-05-12 08:24:44Z INFO MessageListener] BrokerMigration message received. Polling Broker for messages...
[2025-05-12 08:24:44Z INFO MessageListener] Message '7571164186011258658' received from session 'f062db03-24c7-41b7-96c8-a1a6d5d9d485'.
[2025-05-12 08:24:44Z INFO Runner] Skip message deletion for job request message '7571164186011258658'.
[2025-05-12 08:24:45Z INFO MessageListener] BrokerMigration message received. Polling Broker for messages...
[2025-05-12 08:24:45Z INFO MessageListener] Message '699989241216450116' received from session 'f062db03-24c7-41b7-96c8-a1a6d5d9d485'.
[2025-05-12 08:24:45Z INFO Runner] Skip message deletion for job request message '699989241216450116'.
[2025-05-12 08:24:45Z INFO MessageListener] BrokerMigration message received. Polling Broker for messages...
[2025-05-12 08:24:46Z INFO MessageListener] Message '2044335649743707331' received from session 'f062db03-24c7-41b7-96c8-a1a6d5d9d485'.
[2025-05-12 08:24:46Z INFO Runner] Skip message deletion for job request message '2044335649743707331'.
[2025-05-12 08:24:46Z INFO MessageListener] BrokerMigration message received. Polling Broker for messages...
[2025-05-12 08:24:46Z INFO MessageListener] Message '7457371992449388777' received from session 'f062db03-24c7-41b7-96c8-a1a6d5d9d485'.
[2025-05-12 08:24:46Z INFO Runner] Skip message deletion for job request message '7457371992449388777'.
[2025-05-12 08:24:47Z INFO MessageListener] BrokerMigration message received. Polling Broker for messages...
[2025-05-12 08:24:47Z INFO MessageListener] Message '3513660111727982424' received from session 'f062db03-24c7-41b7-96c8-a1a6d5d9d485'.
[2025-05-12 08:24:47Z INFO Runner] Skip message deletion for job request message '3513660111727982424'.
[2025-05-12 08:24:48Z INFO MessageListener] BrokerMigration message received. Polling Broker for messages...
[2025-05-12 08:24:48Z INFO MessageListener] Message '5774191394604965335' received from session 'f062db03-24c7-41b7-96c8-a1a6d5d9d485'.
[2025-05-12 08:24:48Z INFO Runner] Skip message deletion for job request message '5774191394604965335'.
[2025-05-12 08:24:48Z INFO MessageListener] BrokerMigration message received. Polling Broker for messages...
[2025-05-12 08:24:49Z INFO MessageListener] Message '3318441098924449815' received from session 'f062db03-24c7-41b7-96c8-a1a6d5d9d485'.
[2025-05-12 08:24:49Z INFO Runner] Skip message deletion for job request message '3318441098924449815'.
[2025-05-12 08:24:49Z INFO MessageListener] BrokerMigration message received. Polling Broker for messages...
[2025-05-12 08:24:50Z INFO MessageListener] Message '4948657004069962954' received from session 'f062db03-24c7-41b7-96c8-a1a6d5d9d485'.
[2025-05-12 08:24:50Z INFO Runner] Skip message deletion for job request message '4948657004069962954'.
[2025-05-12 08:24:50Z INFO MessageListener] BrokerMigration message received. Polling Broker for messages...
[2025-05-12 08:24:50Z INFO MessageListener] Message '3432078461814856760' received from session 'f062db03-24c7-41b7-96c8-a1a6d5d9d485'.
[2025-05-12 08:24:50Z INFO Runner] Skip message deletion for job request message '3432078461814856760'.
[2025-05-12 08:24:51Z INFO MessageListener] BrokerMigration message received. Polling Broker for messages...
[2025-05-12 08:24:51Z INFO MessageListener] Message '4467782109480482645' received from session 'f062db03-24c7-41b7-96c8-a1a6d5d9d485'.
[2025-05-12 08:24:51Z INFO Runner] Skip message deletion for job request message '4467782109480482645'.
[2025-05-12 08:24:52Z INFO MessageListener] BrokerMigration message received. Polling Broker for messages...
[2025-05-12 08:24:52Z INFO MessageListener] Message '6056729516231487271' received from session 'f062db03-24c7-41b7-96c8-a1a6d5d9d485'.
[2025-05-12 08:24:52Z INFO Runner] Skip message deletion for job request message '6056729516231487271'.
[2025-05-12 08:24:52Z INFO MessageListener] BrokerMigration message received. Polling Broker for messages...
[2025-05-12 08:24:53Z INFO MessageListener] Message '2905755315246264965' received from session 'f062db03-24c7-41b7-96c8-a1a6d5d9d485'.
[2025-05-12 08:24:53Z INFO Runner] Skip message deletion for job request message '2905755315246264965'.
[2025-05-12 08:24:53Z INFO MessageListener] BrokerMigration message received. Polling Broker for messages...
[2025-05-12 08:24:53Z INFO MessageListener] Message '7218897623362965930' received from session 'f062db03-24c7-41b7-96c8-a1a6d5d9d485'.
[2025-05-12 08:24:53Z INFO Runner] Skip message deletion for job request message '7218897623362965930'.
[2025-05-12 08:24:54Z INFO MessageListener] BrokerMigration message received. Polling Broker for messages...
[2025-05-12 08:24:54Z INFO MessageListener] Message '9089099627429680128' received from session 'f062db03-24c7-41b7-96c8-a1a6d5d9d485'.
[2025-05-12 08:24:54Z INFO Runner] Skip message deletion for job request message '9089099627429680128'.
[2025-05-12 08:24:55Z INFO MessageListener] BrokerMigration message received. Polling Broker for messages...
[2025-05-12 08:24:55Z INFO MessageListener] Message '3053149328957948920' received from session 'f062db03-24c7-41b7-96c8-a1a6d5d9d485'.
[2025-05-12 08:24:55Z INFO Runner] Skip message deletion for job request message '3053149328957948920'.
[2025-05-12 08:24:55Z INFO MessageListener] BrokerMigration message received. Polling Broker for messages...
[2025-05-12 08:24:56Z INFO MessageListener] Message '3774837604521314664' received from session 'f062db03-24c7-41b7-96c8-a1a6d5d9d485'.
[2025-05-12 08:24:56Z INFO Runner] Skip message deletion for job request message '3774837604521314664'.
[2025-05-12 08:24:56Z INFO MessageListener] BrokerMigration message received. Polling Broker for messages...
[2025-05-12 08:24:56Z INFO MessageListener] Message '3801192133024560085' received from session 'f062db03-24c7-41b7-96c8-a1a6d5d9d485'.
[2025-05-12 08:24:56Z INFO Runner] Skip message deletion for job request message '3801192133024560085'.
[2025-05-12 08:24:57Z INFO MessageListener] BrokerMigration message received. Polling Broker for messages...
[2025-05-12 08:24:57Z INFO MessageListener] Message '1950262000873697418' received from session 'f062db03-24c7-41b7-96c8-a1a6d5d9d485'.
[2025-05-12 08:24:57Z INFO Runner] Skip message deletion for job request message '1950262000873697418'.
[2025-05-12 08:24:58Z INFO MessageListener] BrokerMigration message received. Polling Broker for messages...
[2025-05-12 08:24:58Z INFO MessageListener] Message '5791767374648525377' received from session 'f062db03-24c7-41b7-96c8-a1a6d5d9d485'.
[2025-05-12 08:24:58Z INFO Runner] Skip message deletion for job request message '5791767374648525377'.
[2025-05-12 08:24:58Z INFO MessageListener] BrokerMigration message received. Polling Broker for messages...
[2025-05-12 08:24:59Z INFO MessageListener] Message '3826860480283781187' received from session 'f062db03-24c7-41b7-96c8-a1a6d5d9d485'.
[2025-05-12 08:24:59Z INFO Runner] Skip message deletion for job request message '3826860480283781187'.
[2025-05-12 08:24:59Z INFO MessageListener] BrokerMigration message received. Polling Broker for messages...
[2025-05-12 08:25:00Z INFO MessageListener] Message '944690010588356064' received from session 'f062db03-24c7-41b7-96c8-a1a6d5d9d485'.
[2025-05-12 08:25:00Z INFO Runner] Skip message deletion for job request message '944690010588356064'.
[2025-05-12 08:25:00Z INFO MessageListener] BrokerMigration message received. Polling Broker for messages...
[2025-05-12 08:25:00Z INFO MessageListener] Message '4474239106057256655' received from session 'f062db03-24c7-41b7-96c8-a1a6d5d9d485'.
[2025-05-12 08:25:00Z INFO Runner] Skip message deletion for job request message '4474239106057256655'.
[2025-05-12 08:25:01Z INFO MessageListener] BrokerMigration message received. Polling Broker for messages...
[2025-05-12 08:25:01Z INFO MessageListener] Message '2093022738672123890' received from session 'f062db03-24c7-41b7-96c8-a1a6d5d9d485'.
[2025-05-12 08:25:01Z INFO Runner] Skip message deletion for job request message '2093022738672123890'.
[2025-05-12 08:25:01Z INFO MessageListener] BrokerMigration message received. Polling Broker for messages...
[2025-05-12 08:25:02Z INFO MessageListener] Message '1071735479519066051' received from session 'f062db03-24c7-41b7-96c8-a1a6d5d9d485'.
[2025-05-12 08:25:02Z INFO Runner] Skip message deletion for job request message '1071735479519066051'.
[2025-05-12 08:25:02Z INFO MessageListener] BrokerMigration message received. Polling Broker for messages...
[2025-05-12 08:25:03Z INFO MessageListener] Message '7381047377950195594' received from session 'f062db03-24c7-41b7-96c8-a1a6d5d9d485'.
[2025-05-12 08:25:03Z INFO Runner] Skip message deletion for job request message '7381047377950195594'.
[2025-05-12 08:25:03Z INFO MessageListener] BrokerMigration message received. Polling Broker for messages...
[2025-05-12 08:25:03Z INFO MessageListener] Message '4081088381009797038' received from session 'f062db03-24c7-41b7-96c8-a1a6d5d9d485'.
[2025-05-12 08:25:03Z INFO Runner] Skip message deletion for job request message '4081088381009797038'.
[2025-05-12 08:25:04Z INFO MessageListener] BrokerMigration message received. Polling Broker for messages...
[2025-05-12 08:25:04Z INFO MessageListener] Message '6217131899215043129' received from session 'f062db03-24c7-41b7-96c8-a1a6d5d9d485'.
[2025-05-12 08:25:04Z INFO Runner] Skip message deletion for job request message '6217131899215043129'.
[2025-05-12 08:25:04Z INFO MessageListener] BrokerMigration message received. Polling Broker for messages...
[2025-05-12 08:25:05Z INFO MessageListener] Message '5922181003894970042' received from session 'f062db03-24c7-41b7-96c8-a1a6d5d9d485'.
[2025-05-12 08:25:05Z INFO Runner] Skip message deletion for job request message '5922181003894970042'.
[2025-05-12 08:25:05Z INFO MessageListener] BrokerMigration message received. Polling Broker for messages...
[2025-05-12 08:25:06Z INFO MessageListener] Message '8791316563747839851' received from session 'f062db03-24c7-41b7-96c8-a1a6d5d9d485'.
[2025-05-12 08:25:06Z INFO Runner] Skip message deletion for job request message '8791316563747839851'.
[2025-05-12 08:25:06Z INFO MessageListener] BrokerMigration message received. Polling Broker for messages...
[2025-05-12 08:25:06Z INFO MessageListener] Message '2284754977503941356' received from session 'f062db03-24c7-41b7-96c8-a1a6d5d9d485'.
[2025-05-12 08:25:06Z INFO Runner] Skip message deletion for job request message '2284754977503941356'.
[2025-05-12 08:25:07Z INFO MessageListener] BrokerMigration message received. Polling Broker for messages...
[2025-05-12 08:25:07Z INFO MessageListener] Message '4632132326578342112' received from session 'f062db03-24c7-41b7-96c8-a1a6d5d9d485'.
[2025-05-12 08:25:07Z INFO Runner] Skip message deletion for job request message '4632132326578342112'.
[2025-05-12 08:25:08Z INFO MessageListener] BrokerMigration message received. Polling Broker for messages...
[2025-05-12 08:25:08Z INFO MessageListener] Message '6139399974596492609' received from session 'f062db03-24c7-41b7-96c8-a1a6d5d9d485'.
[2025-05-12 08:25:08Z INFO Runner] Skip message deletion for job request message '6139399974596492609'.
[2025-05-12 08:25:08Z INFO MessageListener] BrokerMigration message received. Polling Broker for messages...
[2025-05-12 08:25:09Z INFO MessageListener] Message '5455162921789495877' received from session 'f062db03-24c7-41b7-96c8-a1a6d5d9d485'.
[2025-05-12 08:25:09Z INFO Runner] Skip message deletion for job request message '5455162921789495877'.
[2025-05-12 08:25:09Z INFO MessageListener] BrokerMigration message received. Polling Broker for messages...
[2025-05-12 08:25:09Z INFO MessageListener] Message '2992850382223493444' received from session 'f062db03-24c7-41b7-96c8-a1a6d5d9d485'.
[2025-05-12 08:25:09Z INFO Runner] Skip message deletion for job request message '2992850382223493444'.
[2025-05-12 08:25:10Z INFO MessageListener] BrokerMigration message received. Polling Broker for messages...
[2025-05-12 08:25:10Z INFO MessageListener] Message '3632305581947715177' received from session 'f062db03-24c7-41b7-96c8-a1a6d5d9d485'.
[2025-05-12 08:25:10Z INFO Runner] Skip message deletion for job request message '3632305581947715177'.
[2025-05-12 08:25:11Z INFO MessageListener] BrokerMigration message received. Polling Broker for messages...
[2025-05-12 08:25:11Z INFO MessageListener] Message '3747321188657710654' received from session 'f062db03-24c7-41b7-96c8-a1a6d5d9d485'.
[2025-05-12 08:25:11Z INFO Runner] Skip message deletion for job request message '3747321188657710654'.
[2025-05-12 08:25:11Z INFO MessageListener] BrokerMigration message received. Polling Broker for messages...
[2025-05-12 08:25:12Z INFO MessageListener] Message '5749735577738308767' received from session 'f062db03-24c7-41b7-96c8-a1a6d5d9d485'.
[2025-05-12 08:25:12Z INFO Runner] Skip message deletion for job request message '5749735577738308767'.
[2025-05-12 08:25:12Z INFO MessageListener] BrokerMigration message received. Polling Broker for messages...
[2025-05-12 08:25:13Z INFO MessageListener] Message '798722374774419193' received from session 'f062db03-24c7-41b7-96c8-a1a6d5d9d485'.
[2025-05-12 08:25:13Z INFO Runner] Skip message deletion for job request message '798722374774419193'.
[2025-05-12 08:25:13Z INFO MessageListener] BrokerMigration message received. Polling Broker for messages...
[2025-05-12 08:25:13Z INFO MessageListener] Message '1915438890606372769' received from session 'f062db03-24c7-41b7-96c8-a1a6d5d9d485'.
[2025-05-12 08:25:13Z INFO Runner] Skip message deletion for job request message '1915438890606372769'.
[2025-05-12 08:25:14Z INFO MessageListener] BrokerMigration message received. Polling Broker for messages...
[2025-05-12 08:25:14Z INFO MessageListener] Message '3578025957049077358' received from session 'f062db03-24c7-41b7-96c8-a1a6d5d9d485'.
[2025-05-12 08:25:14Z INFO Runner] Skip message deletion for job request message '3578025957049077358'.
[2025-05-12 08:25:14Z INFO MessageListener] BrokerMigration message received. Polling Broker for messages...
[2025-05-12 08:25:15Z INFO MessageListener] Message '603338578763865583' received from session 'f062db03-24c7-41b7-96c8-a1a6d5d9d485'.
[2025-05-12 08:25:15Z INFO Runner] Skip message deletion for job request message '603338578763865583'.
[2025-05-12 08:25:15Z INFO MessageListener] BrokerMigration message received. Polling Broker for messages...
[2025-05-12 08:25:16Z INFO MessageListener] Message '6465149196934817352' received from session 'f062db03-24c7-41b7-96c8-a1a6d5d9d485'.
[2025-05-12 08:25:16Z INFO Runner] Skip message deletion for job request message '6465149196934817352'.
[2025-05-12 08:25:16Z INFO MessageListener] BrokerMigration message received. Polling Broker for messages...
[2025-05-12 08:25:16Z INFO MessageListener] Message '2978100848240397956' received from session 'f062db03-24c7-41b7-96c8-a1a6d5d9d485'.
[2025-05-12 08:25:16Z INFO Runner] Skip message deletion for job request message '2978100848240397956'.
[2025-05-12 08:25:17Z INFO MessageListener] BrokerMigration message received. Polling Broker for messages...
[2025-05-12 08:25:17Z INFO MessageListener] Message '3284451554601563235' received from session 'f062db03-24c7-41b7-96c8-a1a6d5d9d485'.
[2025-05-12 08:25:17Z INFO Runner] Skip message deletion for job request message '3284451554601563235'.
[2025-05-12 08:25:17Z INFO MessageListener] BrokerMigration message received. Polling Broker for messages...
[2025-05-12 08:25:18Z INFO MessageListener] Message '523082190528663214' received from session 'f062db03-24c7-41b7-96c8-a1a6d5d9d485'.
[2025-05-12 08:25:18Z INFO Runner] Skip message deletion for job request message '523082190528663214'.
[2025-05-12 08:25:18Z INFO MessageListener] BrokerMigration message received. Polling Broker for messages...
[2025-05-12 08:25:19Z INFO MessageListener] Message '6745453093580213829' received from session 'f062db03-24c7-41b7-96c8-a1a6d5d9d485'.
[2025-05-12 08:25:19Z INFO Runner] Skip message deletion for job request message '6745453093580213829'.
[2025-05-12 08:25:19Z INFO MessageListener] BrokerMigration message received. Polling Broker for messages...
[2025-05-12 08:25:19Z INFO MessageListener] Message '8972188610548005640' received from session 'f062db03-24c7-41b7-96c8-a1a6d5d9d485'.
[2025-05-12 08:25:19Z INFO Runner] Skip message deletion for job request message '8972188610548005640'.
[2025-05-12 08:25:20Z INFO MessageListener] BrokerMigration message received. Polling Broker for messages...
[2025-05-12 08:25:20Z INFO MessageListener] Message '6321739531002068817' received from session 'f062db03-24c7-41b7-96c8-a1a6d5d9d485'.
[2025-05-12 08:25:20Z INFO Runner] Skip message deletion for job request message '6321739531002068817'.
[2025-05-12 08:25:20Z INFO MessageListener] BrokerMigration message received. Polling Broker for messages...
[2025-05-12 08:25:21Z INFO MessageListener] Message '5574924506177078014' received from session 'f062db03-24c7-41b7-96c8-a1a6d5d9d485'.
[2025-05-12 08:25:21Z INFO Runner] Skip message deletion for job request message '5574924506177078014'.
[2025-05-12 08:25:21Z INFO MessageListener] BrokerMigration message received. Polling Broker for messages...
[2025-05-12 08:25:22Z INFO MessageListener] Message '3785670907040904407' received from session 'f062db03-24c7-41b7-96c8-a1a6d5d9d485'.
[2025-05-12 08:25:22Z INFO Runner] Skip message deletion for job request message '3785670907040904407'.
[2025-05-12 08:25:22Z INFO MessageListener] BrokerMigration message received. Polling Broker for messages...
[2025-05-12 08:25:22Z INFO MessageListener] Message '2402370477973076157' received from session 'f062db03-24c7-41b7-96c8-a1a6d5d9d485'.
[2025-05-12 08:25:22Z INFO Runner] Skip message deletion for job request message '2402370477973076157'.
[2025-05-12 08:25:23Z INFO MessageListener] BrokerMigration message received. Polling Broker for messages...
[2025-05-12 08:25:23Z INFO MessageListener] Message '8029425584956142017' received from session 'f062db03-24c7-41b7-96c8-a1a6d5d9d485'.
[2025-05-12 08:25:23Z INFO Runner] Skip message deletion for job request message '8029425584956142017'.
[2025-05-12 08:25:24Z INFO MessageListener] BrokerMigration message received. Polling Broker for messages...
[2025-05-12 08:25:24Z INFO MessageListener] Message '9002654490067902586' received from session 'f062db03-24c7-41b7-96c8-a1a6d5d9d485'.
[2025-05-12 08:25:24Z INFO Runner] Skip message deletion for job request message '9002654490067902586'.
[2025-05-12 08:25:24Z INFO MessageListener] BrokerMigration message received. Polling Broker for messages...
[2025-05-12 08:25:25Z INFO MessageListener] Message '1081767684267393575' received from session 'f062db03-24c7-41b7-96c8-a1a6d5d9d485'.
[2025-05-12 08:25:25Z INFO Runner] Skip message deletion for job request message '1081767684267393575'.
[2025-05-12 08:25:25Z INFO MessageListener] BrokerMigration message received. Polling Broker for messages...
[2025-05-12 08:25:25Z INFO MessageListener] Message '1386791102759837704' received from session 'f062db03-24c7-41b7-96c8-a1a6d5d9d485'.
[2025-05-12 08:25:25Z INFO Runner] Skip message deletion for job request message '1386791102759837704'.
[2025-05-12 08:25:26Z INFO MessageListener] BrokerMigration message received. Polling Broker for messages...
[2025-05-12 08:25:26Z INFO MessageListener] Message '868844665014964635' received from session 'f062db03-24c7-41b7-96c8-a1a6d5d9d485'.
[2025-05-12 08:25:26Z INFO Runner] Skip message deletion for job request message '868844665014964635'.
[2025-05-12 08:25:27Z INFO MessageListener] BrokerMigration message received. Polling Broker for messages...
[2025-05-12 08:25:27Z INFO MessageListener] Message '7423524396704260321' received from session 'f062db03-24c7-41b7-96c8-a1a6d5d9d485'.
[2025-05-12 08:25:27Z INFO Runner] Skip message deletion for job request message '7423524396704260321'.
[2025-05-12 08:25:27Z INFO MessageListener] BrokerMigration message received. Polling Broker for messages...
[2025-05-12 08:25:28Z INFO MessageListener] Message '3546147083623057731' received from session 'f062db03-24c7-41b7-96c8-a1a6d5d9d485'.
[2025-05-12 08:25:28Z INFO Runner] Skip message deletion for job request message '3546147083623057731'.
[2025-05-12 08:25:28Z INFO MessageListener] BrokerMigration message received. Polling Broker for messages...
[2025-05-12 08:25:29Z INFO MessageListener] Message '6552600484791409100' received from session 'f062db03-24c7-41b7-96c8-a1a6d5d9d485'.
[2025-05-12 08:25:29Z INFO Runner] Skip message deletion for job request message '6552600484791409100'.
[2025-05-12 08:25:29Z INFO MessageListener] BrokerMigration message received. Polling Broker for messages...
[2025-05-12 08:25:29Z INFO MessageListener] Message '5615370475325407708' received from session 'f062db03-24c7-41b7-96c8-a1a6d5d9d485'.
[2025-05-12 08:25:29Z INFO Runner] Skip message deletion for job request message '5615370475325407708'.
[2025-05-12 08:25:30Z INFO MessageListener] BrokerMigration message received. Polling Broker for messages...
[2025-05-12 08:25:30Z INFO MessageListener] Message '3781164533008797981' received from session 'f062db03-24c7-41b7-96c8-a1a6d5d9d485'.
[2025-05-12 08:25:30Z INFO Runner] Skip message deletion for job request message '3781164533008797981'.
[2025-05-12 08:25:30Z INFO MessageListener] BrokerMigration message received. Polling Broker for messages...
[2025-05-12 08:25:31Z INFO MessageListener] Message '8157495111771820379' received from session 'f062db03-24c7-41b7-96c8-a1a6d5d9d485'.
[2025-05-12 08:25:31Z INFO Runner] Skip message deletion for job request message '8157495111771820379'.
[2025-05-12 08:25:31Z INFO MessageListener] BrokerMigration message received. Polling Broker for messages...
[2025-05-12 08:25:32Z INFO MessageListener] Message '3512559363953174475' received from session 'f062db03-24c7-41b7-96c8-a1a6d5d9d485'.
[2025-05-12 08:25:32Z INFO Runner] Skip message deletion for job request message '3512559363953174475'.
[2025-05-12 08:25:32Z INFO MessageListener] BrokerMigration message received. Polling Broker for messages...
[2025-05-12 08:25:32Z INFO MessageListener] Message '6385744279401062146' received from session 'f062db03-24c7-41b7-96c8-a1a6d5d9d485'.
[2025-05-12 08:25:32Z INFO Runner] Skip message deletion for job request message '6385744279401062146'.
[2025-05-12 08:25:33Z INFO MessageListener] BrokerMigration message received. Polling Broker for messages...
[2025-05-12 08:25:33Z INFO MessageListener] Message '334218727201832408' received from session 'f062db03-24c7-41b7-96c8-a1a6d5d9d485'.
[2025-05-12 08:25:33Z INFO Runner] Skip message deletion for job request message '334218727201832408'.
[2025-05-12 08:25:33Z INFO MessageListener] BrokerMigration message received. Polling Broker for messages...
[2025-05-12 08:25:34Z INFO MessageListener] Message '5650609501770578046' received from session 'f062db03-24c7-41b7-96c8-a1a6d5d9d485'.
[2025-05-12 08:25:34Z INFO Runner] Skip message deletion for job request message '5650609501770578046'.
[2025-05-12 08:25:34Z INFO MessageListener] BrokerMigration message received. Polling Broker for messages...
[2025-05-12 08:25:35Z INFO MessageListener] Message '8338097187668865760' received from session 'f062db03-24c7-41b7-96c8-a1a6d5d9d485'.
[2025-05-12 08:25:35Z INFO Runner] Skip message deletion for job request message '8338097187668865760'.
[2025-05-12 08:25:35Z INFO MessageListener] BrokerMigration message received. Polling Broker for messages...
[2025-05-12 08:25:35Z INFO MessageListener] Message '6583731539863034125' received from session 'f062db03-24c7-41b7-96c8-a1a6d5d9d485'.
[2025-05-12 08:25:35Z INFO Runner] Skip message deletion for job request message '6583731539863034125'.
[2025-05-12 08:25:36Z INFO MessageListener] BrokerMigration message received. Polling Broker for messages...
[2025-05-12 08:25:36Z INFO MessageListener] Message '5666295886895355408' received from session 'f062db03-24c7-41b7-96c8-a1a6d5d9d485'.
[2025-05-12 08:25:36Z INFO Runner] Skip message deletion for job request message '5666295886895355408'.
[2025-05-12 08:25:36Z INFO MessageListener] BrokerMigration message received. Polling Broker for messages...
[2025-05-12 08:25:37Z INFO MessageListener] Message '1776911546812043520' received from session 'f062db03-24c7-41b7-96c8-a1a6d5d9d485'.
[2025-05-12 08:25:37Z INFO Runner] Skip message deletion for job request message '1776911546812043520'.
[2025-05-12 08:25:37Z INFO MessageListener] BrokerMigration message received. Polling Broker for messages...
[2025-05-12 08:25:38Z INFO MessageListener] Message '178542598292401858' received from session 'f062db03-24c7-41b7-96c8-a1a6d5d9d485'.
[2025-05-12 08:25:38Z INFO Runner] Skip message deletion for job request message '178542598292401858'.
[2025-05-12 08:25:38Z INFO MessageListener] BrokerMigration message received. Polling Broker for messages...
[2025-05-12 08:25:38Z INFO MessageListener] Message '3106990003956486198' received from session 'f062db03-24c7-41b7-96c8-a1a6d5d9d485'.
[2025-05-12 08:25:38Z INFO Runner] Skip message deletion for job request message '3106990003956486198'.
[2025-05-12 08:25:39Z INFO MessageListener] BrokerMigration message received. Polling Broker for messages...
[2025-05-12 08:25:39Z INFO MessageListener] Message '7459489463034508358' received from session 'f062db03-24c7-41b7-96c8-a1a6d5d9d485'.
[2025-05-12 08:25:39Z INFO Runner] Skip message deletion for job request message '7459489463034508358'.
[2025-05-12 08:25:39Z INFO MessageListener] BrokerMigration message received. Polling Broker for messages...
[2025-05-12 08:25:40Z INFO MessageListener] Message '5763375995342584008' received from session 'f062db03-24c7-41b7-96c8-a1a6d5d9d485'.
[2025-05-12 08:25:40Z INFO Runner] Skip message deletion for job request message '5763375995342584008'.
[2025-05-12 08:25:40Z INFO MessageListener] BrokerMigration message received. Polling Broker for messages...
[2025-05-12 08:25:41Z INFO MessageListener] Message '3496658197774409801' received from session 'f062db03-24c7-41b7-96c8-a1a6d5d9d485'.
[2025-05-12 08:25:41Z INFO Runner] Skip message deletion for job request message '3496658197774409801'.
[2025-05-12 08:25:41Z INFO MessageListener] BrokerMigration message received. Polling Broker for messages...
[2025-05-12 08:25:41Z INFO MessageListener] Message '7717365363153578801' received from session 'f062db03-24c7-41b7-96c8-a1a6d5d9d485'.
[2025-05-12 08:25:41Z INFO Runner] Skip message deletion for job request message '7717365363153578801'.
[2025-05-12 08:25:42Z INFO MessageListener] BrokerMigration message received. Polling Broker for messages...
[2025-05-12 08:25:42Z INFO MessageListener] Message '4519920620985652914' received from session 'f062db03-24c7-41b7-96c8-a1a6d5d9d485'.
[2025-05-12 08:25:42Z INFO Runner] Skip message deletion for job request message '4519920620985652914'.
[2025-05-12 08:25:43Z INFO MessageListener] BrokerMigration message received. Polling Broker for messages...
[2025-05-12 08:25:43Z INFO MessageListener] Message '6082361480211605319' received from session 'f062db03-24c7-41b7-96c8-a1a6d5d9d485'.
[2025-05-12 08:25:43Z INFO Runner] Skip message deletion for job request message '6082361480211605319'.
[2025-05-12 08:25:43Z INFO MessageListener] BrokerMigration message received. Polling Broker for messages...
[2025-05-12 08:25:44Z INFO MessageListener] Message '177687115684483823' received from session 'f062db03-24c7-41b7-96c8-a1a6d5d9d485'.
[2025-05-12 08:25:44Z INFO Runner] Skip message deletion for job request message '177687115684483823'.
[2025-05-12 08:25:44Z INFO MessageListener] BrokerMigration message received. Polling Broker for messages...
[2025-05-12 08:25:44Z INFO MessageListener] Message '5741267830350675949' received from session 'f062db03-24c7-41b7-96c8-a1a6d5d9d485'.
[2025-05-12 08:25:44Z INFO Runner] Skip message deletion for job request message '5741267830350675949'.
[2025-05-12 08:25:45Z INFO MessageListener] BrokerMigration message received. Polling Broker for messages...
[2025-05-12 08:25:45Z INFO MessageListener] Message '2417114684763388364' received from session 'f062db03-24c7-41b7-96c8-a1a6d5d9d485'.
[2025-05-12 08:25:45Z INFO Runner] Skip message deletion for job request message '2417114684763388364'.
[2025-05-12 08:25:46Z INFO MessageListener] BrokerMigration message received. Polling Broker for messages...
[2025-05-12 08:25:46Z INFO MessageListener] Message '210167137645494923' received from session 'f062db03-24c7-41b7-96c8-a1a6d5d9d485'.
[2025-05-12 08:25:46Z INFO Runner] Skip message deletion for job request message '210167137645494923'.
[2025-05-12 08:25:46Z INFO MessageListener] BrokerMigration message received. Polling Broker for messages...
[2025-05-12 08:25:47Z INFO MessageListener] Message '1970069634589909997' received from session 'f062db03-24c7-41b7-96c8-a1a6d5d9d485'.
[2025-05-12 08:25:47Z INFO Runner] Skip message deletion for job request message '1970069634589909997'.
[2025-05-12 08:25:47Z INFO MessageListener] BrokerMigration message received. Polling Broker for messages...
[2025-05-12 08:25:48Z INFO MessageListener] Message '8492995927869457842' received from session 'f062db03-24c7-41b7-96c8-a1a6d5d9d485'.
[2025-05-12 08:25:48Z INFO Runner] Skip message deletion for job request message '8492995927869457842'.
[2025-05-12 08:25:48Z INFO MessageListener] BrokerMigration message received. Polling Broker for messages...
[2025-05-12 08:25:48Z INFO MessageListener] Message '7063291211214436481' received from session 'f062db03-24c7-41b7-96c8-a1a6d5d9d485'.
[2025-05-12 08:25:48Z INFO Runner] Skip message deletion for job request message '7063291211214436481'.
[2025-05-12 08:25:49Z INFO MessageListener] BrokerMigration message received. Polling Broker for messages...
[2025-05-12 08:25:49Z INFO MessageListener] Message '3458977086257327140' received from session 'f062db03-24c7-41b7-96c8-a1a6d5d9d485'.
[2025-05-12 08:25:49Z INFO Runner] Skip message deletion for job request message '3458977086257327140'.
[2025-05-12 08:25:49Z INFO MessageListener] BrokerMigration message received. Polling Broker for messages...
[2025-05-12 08:25:50Z INFO MessageListener] Message '2555230399154309052' received from session 'f062db03-24c7-41b7-96c8-a1a6d5d9d485'.
[2025-05-12 08:25:50Z INFO Runner] Skip message deletion for job request message '2555230399154309052'.
[2025-05-12 08:25:50Z INFO MessageListener] BrokerMigration message received. Polling Broker for messages...
[2025-05-12 08:25:51Z INFO MessageListener] Message '7289519501002377083' received from session 'f062db03-24c7-41b7-96c8-a1a6d5d9d485'.
[2025-05-12 08:25:51Z INFO Runner] Skip message deletion for job request message '7289519501002377083'.
[2025-05-12 08:25:51Z INFO MessageListener] BrokerMigration message received. Polling Broker for messages...
[2025-05-12 08:25:51Z INFO MessageListener] Message '8146603983757096490' received from session 'f062db03-24c7-41b7-96c8-a1a6d5d9d485'.
[2025-05-12 08:25:51Z INFO Runner] Skip message deletion for job request message '8146603983757096490'.
[2025-05-12 08:25:52Z INFO MessageListener] BrokerMigration message received. Polling Broker for messages...
[2025-05-12 08:25:52Z INFO MessageListener] Message '5083535683951536617' received from session 'f062db03-24c7-41b7-96c8-a1a6d5d9d485'.
[2025-05-12 08:25:52Z INFO Runner] Skip message deletion for job request message '5083535683951536617'.
[2025-05-12 08:25:52Z INFO MessageListener] BrokerMigration message received. Polling Broker for messages...
[2025-05-12 08:26:03Z INFO SelfUpdater] Download runner: finished download
[2025-05-12 08:26:03Z INFO SelfUpdater] Validated Runner Hash matches D:\BS(CS)\Flux\actions-runner\_work\_update\runner1.zip : e8ca92e3b1b907cdcc0c94640f4c5b23f377743993a4a5c859cb74f3e6eb33ef
[2025-05-12 08:26:05Z INFO SelfUpdater] Finished getting latest runner package at: D:\BS(CS)\Flux\actions-runner\_work\_update.
[2025-05-12 08:26:05Z INFO HostContext] Well known directory 'Bin': 'D:\BS(CS)\Flux\actions-runner\bin'
[2025-05-12 08:26:05Z INFO HostContext] Well known directory 'Root': 'D:\BS(CS)\Flux\actions-runner'
[2025-05-12 08:26:05Z INFO SelfUpdater] Copy D:\BS(CS)\Flux\actions-runner\_work\_update\bin to D:\BS(CS)\Flux\actions-runner\bin.2.323.0.
[2025-05-12 08:26:06Z INFO HostContext] Well known directory 'Bin': 'D:\BS(CS)\Flux\actions-runner\bin'
[2025-05-12 08:26:06Z INFO HostContext] Well known directory 'Root': 'D:\BS(CS)\Flux\actions-runner'
[2025-05-12 08:26:06Z INFO SelfUpdater] Copy D:\BS(CS)\Flux\actions-runner\_work\_update\externals to D:\BS(CS)\Flux\actions-runner\externals.2.323.0.
[2025-05-12 08:26:06Z INFO SelfUpdater] Copy any remaining .sh/.cmd files into runner root.
[2025-05-12 08:26:06Z INFO HostContext] Well known directory 'Bin': 'D:\BS(CS)\Flux\actions-runner\bin'
[2025-05-12 08:26:06Z INFO HostContext] Well known directory 'Root': 'D:\BS(CS)\Flux\actions-runner'
[2025-05-12 08:26:06Z INFO SelfUpdater] Copy D:\BS(CS)\Flux\actions-runner\_work\_update\config.cmd to D:\BS(CS)\Flux\actions-runner\config.cmd
[2025-05-12 08:26:06Z INFO HostContext] Well known directory 'Bin': 'D:\BS(CS)\Flux\actions-runner\bin'
[2025-05-12 08:26:06Z INFO HostContext] Well known directory 'Root': 'D:\BS(CS)\Flux\actions-runner'
[2025-05-12 08:26:06Z INFO SelfUpdater] Copy D:\BS(CS)\Flux\actions-runner\_work\_update\run-helper.cmd.template to D:\BS(CS)\Flux\actions-runner\run-helper.cmd.template
[2025-05-12 08:26:06Z INFO HostContext] Well known directory 'Bin': 'D:\BS(CS)\Flux\actions-runner\bin'
[2025-05-12 08:26:06Z INFO HostContext] Well known directory 'Root': 'D:\BS(CS)\Flux\actions-runner'
[2025-05-12 08:26:06Z INFO SelfUpdater] Copy D:\BS(CS)\Flux\actions-runner\_work\_update\run-helper.sh.template to D:\BS(CS)\Flux\actions-runner\run-helper.sh.template
[2025-05-12 08:26:06Z INFO HostContext] Well known directory 'Bin': 'D:\BS(CS)\Flux\actions-runner\bin'
[2025-05-12 08:26:06Z INFO HostContext] Well known directory 'Root': 'D:\BS(CS)\Flux\actions-runner'
[2025-05-12 08:26:06Z INFO SelfUpdater] Copy D:\BS(CS)\Flux\actions-runner\_work\_update\run.cmd to D:\BS(CS)\Flux\actions-runner\run.cmd
[2025-05-12 08:26:06Z INFO SelfUpdater] Download latest runner and unzip into runner root.
[2025-05-12 08:26:06Z INFO Terminal] WRITE LINE: Waiting for current job finish running.
[2025-05-12 08:26:06Z INFO SelfUpdater] DownloadUrl: https://github.com/actions/runner/releases/download/v2.323.0/actions-runner-win-x64-2.323.0.zip
[2025-05-12 08:26:06Z INFO SelfUpdater] PackageDownloadTime: 318924ms
[2025-05-12 08:26:06Z INFO SelfUpdater] Attempts: 1
[2025-05-12 08:26:06Z INFO SelfUpdater] PackageSize: 60MB
[2025-05-12 08:26:06Z INFO SelfUpdater] ValidateHashTime: 371ms
[2025-05-12 08:26:06Z INFO SelfUpdater] PackageExtractTime: 1975ms
[2025-05-12 08:26:06Z INFO SelfUpdater] CopyRunnerToRootTime: 713ms
[2025-05-12 08:26:07Z INFO SelfUpdater] All running job has exited.
[2025-05-12 08:26:07Z INFO HostContext] Well known directory 'Bin': 'D:\BS(CS)\Flux\actions-runner\bin'
[2025-05-12 08:26:07Z INFO HostContext] Well known directory 'Root': 'D:\BS(CS)\Flux\actions-runner'
[2025-05-12 08:26:07Z INFO HostContext] Well known directory 'Bin': 'D:\BS(CS)\Flux\actions-runner\bin'
[2025-05-12 08:26:07Z INFO HostContext] Well known directory 'Root': 'D:\BS(CS)\Flux\actions-runner'
[2025-05-12 08:26:07Z INFO HostContext] Well known directory 'Bin': 'D:\BS(CS)\Flux\actions-runner\bin'
[2025-05-12 08:26:07Z INFO HostContext] Well known directory 'Root': 'D:\BS(CS)\Flux\actions-runner'
[2025-05-12 08:26:07Z INFO HostContext] Well known directory 'Bin': 'D:\BS(CS)\Flux\actions-runner\bin'
[2025-05-12 08:26:07Z INFO HostContext] Well known directory 'Root': 'D:\BS(CS)\Flux\actions-runner'
[2025-05-12 08:26:07Z INFO HostContext] Well known directory 'Bin': 'D:\BS(CS)\Flux\actions-runner\bin'
[2025-05-12 08:26:07Z INFO HostContext] Well known directory 'Root': 'D:\BS(CS)\Flux\actions-runner'
[2025-05-12 08:26:07Z INFO HostContext] Well known directory 'Bin': 'D:\BS(CS)\Flux\actions-runner\bin'
[2025-05-12 08:26:07Z INFO HostContext] Well known directory 'Root': 'D:\BS(CS)\Flux\actions-runner'
[2025-05-12 08:26:07Z INFO HostContext] Well known directory 'Bin': 'D:\BS(CS)\Flux\actions-runner\bin'
[2025-05-12 08:26:07Z INFO HostContext] Well known directory 'Root': 'D:\BS(CS)\Flux\actions-runner'
[2025-05-12 08:26:07Z INFO HostContext] Well known directory 'Bin': 'D:\BS(CS)\Flux\actions-runner\bin'
[2025-05-12 08:26:07Z INFO HostContext] Well known directory 'Root': 'D:\BS(CS)\Flux\actions-runner'
[2025-05-12 08:26:07Z INFO HostContext] Well known directory 'Bin': 'D:\BS(CS)\Flux\actions-runner\bin'
[2025-05-12 08:26:07Z INFO HostContext] Well known directory 'Root': 'D:\BS(CS)\Flux\actions-runner'
[2025-05-12 08:26:07Z INFO HostContext] Well known directory 'Bin': 'D:\BS(CS)\Flux\actions-runner\bin'
[2025-05-12 08:26:07Z INFO HostContext] Well known directory 'Root': 'D:\BS(CS)\Flux\actions-runner'
[2025-05-12 08:26:07Z INFO HostContext] Well known directory 'Bin': 'D:\BS(CS)\Flux\actions-runner\bin'
[2025-05-12 08:26:07Z INFO HostContext] Well known directory 'Root': 'D:\BS(CS)\Flux\actions-runner'
[2025-05-12 08:26:07Z INFO SelfUpdater] Delete old version runner backup.
[2025-05-12 08:26:07Z INFO Terminal] WRITE LINE: Generate and execute update script.
[2025-05-12 08:26:07Z INFO SelfUpdater] DeleteRunnerBackupTime: 8ms
[2025-05-12 08:26:07Z INFO HostContext] Well known directory 'Bin': 'D:\BS(CS)\Flux\actions-runner\bin'
[2025-05-12 08:26:07Z INFO HostContext] Well known directory 'Root': 'D:\BS(CS)\Flux\actions-runner'
[2025-05-12 08:26:07Z INFO HostContext] Well known directory 'Diag': 'D:\BS(CS)\Flux\actions-runner\_diag'
[2025-05-12 08:26:07Z INFO HostContext] Well known directory 'Bin': 'D:\BS(CS)\Flux\actions-runner\bin'
[2025-05-12 08:26:07Z INFO HostContext] Well known directory 'Root': 'D:\BS(CS)\Flux\actions-runner'
[2025-05-12 08:26:07Z INFO HostContext] Well known directory 'Bin': 'D:\BS(CS)\Flux\actions-runner\bin'
[2025-05-12 08:26:07Z INFO HostContext] Well known directory 'Root': 'D:\BS(CS)\Flux\actions-runner'
[2025-05-12 08:26:07Z INFO HostContext] Well known directory 'Work': 'D:\BS(CS)\Flux\actions-runner\_work'
[2025-05-12 08:26:07Z INFO SelfUpdater] Generate update script into: D:\BS(CS)\Flux\actions-runner\_work\_update.cmd
[2025-05-12 08:26:07Z INFO SelfUpdater] Which2: 'cmd.exe'
[2025-05-12 08:26:07Z INFO SelfUpdater] Location: 'C:\WINDOWS\system32\cmd.exe'
[2025-05-12 08:26:07Z INFO SelfUpdater] Update script start running
[2025-05-12 08:26:07Z INFO Terminal] WRITE LINE: Runner will exit shortly for update, should be back online within 10 seconds.
[2025-05-12 08:26:07Z INFO SelfUpdater] TotalUpdateTime: 324497ms
[2025-05-12 08:26:08Z INFO Terminal] WRITE LINE: Runner update process finished.
[2025-05-12 08:26:08Z INFO Runner] Auto update task finished at backend, an runner update is ready to apply exit the current runner instance.
[2025-05-12 08:26:08Z INFO Runner] Stop message queue looping.
[2025-05-12 08:26:08Z WARN GitHubActionsService] GET request to https://broker.actions.githubusercontent.com/message?sessionId=f062db03-24c7-41b7-96c8-a1a6d5d9d485&status=Online&runnerVersion=2.317.0&os=Windows&architecture=X64&disableUpdate=false has been cancelled.
[2025-05-12 08:26:08Z ERR  BrokerServer] Catch exception during request
[2025-05-12 08:26:08Z ERR  BrokerServer] System.Threading.Tasks.TaskCanceledException: The operation was canceled.
 ---> System.IO.IOException: Unable to read data from the transport connection: The I/O operation has been aborted because of either a thread exit or an application request..
 ---> System.Net.Sockets.SocketException (995): The I/O operation has been aborted because of either a thread exit or an application request.
   --- End of inner exception stack trace ---
   at System.Net.Sockets.Socket.AwaitableSocketAsyncEventArgs.ThrowException(SocketError error, CancellationToken cancellationToken)
   at System.Net.Sockets.Socket.AwaitableSocketAsyncEventArgs.System.Threading.Tasks.Sources.IValueTaskSource<System.Int32>.GetResult(Int16 token)
   at System.Net.Security.SslStream.EnsureFullTlsFrameAsync[TIOAdapter](TIOAdapter adapter)
   at System.Net.Security.SslStream.ReadAsyncInternal[TIOAdapter](TIOAdapter adapter, Memory`1 buffer)
   at System.Net.Http.HttpConnection.SendAsyncCore(HttpRequestMessage request, Boolean async, CancellationToken cancellationToken)
   --- End of inner exception stack trace ---
   at System.Net.Http.HttpClient.HandleFailure(Exception e, Boolean telemetryStarted, HttpResponseMessage response, CancellationTokenSource cts, CancellationToken cancellationToken, CancellationTokenSource pendingRequestsCts)
   at System.Net.Http.HttpClient.<SendAsync>g__Core|83_0(HttpRequestMessage request, HttpCompletionOption completionOption, CancellationTokenSource cts, Boolean disposeCts, CancellationTokenSource pendingRequestsCts, CancellationToken originalCancellationToken)
   at Sdk.WebApi.WebApi.RawHttpClientBase.SendAsync(HttpRequestMessage message, HttpCompletionOption completionOption, Object userState, CancellationToken cancellationToken)
   at Sdk.WebApi.WebApi.RawHttpClientBase.SendAsync[T](HttpRequestMessage message, Object userState, CancellationToken cancellationToken)
   at Sdk.WebApi.WebApi.RawHttpClientBase.SendAsync[T](HttpMethod method, IEnumerable`1 additionalHeaders, Uri requestUri, HttpContent content, IEnumerable`1 queryParameters, Object userState, CancellationToken cancellationToken)
   at GitHub.Actions.RunService.WebApi.BrokerHttpClient.GetRunnerMessageAsync(Nullable`1 sessionId, String runnerVersion, Nullable`1 status, String os, String architecture, Nullable`1 disableUpdate, CancellationToken cancellationToken)
   at GitHub.Runner.Common.BrokerServer.<>c__DisplayClass7_0.<<GetRunnerMessageAsync>b__0>d.MoveNext()
--- End of stack trace from previous location ---
   at GitHub.Runner.Common.RunnerService.RetryRequest[T](Func`1 func, CancellationToken cancellationToken, Int32 maxRetryAttemptsCount, Func`2 shouldRetry)
[2025-05-12 08:26:08Z ERR  BrokerServer] #####################################################
[2025-05-12 08:26:08Z ERR  BrokerServer] System.IO.IOException: Unable to read data from the transport connection: The I/O operation has been aborted because of either a thread exit or an application request..
 ---> System.Net.Sockets.SocketException (995): The I/O operation has been aborted because of either a thread exit or an application request.
   --- End of inner exception stack trace ---
   at System.Net.Sockets.Socket.AwaitableSocketAsyncEventArgs.ThrowException(SocketError error, CancellationToken cancellationToken)
   at System.Net.Sockets.Socket.AwaitableSocketAsyncEventArgs.System.Threading.Tasks.Sources.IValueTaskSource<System.Int32>.GetResult(Int16 token)
   at System.Net.Security.SslStream.EnsureFullTlsFrameAsync[TIOAdapter](TIOAdapter adapter)
   at System.Net.Security.SslStream.ReadAsyncInternal[TIOAdapter](TIOAdapter adapter, Memory`1 buffer)
   at System.Net.Http.HttpConnection.SendAsyncCore(HttpRequestMessage request, Boolean async, CancellationToken cancellationToken)
[2025-05-12 08:26:08Z ERR  BrokerServer] #####################################################
[2025-05-12 08:26:08Z ERR  BrokerServer] System.Net.Sockets.SocketException (995): The I/O operation has been aborted because of either a thread exit or an application request.
[2025-05-12 08:26:08Z WARN BrokerServer] Back off 6.766 seconds before next retry. 4 attempt left.
[2025-05-12 08:26:08Z INFO MessageListener] Get next message has been cancelled.
[2025-05-12 08:26:08Z INFO Runner] Ignore any exception after cancel message loop. System.Threading.Tasks.TaskCanceledException: A task was canceled.
   at GitHub.Runner.Common.RunnerService.RetryRequest[T](Func`1 func, CancellationToken cancellationToken, Int32 maxRetryAttemptsCount, Func`2 shouldRetry)
   at GitHub.Runner.Listener.MessageListener.GetNextMessageAsync(CancellationToken token)
   at GitHub.Runner.Listener.Runner.RunAsync(RunnerSettings settings, Boolean runOnce)
[2025-05-12 08:26:08Z INFO JobDispatcher] Shutting down JobDispatcher. Make sure all WorkerDispatcher has finished.
[2025-05-12 08:26:08Z INFO Runner] Deleting Runner Session...
[2025-05-12 08:26:08Z INFO Listener] Runner execution has finished with return code 3
