[2025-06-16 14:00:01Z INFO HostContext] No proxy settings were found based on environmental variables (http_proxy/https_proxy/HTTP_PROXY/HTTPS_PROXY)
[2025-06-16 14:00:01Z INFO HostContext] Well known directory 'Bin': 'D:\BS(CS)\Flux\actions-runner\bin'
[2025-06-16 14:00:01Z INFO HostContext] Well known directory 'Root': 'D:\BS(CS)\Flux\actions-runner'
[2025-06-16 14:00:01Z INFO HostContext] Well known config file 'Credentials': 'D:\BS(CS)\Flux\actions-runner\.credentials'
[2025-06-16 14:00:05Z INFO HostContext] Well known directory 'Bin': 'D:\BS(CS)\Flux\actions-runner\bin'
[2025-06-16 14:00:05Z INFO HostContext] Well known directory 'Root': 'D:\BS(CS)\Flux\actions-runner'
[2025-06-16 14:00:05Z INFO HostContext] Well known config file 'Runner': 'D:\BS(CS)\Flux\actions-runner\.runner'
[2025-06-16 14:00:06Z INFO Listener] Runner is built for Windows (X64) - win-x64.
[2025-06-16 14:00:06Z INFO Listener] RuntimeInformation: Microsoft Windows 10.0.26100.
[2025-06-16 14:00:06Z INFO Listener] Version: 2.317.0
[2025-06-16 14:00:06Z INFO Listener] Commit: 6dc005ee3690a0303e0d7269b6f60295d22dcfad
[2025-06-16 14:00:06Z INFO Listener] Culture: en-PK
[2025-06-16 14:00:06Z INFO Listener] UI Culture: en-US
[2025-06-16 14:00:06Z INFO HostContext] Well known directory 'Bin': 'D:\BS(CS)\Flux\actions-runner\bin'
[2025-06-16 14:00:06Z INFO HostContext] Well known directory 'Root': 'D:\BS(CS)\Flux\actions-runner'
[2025-06-16 14:00:06Z INFO Listener] Validating directory permissions for: 'D:\BS(CS)\Flux\actions-runner'
[2025-06-16 14:00:06Z INFO CommandLineParser] Parse
[2025-06-16 14:00:06Z INFO CommandLineParser] Parsing 1 args
[2025-06-16 14:00:06Z INFO CommandLineParser] parsing argument
[2025-06-16 14:00:06Z INFO CommandLineParser] HasArgs: False
[2025-06-16 14:00:06Z INFO CommandLineParser] Adding Command: run
[2025-06-16 14:00:06Z INFO Listener] Arguments parsed
[2025-06-16 14:00:06Z INFO Runner] ExecuteCommand
[2025-06-16 14:00:06Z INFO ConfigurationStore] currentAssemblyLocation: D:\BS(CS)\Flux\actions-runner\bin\Runner.Listener.dll
[2025-06-16 14:00:06Z INFO HostContext] Well known directory 'Bin': 'D:\BS(CS)\Flux\actions-runner\bin'
[2025-06-16 14:00:06Z INFO ConfigurationStore] binPath: D:\BS(CS)\Flux\actions-runner\bin
[2025-06-16 14:00:06Z INFO HostContext] Well known directory 'Bin': 'D:\BS(CS)\Flux\actions-runner\bin'
[2025-06-16 14:00:06Z INFO HostContext] Well known directory 'Root': 'D:\BS(CS)\Flux\actions-runner'
[2025-06-16 14:00:06Z INFO ConfigurationStore] RootFolder: D:\BS(CS)\Flux\actions-runner
[2025-06-16 14:00:06Z INFO HostContext] Well known directory 'Bin': 'D:\BS(CS)\Flux\actions-runner\bin'
[2025-06-16 14:00:06Z INFO HostContext] Well known directory 'Root': 'D:\BS(CS)\Flux\actions-runner'
[2025-06-16 14:00:06Z INFO HostContext] Well known config file 'Runner': 'D:\BS(CS)\Flux\actions-runner\.runner'
[2025-06-16 14:00:06Z INFO ConfigurationStore] ConfigFilePath: D:\BS(CS)\Flux\actions-runner\.runner
[2025-06-16 14:00:06Z INFO HostContext] Well known directory 'Bin': 'D:\BS(CS)\Flux\actions-runner\bin'
[2025-06-16 14:00:06Z INFO HostContext] Well known directory 'Root': 'D:\BS(CS)\Flux\actions-runner'
[2025-06-16 14:00:06Z INFO HostContext] Well known config file 'Credentials': 'D:\BS(CS)\Flux\actions-runner\.credentials'
[2025-06-16 14:00:06Z INFO ConfigurationStore] CredFilePath: D:\BS(CS)\Flux\actions-runner\.credentials
[2025-06-16 14:00:06Z INFO HostContext] Well known directory 'Bin': 'D:\BS(CS)\Flux\actions-runner\bin'
[2025-06-16 14:00:06Z INFO HostContext] Well known directory 'Root': 'D:\BS(CS)\Flux\actions-runner'
[2025-06-16 14:00:06Z INFO HostContext] Well known config file 'MigratedCredentials': 'D:\BS(CS)\Flux\actions-runner\.credentials_migrated'
[2025-06-16 14:00:06Z INFO ConfigurationStore] MigratedCredFilePath: D:\BS(CS)\Flux\actions-runner\.credentials_migrated
[2025-06-16 14:00:06Z INFO HostContext] Well known directory 'Bin': 'D:\BS(CS)\Flux\actions-runner\bin'
[2025-06-16 14:00:06Z INFO HostContext] Well known directory 'Root': 'D:\BS(CS)\Flux\actions-runner'
[2025-06-16 14:00:06Z INFO HostContext] Well known config file 'Service': 'D:\BS(CS)\Flux\actions-runner\.service'
[2025-06-16 14:00:06Z INFO ConfigurationStore] ServiceConfigFilePath: D:\BS(CS)\Flux\actions-runner\.service
[2025-06-16 14:00:06Z INFO CommandSettings] Flag 'help': 'False'
[2025-06-16 14:00:06Z INFO CommandSettings] Flag 'version': 'False'
[2025-06-16 14:00:06Z INFO CommandSettings] Flag 'commit': 'False'
[2025-06-16 14:00:06Z INFO CommandSettings] Flag 'check': 'False'
[2025-06-16 14:00:06Z INFO CommandSettings] Command 'configure': 'False'
[2025-06-16 14:00:06Z INFO CommandSettings] Command 'remove': 'False'
[2025-06-16 14:00:06Z INFO CommandSettings] Command 'warmup': 'False'
[2025-06-16 14:00:06Z INFO ConfigurationManager] LoadSettings
[2025-06-16 14:00:06Z INFO ConfigurationStore] IsConfigured()
[2025-06-16 14:00:06Z INFO ConfigurationStore] IsConfigured: True
[2025-06-16 14:00:06Z INFO ConfigurationManager] Is configured: True
[2025-06-16 14:00:06Z INFO ConfigurationStore] Read setting file: 305 chars
[2025-06-16 14:00:06Z INFO ConfigurationManager] Settings Loaded
[2025-06-16 14:00:06Z INFO ConfigurationStore] IsServiceConfigured()
[2025-06-16 14:00:06Z INFO ConfigurationStore] IsServiceConfigured: False
[2025-06-16 14:00:06Z INFO CommandSettings] Command 'run': 'True'
[2025-06-16 14:00:06Z INFO ConfigurationStore] IsConfigured()
[2025-06-16 14:00:06Z INFO ConfigurationStore] IsConfigured: True
[2025-06-16 14:00:06Z INFO ConfigurationManager] Is configured: True
[2025-06-16 14:00:06Z INFO Runner] Could not parse the argument value '' for StartupType. Defaulting to Manual
[2025-06-16 14:00:06Z INFO Runner] Set runner startup type - Manual
[2025-06-16 14:00:06Z INFO CommandSettings] Flag 'once': 'False'
[2025-06-16 14:00:06Z INFO CommandSettings] Flag 'once': 'False'
[2025-06-16 14:00:06Z INFO Runner] RunAsync
[2025-06-16 14:00:06Z INFO ConfigurationManager] LoadSettings
[2025-06-16 14:00:06Z INFO ConfigurationStore] IsConfigured()
[2025-06-16 14:00:06Z INFO ConfigurationStore] IsConfigured: True
[2025-06-16 14:00:06Z INFO ConfigurationManager] Is configured: True
[2025-06-16 14:00:06Z INFO ConfigurationManager] Settings Loaded
[2025-06-16 14:00:06Z INFO MessageListener] {
  "AgentId": 21,
  "AgentName": "DESKTOP-J3BA5A9",
  "PoolId": 1,
  "PoolName": "Default",
  "ServerUrl": "https://pipelinesghubeus2.actions.githubusercontent.com/Tj8oyLxS2V68oiAJ5roUiyLEH828d1rIBuV9k9I67M0dMiqWfk/",
  "GitHubUrl": "https://github.com/mUsman2003/Flux",
  "WorkFolder": "_work"
}
[2025-06-16 14:00:06Z INFO MessageListener] Loading Credentials
[2025-06-16 14:00:06Z INFO ConfigurationStore] HasCredentials()
[2025-06-16 14:00:06Z INFO ConfigurationStore] stored True
[2025-06-16 14:00:06Z INFO CredentialManager] GetCredentialProvider
[2025-06-16 14:00:06Z INFO CredentialManager] Creating type OAuth
[2025-06-16 14:00:06Z INFO CredentialManager] Creating credential type: OAuth
[2025-06-16 14:00:06Z INFO HostContext] Well known directory 'Bin': 'D:\BS(CS)\Flux\actions-runner\bin'
[2025-06-16 14:00:06Z INFO HostContext] Well known directory 'Root': 'D:\BS(CS)\Flux\actions-runner'
[2025-06-16 14:00:06Z INFO HostContext] Well known config file 'RSACredentials': 'D:\BS(CS)\Flux\actions-runner\.credentials_rsaparams'
[2025-06-16 14:00:06Z INFO RSAEncryptedFileKeyManager] Loading RSA key parameters from file D:\BS(CS)\Flux\actions-runner\.credentials_rsaparams
[2025-06-16 14:00:07Z INFO MessageListener] Attempt to create session.
[2025-06-16 14:00:07Z INFO MessageListener] Connecting to the Runner Server...
[2025-06-16 14:00:07Z INFO RunnerServer] EstablishVssConnection
[2025-06-16 14:00:07Z INFO RunnerServer] Establish connection with 100 seconds timeout.
[2025-06-16 14:00:08Z INFO GitHubActionsService] Starting operation Location.GetConnectionData
[2025-06-16 14:00:08Z INFO RunnerServer] EstablishVssConnection
[2025-06-16 14:00:08Z INFO RunnerServer] Establish connection with 60 seconds timeout.
[2025-06-16 14:00:08Z INFO GitHubActionsService] Starting operation Location.GetConnectionData
[2025-06-16 14:00:08Z INFO RunnerServer] EstablishVssConnection
[2025-06-16 14:00:08Z INFO RunnerServer] Establish connection with 60 seconds timeout.
[2025-06-16 14:00:08Z INFO GitHubActionsService] Starting operation Location.GetConnectionData
[2025-06-16 14:00:10Z INFO GitHubActionsService] Finished operation Location.GetConnectionData
[2025-06-16 14:00:10Z INFO GitHubActionsService] Finished operation Location.GetConnectionData
[2025-06-16 14:00:10Z INFO GitHubActionsService] Finished operation Location.GetConnectionData
[2025-06-16 14:00:10Z INFO MessageListener] VssConnection created
[2025-06-16 14:00:10Z INFO Terminal] WRITE LINE: 
[2025-06-16 14:00:10Z INFO Terminal] WRITE LINE: 
[2025-06-16 14:00:11Z INFO RSAEncryptedFileKeyManager] Loading RSA key parameters from file D:\BS(CS)\Flux\actions-runner\.credentials_rsaparams
[2025-06-16 14:00:11Z INFO RSAEncryptedFileKeyManager] Loading RSA key parameters from file D:\BS(CS)\Flux\actions-runner\.credentials_rsaparams
[2025-06-16 14:00:12Z INFO GitHubActionsService] AAD Correlation ID for this token request: Unknown
[2025-06-16 14:00:12Z INFO MessageListener] Session created.
[2025-06-16 14:00:12Z INFO Terminal] WRITE LINE: Current runner version: '2.317.0'
[2025-06-16 14:00:12Z INFO Terminal] WRITE LINE: 2025-06-16 14:00:12Z: Listening for Jobs
[2025-06-16 14:00:12Z INFO JobDispatcher] Set runner/worker IPC timeout to 30 seconds.
[2025-06-16 14:00:13Z INFO MessageListener] BrokerMigration message received. Polling Broker for messages...
[2025-06-16 14:00:13Z INFO RSAEncryptedFileKeyManager] Loading RSA key parameters from file D:\BS(CS)\Flux\actions-runner\.credentials_rsaparams
[2025-06-16 14:00:14Z INFO GitHubActionsService] AAD Correlation ID for this token request: Unknown
[2025-06-16 14:01:05Z INFO MessageListener] BrokerMigration message received. Polling Broker for messages...
[2025-06-16 14:01:56Z INFO MessageListener] BrokerMigration message received. Polling Broker for messages...
[2025-06-16 14:02:47Z INFO MessageListener] BrokerMigration message received. Polling Broker for messages...
[2025-06-16 14:03:38Z INFO MessageListener] BrokerMigration message received. Polling Broker for messages...
[2025-06-16 14:04:28Z INFO MessageListener] BrokerMigration message received. Polling Broker for messages...
[2025-06-16 14:05:19Z INFO MessageListener] BrokerMigration message received. Polling Broker for messages...
[2025-06-16 14:06:10Z INFO MessageListener] BrokerMigration message received. Polling Broker for messages...
[2025-06-16 14:07:00Z INFO MessageListener] BrokerMigration message received. Polling Broker for messages...
[2025-06-16 14:07:51Z INFO MessageListener] BrokerMigration message received. Polling Broker for messages...
[2025-06-16 14:08:13Z INFO MessageListener] Message '7112824891680793616' received from session '9feabe2a-85e6-467e-bc7d-a083a3b771c9'.
[2025-06-16 14:08:13Z INFO ConfigurationStore] HasCredentials()
[2025-06-16 14:08:13Z INFO ConfigurationStore] stored True
[2025-06-16 14:08:13Z INFO CredentialManager] GetCredentialProvider
[2025-06-16 14:08:13Z INFO CredentialManager] Creating type OAuth
[2025-06-16 14:08:13Z INFO CredentialManager] Creating credential type: OAuth
[2025-06-16 14:08:13Z INFO RSAEncryptedFileKeyManager] Loading RSA key parameters from file D:\BS(CS)\Flux\actions-runner\.credentials_rsaparams
[2025-06-16 14:08:13Z INFO RSAEncryptedFileKeyManager] Loading RSA key parameters from file D:\BS(CS)\Flux\actions-runner\.credentials_rsaparams
[2025-06-16 14:08:13Z INFO RSAEncryptedFileKeyManager] Loading RSA key parameters from file D:\BS(CS)\Flux\actions-runner\.credentials_rsaparams
[2025-06-16 14:08:14Z INFO GitHubActionsService] AAD Correlation ID for this token request: Unknown
[2025-06-16 14:08:15Z INFO JobDispatcher] Job request 0 for plan abee1fd8-19e9-4321-8a91-7a5fa9bf3cfb job 73b05898-9c85-5a99-b255-8e2e501b5320 received.
[2025-06-16 14:08:15Z INFO MessageListener] Received job status event. JobState: Busy
[2025-06-16 14:08:15Z INFO MessageListener] _getMessagesTokenSource is already disposed.
[2025-06-16 14:08:15Z INFO Terminal] WRITE LINE: 2025-06-16 14:08:15Z: Running job: Deploy Application using ArgoCD
[2025-06-16 14:08:15Z INFO JobDispatcher] Start renew job request 0 for job 73b05898-9c85-5a99-b255-8e2e501b5320.
[2025-06-16 14:08:16Z INFO JobDispatcher] Successfully renew job 73b05898-9c85-5a99-b255-8e2e501b5320, job is valid till 16/06/2025 2:18:15 pm
[2025-06-16 14:08:16Z INFO HostContext] Well known directory 'Bin': 'D:\BS(CS)\Flux\actions-runner\bin'
[2025-06-16 14:08:17Z INFO ProcessInvokerWrapper] Starting process:
[2025-06-16 14:08:17Z INFO ProcessInvokerWrapper]   File name: 'D:\BS(CS)\Flux\actions-runner\bin\Runner.Worker.exe'
[2025-06-16 14:08:17Z INFO ProcessInvokerWrapper]   Arguments: 'spawnclient 2424 1452'
[2025-06-16 14:08:17Z INFO ProcessInvokerWrapper]   Working directory: 'D:\BS(CS)\Flux\actions-runner\bin'
[2025-06-16 14:08:17Z INFO ProcessInvokerWrapper]   Require exit code zero: 'False'
[2025-06-16 14:08:17Z INFO ProcessInvokerWrapper]   Encoding web name:  ; code page: ''
[2025-06-16 14:08:17Z INFO ProcessInvokerWrapper]   Force kill process on cancellation: 'True'
[2025-06-16 14:08:17Z INFO ProcessInvokerWrapper]   Redirected STDIN: 'False'
[2025-06-16 14:08:17Z INFO ProcessInvokerWrapper]   Persist current code page: 'False'
[2025-06-16 14:08:17Z INFO ProcessInvokerWrapper]   Keep redirected STDIN open: 'False'
[2025-06-16 14:08:17Z INFO ProcessInvokerWrapper]   High priority process: 'True'
[2025-06-16 14:08:17Z INFO ProcessInvokerWrapper] Process started with process id 9480, waiting for process exit.
[2025-06-16 14:08:17Z INFO JobDispatcher] Send job request message to worker for job 73b05898-9c85-5a99-b255-8e2e501b5320.
[2025-06-16 14:08:17Z INFO MessageListener] BrokerMigration message received. Polling Broker for messages...
[2025-06-16 14:08:17Z INFO ProcessChannel] Sending message of length 20869, with hash 'cc8b53e99882bd76dd207d93380a5ce5c3d0295334e080c733658aa833f63a63'
[2025-06-16 14:08:19Z INFO JobNotification] Entering JobStarted Notification
[2025-06-16 14:08:19Z INFO JobNotification] Entering StartMonitor
[2025-06-16 14:09:08Z INFO MessageListener] BrokerMigration message received. Polling Broker for messages...
[2025-06-16 14:09:17Z INFO JobDispatcher] Successfully renew job 73b05898-9c85-5a99-b255-8e2e501b5320, job is valid till 16/06/2025 2:19:17 pm
[2025-06-16 14:09:58Z INFO MessageListener] BrokerMigration message received. Polling Broker for messages...
[2025-06-16 14:10:18Z INFO JobDispatcher] Successfully renew job 73b05898-9c85-5a99-b255-8e2e501b5320, job is valid till 16/06/2025 2:20:17 pm
[2025-06-16 14:10:49Z INFO MessageListener] BrokerMigration message received. Polling Broker for messages...
[2025-06-16 14:11:18Z INFO JobDispatcher] Successfully renew job 73b05898-9c85-5a99-b255-8e2e501b5320, job is valid till 16/06/2025 2:21:17 pm
[2025-06-16 14:11:40Z INFO MessageListener] BrokerMigration message received. Polling Broker for messages...
[2025-06-16 14:12:18Z INFO JobDispatcher] Successfully renew job 73b05898-9c85-5a99-b255-8e2e501b5320, job is valid till 16/06/2025 2:22:17 pm
[2025-06-16 14:12:30Z INFO MessageListener] BrokerMigration message received. Polling Broker for messages...
[2025-06-16 14:12:35Z INFO ProcessInvokerWrapper] STDOUT/STDERR stream read finished.
[2025-06-16 14:12:35Z INFO ProcessInvokerWrapper] STDOUT/STDERR stream read finished.
[2025-06-16 14:12:36Z INFO ProcessInvokerWrapper] Finished process 9480 with exit code 102, and elapsed time 00:04:18.8249438.
[2025-06-16 14:12:36Z INFO JobDispatcher] Worker finished for job 73b05898-9c85-5a99-b255-8e2e501b5320. Code: 102
[2025-06-16 14:12:36Z INFO JobDispatcher] finish job request for job 73b05898-9c85-5a99-b255-8e2e501b5320 with result: Failed
[2025-06-16 14:12:36Z INFO Terminal] WRITE LINE: 2025-06-16 14:12:36Z: Job Deploy Application using ArgoCD completed with result: Failed
[2025-06-16 14:12:36Z INFO JobDispatcher] Stop renew job request for job 73b05898-9c85-5a99-b255-8e2e501b5320.
[2025-06-16 14:12:36Z INFO JobDispatcher] job renew has been cancelled, stop renew job 73b05898-9c85-5a99-b255-8e2e501b5320.
[2025-06-16 14:12:36Z INFO JobNotification] Entering JobCompleted Notification
[2025-06-16 14:12:36Z INFO JobNotification] Entering EndMonitor
[2025-06-16 14:12:36Z INFO MessageListener] Received job status event. JobState: Online
[2025-06-16 14:13:21Z INFO MessageListener] BrokerMigration message received. Polling Broker for messages...
