[2025-05-12 09:39:48Z INFO HostContext] No proxy settings were found based on environmental variables (http_proxy/https_proxy/HTTP_PROXY/HTTPS_PROXY)
[2025-05-12 09:39:48Z INFO HostContext] Well known directory 'Bin': 'D:\BS(CS)\Flux\actions-runner\bin'
[2025-05-12 09:39:48Z INFO HostContext] Well known directory 'Root': 'D:\BS(CS)\Flux\actions-runner'
[2025-05-12 09:39:48Z INFO HostContext] Well known config file 'Credentials': 'D:\BS(CS)\Flux\actions-runner\.credentials'
[2025-05-12 09:39:48Z INFO HostContext] Well known directory 'Bin': 'D:\BS(CS)\Flux\actions-runner\bin'
[2025-05-12 09:39:48Z INFO HostContext] Well known directory 'Root': 'D:\BS(CS)\Flux\actions-runner'
[2025-05-12 09:39:48Z INFO HostContext] Well known config file 'Runner': 'D:\BS(CS)\Flux\actions-runner\.runner'
[2025-05-12 09:39:48Z INFO Listener] Runner is built for Windows (X64) - win-x64.
[2025-05-12 09:39:48Z INFO Listener] RuntimeInformation: Microsoft Windows 10.0.26100.
[2025-05-12 09:39:48Z INFO Listener] Version: 2.317.0
[2025-05-12 09:39:48Z INFO Listener] Commit: 6dc005ee3690a0303e0d7269b6f60295d22dcfad
[2025-05-12 09:39:48Z INFO Listener] Culture: en-PK
[2025-05-12 09:39:48Z INFO Listener] UI Culture: en-US
[2025-05-12 09:39:48Z INFO HostContext] Well known directory 'Bin': 'D:\BS(CS)\Flux\actions-runner\bin'
[2025-05-12 09:39:48Z INFO HostContext] Well known directory 'Root': 'D:\BS(CS)\Flux\actions-runner'
[2025-05-12 09:39:48Z INFO Listener] Validating directory permissions for: 'D:\BS(CS)\Flux\actions-runner'
[2025-05-12 09:39:48Z INFO CommandLineParser] Parse
[2025-05-12 09:39:48Z INFO CommandLineParser] Parsing 1 args
[2025-05-12 09:39:48Z INFO CommandLineParser] parsing argument
[2025-05-12 09:39:48Z INFO CommandLineParser] HasArgs: False
[2025-05-12 09:39:48Z INFO CommandLineParser] Adding Command: run
[2025-05-12 09:39:48Z INFO Listener] Arguments parsed
[2025-05-12 09:39:48Z INFO Runner] ExecuteCommand
[2025-05-12 09:39:48Z INFO ConfigurationStore] currentAssemblyLocation: D:\BS(CS)\Flux\actions-runner\bin\Runner.Listener.dll
[2025-05-12 09:39:48Z INFO HostContext] Well known directory 'Bin': 'D:\BS(CS)\Flux\actions-runner\bin'
[2025-05-12 09:39:48Z INFO ConfigurationStore] binPath: D:\BS(CS)\Flux\actions-runner\bin
[2025-05-12 09:39:48Z INFO HostContext] Well known directory 'Bin': 'D:\BS(CS)\Flux\actions-runner\bin'
[2025-05-12 09:39:48Z INFO HostContext] Well known directory 'Root': 'D:\BS(CS)\Flux\actions-runner'
[2025-05-12 09:39:48Z INFO ConfigurationStore] RootFolder: D:\BS(CS)\Flux\actions-runner
[2025-05-12 09:39:48Z INFO HostContext] Well known directory 'Bin': 'D:\BS(CS)\Flux\actions-runner\bin'
[2025-05-12 09:39:48Z INFO HostContext] Well known directory 'Root': 'D:\BS(CS)\Flux\actions-runner'
[2025-05-12 09:39:48Z INFO HostContext] Well known config file 'Runner': 'D:\BS(CS)\Flux\actions-runner\.runner'
[2025-05-12 09:39:48Z INFO ConfigurationStore] ConfigFilePath: D:\BS(CS)\Flux\actions-runner\.runner
[2025-05-12 09:39:48Z INFO HostContext] Well known directory 'Bin': 'D:\BS(CS)\Flux\actions-runner\bin'
[2025-05-12 09:39:48Z INFO HostContext] Well known directory 'Root': 'D:\BS(CS)\Flux\actions-runner'
[2025-05-12 09:39:48Z INFO HostContext] Well known config file 'Credentials': 'D:\BS(CS)\Flux\actions-runner\.credentials'
[2025-05-12 09:39:48Z INFO ConfigurationStore] CredFilePath: D:\BS(CS)\Flux\actions-runner\.credentials
[2025-05-12 09:39:48Z INFO HostContext] Well known directory 'Bin': 'D:\BS(CS)\Flux\actions-runner\bin'
[2025-05-12 09:39:48Z INFO HostContext] Well known directory 'Root': 'D:\BS(CS)\Flux\actions-runner'
[2025-05-12 09:39:48Z INFO HostContext] Well known config file 'MigratedCredentials': 'D:\BS(CS)\Flux\actions-runner\.credentials_migrated'
[2025-05-12 09:39:48Z INFO ConfigurationStore] MigratedCredFilePath: D:\BS(CS)\Flux\actions-runner\.credentials_migrated
[2025-05-12 09:39:48Z INFO HostContext] Well known directory 'Bin': 'D:\BS(CS)\Flux\actions-runner\bin'
[2025-05-12 09:39:48Z INFO HostContext] Well known directory 'Root': 'D:\BS(CS)\Flux\actions-runner'
[2025-05-12 09:39:48Z INFO HostContext] Well known config file 'Service': 'D:\BS(CS)\Flux\actions-runner\.service'
[2025-05-12 09:39:48Z INFO ConfigurationStore] ServiceConfigFilePath: D:\BS(CS)\Flux\actions-runner\.service
[2025-05-12 09:39:48Z INFO CommandSettings] Flag 'help': 'False'
[2025-05-12 09:39:48Z INFO CommandSettings] Flag 'version': 'False'
[2025-05-12 09:39:48Z INFO CommandSettings] Flag 'commit': 'False'
[2025-05-12 09:39:48Z INFO CommandSettings] Flag 'check': 'False'
[2025-05-12 09:39:48Z INFO CommandSettings] Command 'configure': 'False'
[2025-05-12 09:39:48Z INFO CommandSettings] Command 'remove': 'False'
[2025-05-12 09:39:48Z INFO CommandSettings] Command 'warmup': 'False'
[2025-05-12 09:39:48Z INFO ConfigurationManager] LoadSettings
[2025-05-12 09:39:48Z INFO ConfigurationStore] IsConfigured()
[2025-05-12 09:39:48Z INFO ConfigurationStore] IsConfigured: True
[2025-05-12 09:39:48Z INFO ConfigurationManager] Is configured: True
[2025-05-12 09:39:48Z INFO ConfigurationStore] Read setting file: 305 chars
[2025-05-12 09:39:48Z INFO ConfigurationManager] Settings Loaded
[2025-05-12 09:39:48Z INFO ConfigurationStore] IsServiceConfigured()
[2025-05-12 09:39:48Z INFO ConfigurationStore] IsServiceConfigured: False
[2025-05-12 09:39:48Z INFO CommandSettings] Command 'run': 'True'
[2025-05-12 09:39:48Z INFO ConfigurationStore] IsConfigured()
[2025-05-12 09:39:48Z INFO ConfigurationStore] IsConfigured: True
[2025-05-12 09:39:48Z INFO ConfigurationManager] Is configured: True
[2025-05-12 09:39:48Z INFO Runner] Could not parse the argument value '' for StartupType. Defaulting to Manual
[2025-05-12 09:39:48Z INFO Runner] Set runner startup type - Manual
[2025-05-12 09:39:48Z INFO CommandSettings] Flag 'once': 'False'
[2025-05-12 09:39:48Z INFO CommandSettings] Flag 'once': 'False'
[2025-05-12 09:39:48Z INFO Runner] RunAsync
[2025-05-12 09:39:48Z INFO ConfigurationManager] LoadSettings
[2025-05-12 09:39:48Z INFO ConfigurationStore] IsConfigured()
[2025-05-12 09:39:48Z INFO ConfigurationStore] IsConfigured: True
[2025-05-12 09:39:48Z INFO ConfigurationManager] Is configured: True
[2025-05-12 09:39:48Z INFO ConfigurationManager] Settings Loaded
[2025-05-12 09:39:48Z INFO MessageListener] {
  "AgentId": 21,
  "AgentName": "DESKTOP-J3BA5A9",
  "PoolId": 1,
  "PoolName": "Default",
  "ServerUrl": "https://pipelinesghubeus2.actions.githubusercontent.com/Tj8oyLxS2V68oiAJ5roUiyLEH828d1rIBuV9k9I67M0dMiqWfk/",
  "GitHubUrl": "https://github.com/mUsman2003/Flux",
  "WorkFolder": "_work"
}
[2025-05-12 09:39:48Z INFO MessageListener] Loading Credentials
[2025-05-12 09:39:48Z INFO ConfigurationStore] HasCredentials()
[2025-05-12 09:39:48Z INFO ConfigurationStore] stored True
[2025-05-12 09:39:48Z INFO CredentialManager] GetCredentialProvider
[2025-05-12 09:39:48Z INFO CredentialManager] Creating type OAuth
[2025-05-12 09:39:48Z INFO CredentialManager] Creating credential type: OAuth
[2025-05-12 09:39:48Z INFO HostContext] Well known directory 'Bin': 'D:\BS(CS)\Flux\actions-runner\bin'
[2025-05-12 09:39:48Z INFO HostContext] Well known directory 'Root': 'D:\BS(CS)\Flux\actions-runner'
[2025-05-12 09:39:48Z INFO HostContext] Well known config file 'RSACredentials': 'D:\BS(CS)\Flux\actions-runner\.credentials_rsaparams'
[2025-05-12 09:39:48Z INFO RSAEncryptedFileKeyManager] Loading RSA key parameters from file D:\BS(CS)\Flux\actions-runner\.credentials_rsaparams
[2025-05-12 09:39:49Z INFO MessageListener] Attempt to create session.
[2025-05-12 09:39:49Z INFO MessageListener] Connecting to the Runner Server...
[2025-05-12 09:39:49Z INFO RunnerServer] EstablishVssConnection
[2025-05-12 09:39:49Z INFO RunnerServer] Establish connection with 100 seconds timeout.
[2025-05-12 09:39:49Z INFO GitHubActionsService] Starting operation Location.GetConnectionData
[2025-05-12 09:39:49Z INFO RunnerServer] EstablishVssConnection
[2025-05-12 09:39:49Z INFO RunnerServer] Establish connection with 60 seconds timeout.
[2025-05-12 09:39:49Z INFO GitHubActionsService] Starting operation Location.GetConnectionData
[2025-05-12 09:39:49Z INFO RunnerServer] EstablishVssConnection
[2025-05-12 09:39:49Z INFO RunnerServer] Establish connection with 60 seconds timeout.
[2025-05-12 09:39:49Z INFO GitHubActionsService] Starting operation Location.GetConnectionData
[2025-05-12 09:39:50Z INFO GitHubActionsService] Finished operation Location.GetConnectionData
[2025-05-12 09:39:50Z INFO GitHubActionsService] Finished operation Location.GetConnectionData
[2025-05-12 09:39:50Z INFO GitHubActionsService] Finished operation Location.GetConnectionData
[2025-05-12 09:39:50Z INFO MessageListener] VssConnection created
[2025-05-12 09:39:50Z INFO Terminal] WRITE LINE: 
[2025-05-12 09:39:50Z INFO Terminal] WRITE LINE: 
[2025-05-12 09:39:51Z INFO RSAEncryptedFileKeyManager] Loading RSA key parameters from file D:\BS(CS)\Flux\actions-runner\.credentials_rsaparams
[2025-05-12 09:39:51Z INFO RSAEncryptedFileKeyManager] Loading RSA key parameters from file D:\BS(CS)\Flux\actions-runner\.credentials_rsaparams
[2025-05-12 09:39:52Z INFO GitHubActionsService] AAD Correlation ID for this token request: Unknown
[2025-05-12 09:39:52Z INFO MessageListener] Session created.
[2025-05-12 09:39:52Z INFO Terminal] WRITE LINE: Current runner version: '2.317.0'
[2025-05-12 09:39:52Z INFO Terminal] WRITE LINE: 2025-05-12 09:39:52Z: Listening for Jobs
[2025-05-12 09:39:52Z INFO JobDispatcher] Set runner/worker IPC timeout to 30 seconds.
[2025-05-12 09:39:53Z INFO MessageListener] BrokerMigration message received. Polling Broker for messages...
[2025-05-12 09:39:53Z INFO RSAEncryptedFileKeyManager] Loading RSA key parameters from file D:\BS(CS)\Flux\actions-runner\.credentials_rsaparams
[2025-05-12 09:39:54Z INFO GitHubActionsService] AAD Correlation ID for this token request: Unknown
[2025-05-12 09:40:45Z INFO MessageListener] BrokerMigration message received. Polling Broker for messages...
[2025-05-12 09:41:12Z INFO MessageListener] Message '6510884593299567518' received from session '01982f8a-f606-480d-8659-0a6211913847'.
[2025-05-12 09:41:12Z INFO ConfigurationStore] HasCredentials()
[2025-05-12 09:41:12Z INFO ConfigurationStore] stored True
[2025-05-12 09:41:12Z INFO CredentialManager] GetCredentialProvider
[2025-05-12 09:41:12Z INFO CredentialManager] Creating type OAuth
[2025-05-12 09:41:12Z INFO CredentialManager] Creating credential type: OAuth
[2025-05-12 09:41:12Z INFO RSAEncryptedFileKeyManager] Loading RSA key parameters from file D:\BS(CS)\Flux\actions-runner\.credentials_rsaparams
[2025-05-12 09:41:12Z INFO RSAEncryptedFileKeyManager] Loading RSA key parameters from file D:\BS(CS)\Flux\actions-runner\.credentials_rsaparams
[2025-05-12 09:41:12Z INFO RSAEncryptedFileKeyManager] Loading RSA key parameters from file D:\BS(CS)\Flux\actions-runner\.credentials_rsaparams
[2025-05-12 09:41:13Z INFO GitHubActionsService] AAD Correlation ID for this token request: Unknown
[2025-05-12 09:41:15Z INFO JobDispatcher] Job request 0 for plan 2d9047ef-4b77-47ae-a38e-1013f902b869 job 2cc8ef3d-e6ea-5402-8a6d-9ae7f09bb1f6 received.
[2025-05-12 09:41:15Z INFO MessageListener] Received job status event. JobState: Busy
[2025-05-12 09:41:15Z INFO MessageListener] _getMessagesTokenSource is already disposed.
[2025-05-12 09:41:15Z INFO Terminal] WRITE LINE: 2025-05-12 09:41:15Z: Running job: Deploy Application using ArgoCD
[2025-05-12 09:41:15Z INFO JobDispatcher] Start renew job request 0 for job 2cc8ef3d-e6ea-5402-8a6d-9ae7f09bb1f6.
[2025-05-12 09:41:16Z INFO JobDispatcher] Successfully renew job 2cc8ef3d-e6ea-5402-8a6d-9ae7f09bb1f6, job is valid till 12/05/2025 9:51:15 am
[2025-05-12 09:41:16Z INFO HostContext] Well known directory 'Bin': 'D:\BS(CS)\Flux\actions-runner\bin'
[2025-05-12 09:41:16Z INFO ProcessInvokerWrapper] Starting process:
[2025-05-12 09:41:16Z INFO ProcessInvokerWrapper]   File name: 'D:\BS(CS)\Flux\actions-runner\bin\Runner.Worker.exe'
[2025-05-12 09:41:16Z INFO ProcessInvokerWrapper]   Arguments: 'spawnclient 1780 2432'
[2025-05-12 09:41:16Z INFO ProcessInvokerWrapper]   Working directory: 'D:\BS(CS)\Flux\actions-runner\bin'
[2025-05-12 09:41:16Z INFO ProcessInvokerWrapper]   Require exit code zero: 'False'
[2025-05-12 09:41:16Z INFO ProcessInvokerWrapper]   Encoding web name:  ; code page: ''
[2025-05-12 09:41:16Z INFO ProcessInvokerWrapper]   Force kill process on cancellation: 'True'
[2025-05-12 09:41:16Z INFO ProcessInvokerWrapper]   Redirected STDIN: 'False'
[2025-05-12 09:41:16Z INFO ProcessInvokerWrapper]   Persist current code page: 'False'
[2025-05-12 09:41:16Z INFO ProcessInvokerWrapper]   Keep redirected STDIN open: 'False'
[2025-05-12 09:41:16Z INFO ProcessInvokerWrapper]   High priority process: 'True'
[2025-05-12 09:41:16Z INFO ProcessInvokerWrapper] Process started with process id 11684, waiting for process exit.
[2025-05-12 09:41:16Z INFO JobDispatcher] Send job request message to worker for job 2cc8ef3d-e6ea-5402-8a6d-9ae7f09bb1f6.
[2025-05-12 09:41:16Z INFO ProcessChannel] Sending message of length 21077, with hash '9f01d57359a80bd75247de0b0a068212c5b5cc41e0a28f3d6bb1350f4d53c475'
[2025-05-12 09:41:17Z INFO MessageListener] BrokerMigration message received. Polling Broker for messages...
[2025-05-12 09:41:17Z INFO JobNotification] Entering JobStarted Notification
[2025-05-12 09:41:17Z INFO JobNotification] Entering StartMonitor
[2025-05-12 09:42:07Z INFO MessageListener] BrokerMigration message received. Polling Broker for messages...
[2025-05-12 09:42:17Z INFO JobDispatcher] Successfully renew job 2cc8ef3d-e6ea-5402-8a6d-9ae7f09bb1f6, job is valid till 12/05/2025 9:52:16 am
[2025-05-12 09:42:55Z INFO ProcessInvokerWrapper] STDOUT/STDERR stream read finished.
[2025-05-12 09:42:55Z INFO ProcessInvokerWrapper] STDOUT/STDERR stream read finished.
[2025-05-12 09:42:55Z INFO ProcessInvokerWrapper] Finished process 11684 with exit code 102, and elapsed time 00:01:38.7255701.
[2025-05-12 09:42:55Z INFO JobDispatcher] Worker finished for job 2cc8ef3d-e6ea-5402-8a6d-9ae7f09bb1f6. Code: 102
[2025-05-12 09:42:55Z INFO JobDispatcher] finish job request for job 2cc8ef3d-e6ea-5402-8a6d-9ae7f09bb1f6 with result: Failed
[2025-05-12 09:42:55Z INFO Terminal] WRITE LINE: 2025-05-12 09:42:55Z: Job Deploy Application using ArgoCD completed with result: Failed
[2025-05-12 09:42:55Z INFO JobDispatcher] Stop renew job request for job 2cc8ef3d-e6ea-5402-8a6d-9ae7f09bb1f6.
[2025-05-12 09:42:55Z INFO JobDispatcher] job renew has been cancelled, stop renew job 2cc8ef3d-e6ea-5402-8a6d-9ae7f09bb1f6.
[2025-05-12 09:42:55Z INFO JobNotification] Entering JobCompleted Notification
[2025-05-12 09:42:55Z INFO JobNotification] Entering EndMonitor
[2025-05-12 09:42:55Z INFO MessageListener] Received job status event. JobState: Online
[2025-05-12 09:42:58Z INFO MessageListener] BrokerMigration message received. Polling Broker for messages...
[2025-05-12 09:43:49Z INFO MessageListener] BrokerMigration message received. Polling Broker for messages...
[2025-05-12 09:44:39Z INFO MessageListener] BrokerMigration message received. Polling Broker for messages...
[2025-05-12 09:45:31Z INFO MessageListener] BrokerMigration message received. Polling Broker for messages...
[2025-05-12 09:46:22Z INFO MessageListener] BrokerMigration message received. Polling Broker for messages...
[2025-05-12 09:47:13Z INFO MessageListener] BrokerMigration message received. Polling Broker for messages...
[2025-05-12 09:48:03Z INFO MessageListener] BrokerMigration message received. Polling Broker for messages...
[2025-05-12 09:48:54Z INFO MessageListener] BrokerMigration message received. Polling Broker for messages...
[2025-05-12 09:49:45Z INFO MessageListener] BrokerMigration message received. Polling Broker for messages...
[2025-05-12 09:50:35Z INFO MessageListener] BrokerMigration message received. Polling Broker for messages...
[2025-05-12 09:51:26Z INFO MessageListener] BrokerMigration message received. Polling Broker for messages...
[2025-05-12 09:52:17Z INFO MessageListener] BrokerMigration message received. Polling Broker for messages...
[2025-05-12 09:53:07Z INFO MessageListener] BrokerMigration message received. Polling Broker for messages...
[2025-05-12 09:53:58Z INFO MessageListener] BrokerMigration message received. Polling Broker for messages...
[2025-05-12 09:54:49Z INFO MessageListener] BrokerMigration message received. Polling Broker for messages...
[2025-05-12 09:55:39Z INFO MessageListener] BrokerMigration message received. Polling Broker for messages...
[2025-05-12 09:56:30Z INFO MessageListener] BrokerMigration message received. Polling Broker for messages...
[2025-05-12 09:57:21Z INFO MessageListener] BrokerMigration message received. Polling Broker for messages...
[2025-05-12 09:58:11Z INFO MessageListener] BrokerMigration message received. Polling Broker for messages...
[2025-05-12 09:59:02Z INFO MessageListener] BrokerMigration message received. Polling Broker for messages...
[2025-05-12 09:59:53Z INFO MessageListener] BrokerMigration message received. Polling Broker for messages...
[2025-05-12 10:00:43Z INFO MessageListener] BrokerMigration message received. Polling Broker for messages...
[2025-05-12 10:01:34Z INFO MessageListener] BrokerMigration message received. Polling Broker for messages...
[2025-05-12 10:02:25Z INFO MessageListener] BrokerMigration message received. Polling Broker for messages...
[2025-05-12 10:03:15Z INFO MessageListener] BrokerMigration message received. Polling Broker for messages...
[2025-05-12 10:04:06Z INFO MessageListener] BrokerMigration message received. Polling Broker for messages...
[2025-05-12 10:04:16Z INFO Terminal] WRITE LINE: Exiting...
[2025-05-12 10:04:16Z INFO ConfigurationStore] IsServiceConfigured()
[2025-05-12 10:04:16Z INFO ConfigurationStore] IsServiceConfigured: False
[2025-05-12 10:04:16Z INFO HostContext] Runner will be shutdown for UserCancelled
[2025-05-12 10:04:16Z WARN GitHubActionsService] GET request to https://broker.actions.githubusercontent.com/message?sessionId=01982f8a-f606-480d-8659-0a6211913847&status=Online&runnerVersion=2.317.0&os=Windows&architecture=X64&disableUpdate=false has been cancelled.
[2025-05-12 10:04:16Z ERR  BrokerServer] Catch exception during request
[2025-05-12 10:04:16Z ERR  BrokerServer] System.Threading.Tasks.TaskCanceledException: The operation was canceled.
 ---> System.IO.IOException: Unable to read data from the transport connection: The I/O operation has been aborted because of either a thread exit or an application request..
 ---> System.Net.Sockets.SocketException (995): The I/O operation has been aborted because of either a thread exit or an application request.
   --- End of inner exception stack trace ---
   at System.Net.Sockets.Socket.AwaitableSocketAsyncEventArgs.ThrowException(SocketError error, CancellationToken cancellationToken)
   at System.Net.Sockets.Socket.AwaitableSocketAsyncEventArgs.System.Threading.Tasks.Sources.IValueTaskSource<System.Int32>.GetResult(Int16 token)
   at System.Net.Security.SslStream.EnsureFullTlsFrameAsync[TIOAdapter](TIOAdapter adapter)
   at System.Net.Security.SslStream.ReadAsyncInternal[TIOAdapter](TIOAdapter adapter, Memory`1 buffer)
   at System.Net.Http.HttpConnection.SendAsyncCore(HttpRequestMessage request, Boolean async, CancellationToken cancellationToken)
   --- End of inner exception stack trace ---
   at System.Net.Http.HttpClient.HandleFailure(Exception e, Boolean telemetryStarted, HttpResponseMessage response, CancellationTokenSource cts, CancellationToken cancellationToken, CancellationTokenSource pendingRequestsCts)
   at System.Net.Http.HttpClient.<SendAsync>g__Core|83_0(HttpRequestMessage request, HttpCompletionOption completionOption, CancellationTokenSource cts, Boolean disposeCts, CancellationTokenSource pendingRequestsCts, CancellationToken originalCancellationToken)
   at Sdk.WebApi.WebApi.RawHttpClientBase.SendAsync(HttpRequestMessage message, HttpCompletionOption completionOption, Object userState, CancellationToken cancellationToken)
   at Sdk.WebApi.WebApi.RawHttpClientBase.SendAsync[T](HttpRequestMessage message, Object userState, CancellationToken cancellationToken)
   at Sdk.WebApi.WebApi.RawHttpClientBase.SendAsync[T](HttpMethod method, IEnumerable`1 additionalHeaders, Uri requestUri, HttpContent content, IEnumerable`1 queryParameters, Object userState, CancellationToken cancellationToken)
   at GitHub.Actions.RunService.WebApi.BrokerHttpClient.GetRunnerMessageAsync(Nullable`1 sessionId, String runnerVersion, Nullable`1 status, String os, String architecture, Nullable`1 disableUpdate, CancellationToken cancellationToken)
   at GitHub.Runner.Common.BrokerServer.<>c__DisplayClass7_0.<<GetRunnerMessageAsync>b__0>d.MoveNext()
--- End of stack trace from previous location ---
   at GitHub.Runner.Common.RunnerService.RetryRequest[T](Func`1 func, CancellationToken cancellationToken, Int32 maxRetryAttemptsCount, Func`2 shouldRetry)
[2025-05-12 10:04:16Z ERR  BrokerServer] #####################################################
[2025-05-12 10:04:16Z ERR  BrokerServer] System.IO.IOException: Unable to read data from the transport connection: The I/O operation has been aborted because of either a thread exit or an application request..
 ---> System.Net.Sockets.SocketException (995): The I/O operation has been aborted because of either a thread exit or an application request.
   --- End of inner exception stack trace ---
   at System.Net.Sockets.Socket.AwaitableSocketAsyncEventArgs.ThrowException(SocketError error, CancellationToken cancellationToken)
   at System.Net.Sockets.Socket.AwaitableSocketAsyncEventArgs.System.Threading.Tasks.Sources.IValueTaskSource<System.Int32>.GetResult(Int16 token)
   at System.Net.Security.SslStream.EnsureFullTlsFrameAsync[TIOAdapter](TIOAdapter adapter)
   at System.Net.Security.SslStream.ReadAsyncInternal[TIOAdapter](TIOAdapter adapter, Memory`1 buffer)
   at System.Net.Http.HttpConnection.SendAsyncCore(HttpRequestMessage request, Boolean async, CancellationToken cancellationToken)
[2025-05-12 10:04:16Z ERR  BrokerServer] #####################################################
[2025-05-12 10:04:16Z ERR  BrokerServer] System.Net.Sockets.SocketException (995): The I/O operation has been aborted because of either a thread exit or an application request.
[2025-05-12 10:04:16Z WARN BrokerServer] Back off 9.133 seconds before next retry. 4 attempt left.
[2025-05-12 10:04:16Z INFO MessageListener] Get next message has been cancelled.
[2025-05-12 10:04:16Z INFO JobDispatcher] Shutting down JobDispatcher. Make sure all WorkerDispatcher has finished.
[2025-05-12 10:04:16Z INFO JobDispatcher] Ensure WorkerDispatcher for job 2cc8ef3d-e6ea-5402-8a6d-9ae7f09bb1f6 run to finish, cancel any running job.
[2025-05-12 10:04:16Z INFO JobDispatcher] Job request 2cc8ef3d-e6ea-5402-8a6d-9ae7f09bb1f6 processed succeed.
[2025-05-12 10:04:16Z INFO Runner] Deleting Runner Session...
[2025-05-12 10:04:16Z INFO Terminal] WRITE LINE: Exiting...
[2025-05-12 10:04:16Z INFO ConfigurationStore] IsServiceConfigured()
[2025-05-12 10:04:16Z INFO ConfigurationStore] IsServiceConfigured: False
[2025-05-12 10:04:16Z INFO HostContext] Runner will be shutdown for UserCancelled
[2025-05-12 10:04:16Z INFO Terminal] WRITE LINE: Exiting...
[2025-05-12 10:04:16Z INFO ConfigurationStore] IsServiceConfigured()
[2025-05-12 10:04:16Z INFO ConfigurationStore] IsServiceConfigured: False
[2025-05-12 10:04:16Z INFO HostContext] Runner will be shutdown for UserCancelled
[2025-05-12 10:04:16Z INFO Listener] Runner execution been cancelled.
