[2025-06-12 17:32:46Z INFO HostContext] No proxy settings were found based on environmental variables (http_proxy/https_proxy/HTTP_PROXY/HTTPS_PROXY)
[2025-06-12 17:32:46Z INFO HostContext] Well known directory 'Bin': 'D:\BS(CS)\Flux\actions-runner\bin'
[2025-06-12 17:32:46Z INFO HostContext] Well known directory 'Root': 'D:\BS(CS)\Flux\actions-runner'
[2025-06-12 17:32:46Z INFO HostContext] Well known config file 'Credentials': 'D:\BS(CS)\Flux\actions-runner\.credentials'
[2025-06-12 17:32:49Z INFO HostContext] Well known directory 'Bin': 'D:\BS(CS)\Flux\actions-runner\bin'
[2025-06-12 17:32:49Z INFO HostContext] Well known directory 'Root': 'D:\BS(CS)\Flux\actions-runner'
[2025-06-12 17:32:49Z INFO HostContext] Well known config file 'Runner': 'D:\BS(CS)\Flux\actions-runner\.runner'
[2025-06-12 17:32:50Z INFO Listener] Runner is built for Windows (X64) - win-x64.
[2025-06-12 17:32:50Z INFO Listener] RuntimeInformation: Microsoft Windows 10.0.26100.
[2025-06-12 17:32:50Z INFO Listener] Version: 2.317.0
[2025-06-12 17:32:50Z INFO Listener] Commit: 6dc005ee3690a0303e0d7269b6f60295d22dcfad
[2025-06-12 17:32:50Z INFO Listener] Culture: en-PK
[2025-06-12 17:32:50Z INFO Listener] UI Culture: en-US
[2025-06-12 17:32:50Z INFO HostContext] Well known directory 'Bin': 'D:\BS(CS)\Flux\actions-runner\bin'
[2025-06-12 17:32:50Z INFO HostContext] Well known directory 'Root': 'D:\BS(CS)\Flux\actions-runner'
[2025-06-12 17:32:50Z INFO Listener] Validating directory permissions for: 'D:\BS(CS)\Flux\actions-runner'
[2025-06-12 17:32:50Z INFO CommandLineParser] Parse
[2025-06-12 17:32:50Z INFO CommandLineParser] Parsing 1 args
[2025-06-12 17:32:50Z INFO CommandLineParser] parsing argument
[2025-06-12 17:32:50Z INFO CommandLineParser] HasArgs: False
[2025-06-12 17:32:50Z INFO CommandLineParser] Adding Command: run
[2025-06-12 17:32:50Z INFO Listener] Arguments parsed
[2025-06-12 17:32:51Z INFO Runner] ExecuteCommand
[2025-06-12 17:32:51Z INFO ConfigurationStore] currentAssemblyLocation: D:\BS(CS)\Flux\actions-runner\bin\Runner.Listener.dll
[2025-06-12 17:32:51Z INFO HostContext] Well known directory 'Bin': 'D:\BS(CS)\Flux\actions-runner\bin'
[2025-06-12 17:32:51Z INFO ConfigurationStore] binPath: D:\BS(CS)\Flux\actions-runner\bin
[2025-06-12 17:32:51Z INFO HostContext] Well known directory 'Bin': 'D:\BS(CS)\Flux\actions-runner\bin'
[2025-06-12 17:32:51Z INFO HostContext] Well known directory 'Root': 'D:\BS(CS)\Flux\actions-runner'
[2025-06-12 17:32:51Z INFO ConfigurationStore] RootFolder: D:\BS(CS)\Flux\actions-runner
[2025-06-12 17:32:51Z INFO HostContext] Well known directory 'Bin': 'D:\BS(CS)\Flux\actions-runner\bin'
[2025-06-12 17:32:51Z INFO HostContext] Well known directory 'Root': 'D:\BS(CS)\Flux\actions-runner'
[2025-06-12 17:32:51Z INFO HostContext] Well known config file 'Runner': 'D:\BS(CS)\Flux\actions-runner\.runner'
[2025-06-12 17:32:51Z INFO ConfigurationStore] ConfigFilePath: D:\BS(CS)\Flux\actions-runner\.runner
[2025-06-12 17:32:51Z INFO HostContext] Well known directory 'Bin': 'D:\BS(CS)\Flux\actions-runner\bin'
[2025-06-12 17:32:51Z INFO HostContext] Well known directory 'Root': 'D:\BS(CS)\Flux\actions-runner'
[2025-06-12 17:32:51Z INFO HostContext] Well known config file 'Credentials': 'D:\BS(CS)\Flux\actions-runner\.credentials'
[2025-06-12 17:32:51Z INFO ConfigurationStore] CredFilePath: D:\BS(CS)\Flux\actions-runner\.credentials
[2025-06-12 17:32:51Z INFO HostContext] Well known directory 'Bin': 'D:\BS(CS)\Flux\actions-runner\bin'
[2025-06-12 17:32:51Z INFO HostContext] Well known directory 'Root': 'D:\BS(CS)\Flux\actions-runner'
[2025-06-12 17:32:51Z INFO HostContext] Well known config file 'MigratedCredentials': 'D:\BS(CS)\Flux\actions-runner\.credentials_migrated'
[2025-06-12 17:32:51Z INFO ConfigurationStore] MigratedCredFilePath: D:\BS(CS)\Flux\actions-runner\.credentials_migrated
[2025-06-12 17:32:51Z INFO HostContext] Well known directory 'Bin': 'D:\BS(CS)\Flux\actions-runner\bin'
[2025-06-12 17:32:51Z INFO HostContext] Well known directory 'Root': 'D:\BS(CS)\Flux\actions-runner'
[2025-06-12 17:32:51Z INFO HostContext] Well known config file 'Service': 'D:\BS(CS)\Flux\actions-runner\.service'
[2025-06-12 17:32:51Z INFO ConfigurationStore] ServiceConfigFilePath: D:\BS(CS)\Flux\actions-runner\.service
[2025-06-12 17:32:51Z INFO CommandSettings] Flag 'help': 'False'
[2025-06-12 17:32:51Z INFO CommandSettings] Flag 'version': 'False'
[2025-06-12 17:32:51Z INFO CommandSettings] Flag 'commit': 'False'
[2025-06-12 17:32:51Z INFO CommandSettings] Flag 'check': 'False'
[2025-06-12 17:32:51Z INFO CommandSettings] Command 'configure': 'False'
[2025-06-12 17:32:51Z INFO CommandSettings] Command 'remove': 'False'
[2025-06-12 17:32:51Z INFO CommandSettings] Command 'warmup': 'False'
[2025-06-12 17:32:51Z INFO ConfigurationManager] LoadSettings
[2025-06-12 17:32:51Z INFO ConfigurationStore] IsConfigured()
[2025-06-12 17:32:51Z INFO ConfigurationStore] IsConfigured: True
[2025-06-12 17:32:51Z INFO ConfigurationManager] Is configured: True
[2025-06-12 17:32:51Z INFO ConfigurationStore] Read setting file: 305 chars
[2025-06-12 17:32:51Z INFO ConfigurationManager] Settings Loaded
[2025-06-12 17:32:51Z INFO ConfigurationStore] IsServiceConfigured()
[2025-06-12 17:32:51Z INFO ConfigurationStore] IsServiceConfigured: False
[2025-06-12 17:32:51Z INFO CommandSettings] Command 'run': 'True'
[2025-06-12 17:32:51Z INFO ConfigurationStore] IsConfigured()
[2025-06-12 17:32:51Z INFO ConfigurationStore] IsConfigured: True
[2025-06-12 17:32:51Z INFO ConfigurationManager] Is configured: True
[2025-06-12 17:32:51Z INFO Runner] Could not parse the argument value '' for StartupType. Defaulting to Manual
[2025-06-12 17:32:51Z INFO Runner] Set runner startup type - Manual
[2025-06-12 17:32:51Z INFO CommandSettings] Flag 'once': 'False'
[2025-06-12 17:32:51Z INFO CommandSettings] Flag 'once': 'False'
[2025-06-12 17:32:51Z INFO Runner] RunAsync
[2025-06-12 17:32:51Z INFO ConfigurationManager] LoadSettings
[2025-06-12 17:32:51Z INFO ConfigurationStore] IsConfigured()
[2025-06-12 17:32:51Z INFO ConfigurationStore] IsConfigured: True
[2025-06-12 17:32:51Z INFO ConfigurationManager] Is configured: True
[2025-06-12 17:32:51Z INFO ConfigurationManager] Settings Loaded
[2025-06-12 17:32:51Z INFO MessageListener] {
  "AgentId": 21,
  "AgentName": "DESKTOP-J3BA5A9",
  "PoolId": 1,
  "PoolName": "Default",
  "ServerUrl": "https://pipelinesghubeus2.actions.githubusercontent.com/Tj8oyLxS2V68oiAJ5roUiyLEH828d1rIBuV9k9I67M0dMiqWfk/",
  "GitHubUrl": "https://github.com/mUsman2003/Flux",
  "WorkFolder": "_work"
}
[2025-06-12 17:32:51Z INFO MessageListener] Loading Credentials
[2025-06-12 17:32:51Z INFO ConfigurationStore] HasCredentials()
[2025-06-12 17:32:51Z INFO ConfigurationStore] stored True
[2025-06-12 17:32:51Z INFO CredentialManager] GetCredentialProvider
[2025-06-12 17:32:51Z INFO CredentialManager] Creating type OAuth
[2025-06-12 17:32:51Z INFO CredentialManager] Creating credential type: OAuth
[2025-06-12 17:32:51Z INFO HostContext] Well known directory 'Bin': 'D:\BS(CS)\Flux\actions-runner\bin'
[2025-06-12 17:32:51Z INFO HostContext] Well known directory 'Root': 'D:\BS(CS)\Flux\actions-runner'
[2025-06-12 17:32:51Z INFO HostContext] Well known config file 'RSACredentials': 'D:\BS(CS)\Flux\actions-runner\.credentials_rsaparams'
[2025-06-12 17:32:51Z INFO RSAEncryptedFileKeyManager] Loading RSA key parameters from file D:\BS(CS)\Flux\actions-runner\.credentials_rsaparams
[2025-06-12 17:32:52Z INFO MessageListener] Attempt to create session.
[2025-06-12 17:32:52Z INFO MessageListener] Connecting to the Runner Server...
[2025-06-12 17:32:52Z INFO RunnerServer] EstablishVssConnection
[2025-06-12 17:32:52Z INFO RunnerServer] Establish connection with 100 seconds timeout.
[2025-06-12 17:32:53Z INFO GitHubActionsService] Starting operation Location.GetConnectionData
[2025-06-12 17:32:53Z INFO RunnerServer] EstablishVssConnection
[2025-06-12 17:32:53Z INFO RunnerServer] Establish connection with 60 seconds timeout.
[2025-06-12 17:32:53Z INFO GitHubActionsService] Starting operation Location.GetConnectionData
[2025-06-12 17:32:53Z INFO RunnerServer] EstablishVssConnection
[2025-06-12 17:32:53Z INFO RunnerServer] Establish connection with 60 seconds timeout.
[2025-06-12 17:32:53Z INFO GitHubActionsService] Starting operation Location.GetConnectionData
[2025-06-12 17:32:55Z INFO GitHubActionsService] Finished operation Location.GetConnectionData
[2025-06-12 17:32:55Z INFO GitHubActionsService] Finished operation Location.GetConnectionData
[2025-06-12 17:32:55Z INFO GitHubActionsService] Finished operation Location.GetConnectionData
[2025-06-12 17:32:55Z INFO MessageListener] VssConnection created
[2025-06-12 17:32:55Z INFO Terminal] WRITE LINE: 
[2025-06-12 17:32:55Z INFO Terminal] WRITE LINE: 
[2025-06-12 17:32:56Z INFO RSAEncryptedFileKeyManager] Loading RSA key parameters from file D:\BS(CS)\Flux\actions-runner\.credentials_rsaparams
[2025-06-12 17:32:56Z INFO RSAEncryptedFileKeyManager] Loading RSA key parameters from file D:\BS(CS)\Flux\actions-runner\.credentials_rsaparams
[2025-06-12 17:32:57Z INFO GitHubActionsService] AAD Correlation ID for this token request: Unknown
[2025-06-12 17:32:57Z INFO MessageListener] Session created.
[2025-06-12 17:32:57Z INFO Terminal] WRITE LINE: Current runner version: '2.317.0'
[2025-06-12 17:32:57Z INFO Terminal] WRITE LINE: 2025-06-12 17:32:57Z: Listening for Jobs
[2025-06-12 17:32:57Z INFO JobDispatcher] Set runner/worker IPC timeout to 30 seconds.
[2025-06-12 17:32:58Z INFO MessageListener] BrokerMigration message received. Polling Broker for messages...
[2025-06-12 17:32:58Z INFO RSAEncryptedFileKeyManager] Loading RSA key parameters from file D:\BS(CS)\Flux\actions-runner\.credentials_rsaparams
[2025-06-12 17:32:59Z INFO GitHubActionsService] AAD Correlation ID for this token request: Unknown
[2025-06-12 17:33:50Z INFO MessageListener] BrokerMigration message received. Polling Broker for messages...
[2025-06-12 17:34:41Z INFO MessageListener] BrokerMigration message received. Polling Broker for messages...
[2025-06-12 17:35:31Z INFO MessageListener] BrokerMigration message received. Polling Broker for messages...
[2025-06-12 17:36:22Z INFO MessageListener] BrokerMigration message received. Polling Broker for messages...
[2025-06-12 17:37:12Z INFO MessageListener] BrokerMigration message received. Polling Broker for messages...
[2025-06-12 17:38:03Z INFO MessageListener] BrokerMigration message received. Polling Broker for messages...
[2025-06-12 17:38:54Z INFO MessageListener] BrokerMigration message received. Polling Broker for messages...
[2025-06-12 17:39:45Z INFO MessageListener] BrokerMigration message received. Polling Broker for messages...
[2025-06-12 17:40:35Z INFO MessageListener] BrokerMigration message received. Polling Broker for messages...
[2025-06-12 17:41:26Z INFO MessageListener] BrokerMigration message received. Polling Broker for messages...
[2025-06-12 17:42:16Z INFO MessageListener] BrokerMigration message received. Polling Broker for messages...
[2025-06-12 17:43:07Z INFO MessageListener] BrokerMigration message received. Polling Broker for messages...
[2025-06-12 17:43:58Z INFO MessageListener] BrokerMigration message received. Polling Broker for messages...
[2025-06-12 17:44:48Z INFO MessageListener] BrokerMigration message received. Polling Broker for messages...
[2025-06-12 17:45:39Z INFO MessageListener] BrokerMigration message received. Polling Broker for messages...
[2025-06-12 17:46:30Z INFO MessageListener] BrokerMigration message received. Polling Broker for messages...
[2025-06-12 17:47:21Z INFO MessageListener] BrokerMigration message received. Polling Broker for messages...
