[2025-06-14 15:05:16Z INFO HostContext] No proxy settings were found based on environmental variables (http_proxy/https_proxy/HTTP_PROXY/HTTPS_PROXY)
[2025-06-14 15:05:16Z INFO HostContext] Well known directory 'Bin': 'D:\BS(CS)\Flux\actions-runner\bin'
[2025-06-14 15:05:16Z INFO HostContext] Well known directory 'Root': 'D:\BS(CS)\Flux\actions-runner'
[2025-06-14 15:05:16Z INFO HostContext] Well known config file 'Credentials': 'D:\BS(CS)\Flux\actions-runner\.credentials'
[2025-06-14 15:05:17Z INFO HostContext] Well known directory 'Bin': 'D:\BS(CS)\Flux\actions-runner\bin'
[2025-06-14 15:05:17Z INFO HostContext] Well known directory 'Root': 'D:\BS(CS)\Flux\actions-runner'
[2025-06-14 15:05:17Z INFO HostContext] Well known config file 'Runner': 'D:\BS(CS)\Flux\actions-runner\.runner'
[2025-06-14 15:05:17Z INFO Listener] Runner is built for Windows (X64) - win-x64.
[2025-06-14 15:05:17Z INFO Listener] RuntimeInformation: Microsoft Windows 10.0.26100.
[2025-06-14 15:05:17Z INFO Listener] Version: 2.317.0
[2025-06-14 15:05:17Z INFO Listener] Commit: 6dc005ee3690a0303e0d7269b6f60295d22dcfad
[2025-06-14 15:05:17Z INFO Listener] Culture: en-PK
[2025-06-14 15:05:17Z INFO Listener] UI Culture: en-US
[2025-06-14 15:05:17Z INFO HostContext] Well known directory 'Bin': 'D:\BS(CS)\Flux\actions-runner\bin'
[2025-06-14 15:05:17Z INFO HostContext] Well known directory 'Root': 'D:\BS(CS)\Flux\actions-runner'
[2025-06-14 15:05:17Z INFO Listener] Validating directory permissions for: 'D:\BS(CS)\Flux\actions-runner'
[2025-06-14 15:05:17Z INFO CommandLineParser] Parse
[2025-06-14 15:05:17Z INFO CommandLineParser] Parsing 1 args
[2025-06-14 15:05:17Z INFO CommandLineParser] parsing argument
[2025-06-14 15:05:17Z INFO CommandLineParser] HasArgs: False
[2025-06-14 15:05:17Z INFO CommandLineParser] Adding Command: run
[2025-06-14 15:05:17Z INFO Listener] Arguments parsed
[2025-06-14 15:05:17Z INFO Runner] ExecuteCommand
[2025-06-14 15:05:17Z INFO ConfigurationStore] currentAssemblyLocation: D:\BS(CS)\Flux\actions-runner\bin\Runner.Listener.dll
[2025-06-14 15:05:17Z INFO HostContext] Well known directory 'Bin': 'D:\BS(CS)\Flux\actions-runner\bin'
[2025-06-14 15:05:17Z INFO ConfigurationStore] binPath: D:\BS(CS)\Flux\actions-runner\bin
[2025-06-14 15:05:17Z INFO HostContext] Well known directory 'Bin': 'D:\BS(CS)\Flux\actions-runner\bin'
[2025-06-14 15:05:17Z INFO HostContext] Well known directory 'Root': 'D:\BS(CS)\Flux\actions-runner'
[2025-06-14 15:05:17Z INFO ConfigurationStore] RootFolder: D:\BS(CS)\Flux\actions-runner
[2025-06-14 15:05:17Z INFO HostContext] Well known directory 'Bin': 'D:\BS(CS)\Flux\actions-runner\bin'
[2025-06-14 15:05:17Z INFO HostContext] Well known directory 'Root': 'D:\BS(CS)\Flux\actions-runner'
[2025-06-14 15:05:17Z INFO HostContext] Well known config file 'Runner': 'D:\BS(CS)\Flux\actions-runner\.runner'
[2025-06-14 15:05:17Z INFO ConfigurationStore] ConfigFilePath: D:\BS(CS)\Flux\actions-runner\.runner
[2025-06-14 15:05:17Z INFO HostContext] Well known directory 'Bin': 'D:\BS(CS)\Flux\actions-runner\bin'
[2025-06-14 15:05:17Z INFO HostContext] Well known directory 'Root': 'D:\BS(CS)\Flux\actions-runner'
[2025-06-14 15:05:17Z INFO HostContext] Well known config file 'Credentials': 'D:\BS(CS)\Flux\actions-runner\.credentials'
[2025-06-14 15:05:17Z INFO ConfigurationStore] CredFilePath: D:\BS(CS)\Flux\actions-runner\.credentials
[2025-06-14 15:05:17Z INFO HostContext] Well known directory 'Bin': 'D:\BS(CS)\Flux\actions-runner\bin'
[2025-06-14 15:05:17Z INFO HostContext] Well known directory 'Root': 'D:\BS(CS)\Flux\actions-runner'
[2025-06-14 15:05:17Z INFO HostContext] Well known config file 'MigratedCredentials': 'D:\BS(CS)\Flux\actions-runner\.credentials_migrated'
[2025-06-14 15:05:17Z INFO ConfigurationStore] MigratedCredFilePath: D:\BS(CS)\Flux\actions-runner\.credentials_migrated
[2025-06-14 15:05:17Z INFO HostContext] Well known directory 'Bin': 'D:\BS(CS)\Flux\actions-runner\bin'
[2025-06-14 15:05:17Z INFO HostContext] Well known directory 'Root': 'D:\BS(CS)\Flux\actions-runner'
[2025-06-14 15:05:17Z INFO HostContext] Well known config file 'Service': 'D:\BS(CS)\Flux\actions-runner\.service'
[2025-06-14 15:05:17Z INFO ConfigurationStore] ServiceConfigFilePath: D:\BS(CS)\Flux\actions-runner\.service
[2025-06-14 15:05:17Z INFO CommandSettings] Flag 'help': 'False'
[2025-06-14 15:05:17Z INFO CommandSettings] Flag 'version': 'False'
[2025-06-14 15:05:17Z INFO CommandSettings] Flag 'commit': 'False'
[2025-06-14 15:05:17Z INFO CommandSettings] Flag 'check': 'False'
[2025-06-14 15:05:17Z INFO CommandSettings] Command 'configure': 'False'
[2025-06-14 15:05:17Z INFO CommandSettings] Command 'remove': 'False'
[2025-06-14 15:05:17Z INFO CommandSettings] Command 'warmup': 'False'
[2025-06-14 15:05:17Z INFO ConfigurationManager] LoadSettings
[2025-06-14 15:05:17Z INFO ConfigurationStore] IsConfigured()
[2025-06-14 15:05:17Z INFO ConfigurationStore] IsConfigured: True
[2025-06-14 15:05:17Z INFO ConfigurationManager] Is configured: True
[2025-06-14 15:05:17Z INFO ConfigurationStore] Read setting file: 305 chars
[2025-06-14 15:05:17Z INFO ConfigurationManager] Settings Loaded
[2025-06-14 15:05:17Z INFO ConfigurationStore] IsServiceConfigured()
[2025-06-14 15:05:17Z INFO ConfigurationStore] IsServiceConfigured: False
[2025-06-14 15:05:17Z INFO CommandSettings] Command 'run': 'True'
[2025-06-14 15:05:17Z INFO ConfigurationStore] IsConfigured()
[2025-06-14 15:05:17Z INFO ConfigurationStore] IsConfigured: True
[2025-06-14 15:05:17Z INFO ConfigurationManager] Is configured: True
[2025-06-14 15:05:17Z INFO Runner] Could not parse the argument value '' for StartupType. Defaulting to Manual
[2025-06-14 15:05:17Z INFO Runner] Set runner startup type - Manual
[2025-06-14 15:05:17Z INFO CommandSettings] Flag 'once': 'False'
[2025-06-14 15:05:17Z INFO CommandSettings] Flag 'once': 'False'
[2025-06-14 15:05:17Z INFO Runner] RunAsync
[2025-06-14 15:05:17Z INFO ConfigurationManager] LoadSettings
[2025-06-14 15:05:17Z INFO ConfigurationStore] IsConfigured()
[2025-06-14 15:05:17Z INFO ConfigurationStore] IsConfigured: True
[2025-06-14 15:05:17Z INFO ConfigurationManager] Is configured: True
[2025-06-14 15:05:17Z INFO ConfigurationManager] Settings Loaded
[2025-06-14 15:05:17Z INFO MessageListener] {
  "AgentId": 21,
  "AgentName": "DESKTOP-J3BA5A9",
  "PoolId": 1,
  "PoolName": "Default",
  "ServerUrl": "https://pipelinesghubeus2.actions.githubusercontent.com/Tj8oyLxS2V68oiAJ5roUiyLEH828d1rIBuV9k9I67M0dMiqWfk/",
  "GitHubUrl": "https://github.com/mUsman2003/Flux",
  "WorkFolder": "_work"
}
[2025-06-14 15:05:17Z INFO MessageListener] Loading Credentials
[2025-06-14 15:05:17Z INFO ConfigurationStore] HasCredentials()
[2025-06-14 15:05:17Z INFO ConfigurationStore] stored True
[2025-06-14 15:05:17Z INFO CredentialManager] GetCredentialProvider
[2025-06-14 15:05:17Z INFO CredentialManager] Creating type OAuth
[2025-06-14 15:05:17Z INFO CredentialManager] Creating credential type: OAuth
[2025-06-14 15:05:17Z INFO HostContext] Well known directory 'Bin': 'D:\BS(CS)\Flux\actions-runner\bin'
[2025-06-14 15:05:17Z INFO HostContext] Well known directory 'Root': 'D:\BS(CS)\Flux\actions-runner'
[2025-06-14 15:05:17Z INFO HostContext] Well known config file 'RSACredentials': 'D:\BS(CS)\Flux\actions-runner\.credentials_rsaparams'
[2025-06-14 15:05:17Z INFO RSAEncryptedFileKeyManager] Loading RSA key parameters from file D:\BS(CS)\Flux\actions-runner\.credentials_rsaparams
[2025-06-14 15:05:17Z INFO MessageListener] Attempt to create session.
[2025-06-14 15:05:17Z INFO MessageListener] Connecting to the Runner Server...
[2025-06-14 15:05:17Z INFO RunnerServer] EstablishVssConnection
[2025-06-14 15:05:17Z INFO RunnerServer] Establish connection with 100 seconds timeout.
[2025-06-14 15:05:17Z INFO GitHubActionsService] Starting operation Location.GetConnectionData
[2025-06-14 15:05:18Z INFO RunnerServer] EstablishVssConnection
[2025-06-14 15:05:18Z INFO RunnerServer] Establish connection with 60 seconds timeout.
[2025-06-14 15:05:18Z INFO GitHubActionsService] Starting operation Location.GetConnectionData
[2025-06-14 15:05:18Z INFO RunnerServer] EstablishVssConnection
[2025-06-14 15:05:18Z INFO RunnerServer] Establish connection with 60 seconds timeout.
[2025-06-14 15:05:18Z INFO GitHubActionsService] Starting operation Location.GetConnectionData
[2025-06-14 15:05:19Z INFO GitHubActionsService] Finished operation Location.GetConnectionData
[2025-06-14 15:05:19Z INFO GitHubActionsService] Finished operation Location.GetConnectionData
[2025-06-14 15:05:19Z INFO GitHubActionsService] Finished operation Location.GetConnectionData
[2025-06-14 15:05:19Z INFO MessageListener] VssConnection created
[2025-06-14 15:05:19Z INFO Terminal] WRITE LINE: 
[2025-06-14 15:05:19Z INFO Terminal] WRITE LINE: 
[2025-06-14 15:05:20Z INFO RSAEncryptedFileKeyManager] Loading RSA key parameters from file D:\BS(CS)\Flux\actions-runner\.credentials_rsaparams
[2025-06-14 15:05:20Z INFO RSAEncryptedFileKeyManager] Loading RSA key parameters from file D:\BS(CS)\Flux\actions-runner\.credentials_rsaparams
[2025-06-14 15:05:21Z INFO GitHubActionsService] AAD Correlation ID for this token request: Unknown
[2025-06-14 15:05:21Z INFO MessageListener] Session created.
[2025-06-14 15:05:21Z INFO Terminal] WRITE LINE: Current runner version: '2.317.0'
[2025-06-14 15:05:21Z INFO Terminal] WRITE LINE: 2025-06-14 15:05:21Z: Listening for Jobs
[2025-06-14 15:05:21Z INFO JobDispatcher] Set runner/worker IPC timeout to 30 seconds.
[2025-06-14 15:05:22Z INFO MessageListener] BrokerMigration message received. Polling Broker for messages...
[2025-06-14 15:05:22Z INFO RSAEncryptedFileKeyManager] Loading RSA key parameters from file D:\BS(CS)\Flux\actions-runner\.credentials_rsaparams
[2025-06-14 15:05:23Z INFO GitHubActionsService] AAD Correlation ID for this token request: Unknown
[2025-06-14 15:06:14Z INFO MessageListener] BrokerMigration message received. Polling Broker for messages...
[2025-06-14 15:07:05Z INFO MessageListener] BrokerMigration message received. Polling Broker for messages...
[2025-06-14 15:07:56Z INFO MessageListener] BrokerMigration message received. Polling Broker for messages...
[2025-06-14 15:08:47Z INFO MessageListener] BrokerMigration message received. Polling Broker for messages...
[2025-06-14 15:09:38Z INFO MessageListener] BrokerMigration message received. Polling Broker for messages...
[2025-06-14 15:10:28Z INFO MessageListener] BrokerMigration message received. Polling Broker for messages...
[2025-06-14 15:11:19Z INFO MessageListener] BrokerMigration message received. Polling Broker for messages...
[2025-06-14 15:12:10Z INFO MessageListener] BrokerMigration message received. Polling Broker for messages...
[2025-06-14 15:13:00Z INFO MessageListener] BrokerMigration message received. Polling Broker for messages...
[2025-06-14 15:13:51Z INFO MessageListener] BrokerMigration message received. Polling Broker for messages...
[2025-06-14 15:14:41Z INFO MessageListener] BrokerMigration message received. Polling Broker for messages...
[2025-06-14 15:15:32Z INFO MessageListener] BrokerMigration message received. Polling Broker for messages...
[2025-06-14 15:16:23Z INFO MessageListener] BrokerMigration message received. Polling Broker for messages...
[2025-06-14 15:17:13Z INFO MessageListener] BrokerMigration message received. Polling Broker for messages...
[2025-06-14 15:18:04Z INFO MessageListener] BrokerMigration message received. Polling Broker for messages...
[2025-06-14 15:18:55Z INFO MessageListener] BrokerMigration message received. Polling Broker for messages...
[2025-06-14 15:19:45Z INFO MessageListener] BrokerMigration message received. Polling Broker for messages...
[2025-06-14 15:20:36Z INFO MessageListener] BrokerMigration message received. Polling Broker for messages...
[2025-06-14 15:21:26Z INFO MessageListener] BrokerMigration message received. Polling Broker for messages...
[2025-06-14 15:22:17Z INFO MessageListener] BrokerMigration message received. Polling Broker for messages...
[2025-06-14 15:23:08Z INFO MessageListener] BrokerMigration message received. Polling Broker for messages...
[2025-06-14 15:23:58Z INFO MessageListener] BrokerMigration message received. Polling Broker for messages...
[2025-06-14 15:24:49Z INFO MessageListener] BrokerMigration message received. Polling Broker for messages...
[2025-06-14 15:25:40Z INFO MessageListener] BrokerMigration message received. Polling Broker for messages...
[2025-06-14 15:26:30Z INFO MessageListener] BrokerMigration message received. Polling Broker for messages...
[2025-06-14 15:27:21Z INFO MessageListener] BrokerMigration message received. Polling Broker for messages...
[2025-06-14 15:28:11Z INFO MessageListener] BrokerMigration message received. Polling Broker for messages...
[2025-06-14 15:29:02Z INFO MessageListener] BrokerMigration message received. Polling Broker for messages...
[2025-06-14 15:29:53Z INFO MessageListener] BrokerMigration message received. Polling Broker for messages...
[2025-06-14 15:30:43Z INFO MessageListener] BrokerMigration message received. Polling Broker for messages...
[2025-06-14 15:31:34Z INFO MessageListener] BrokerMigration message received. Polling Broker for messages...
[2025-06-14 15:32:24Z INFO MessageListener] BrokerMigration message received. Polling Broker for messages...
[2025-06-14 15:33:15Z INFO MessageListener] BrokerMigration message received. Polling Broker for messages...
[2025-06-14 15:34:06Z INFO MessageListener] BrokerMigration message received. Polling Broker for messages...
[2025-06-14 15:34:56Z INFO MessageListener] BrokerMigration message received. Polling Broker for messages...
[2025-06-14 15:35:47Z INFO MessageListener] No message retrieved from session '986553d3-b47a-4873-8f9c-dc9c0274ae06' within last 30 minutes.
[2025-06-14 15:35:47Z INFO MessageListener] BrokerMigration message received. Polling Broker for messages...
[2025-06-14 15:36:38Z INFO MessageListener] BrokerMigration message received. Polling Broker for messages...
[2025-06-14 15:37:28Z INFO MessageListener] BrokerMigration message received. Polling Broker for messages...
[2025-06-14 15:38:19Z INFO MessageListener] BrokerMigration message received. Polling Broker for messages...
[2025-06-14 15:39:10Z INFO MessageListener] BrokerMigration message received. Polling Broker for messages...
[2025-06-14 15:40:00Z INFO MessageListener] BrokerMigration message received. Polling Broker for messages...
[2025-06-14 15:40:51Z INFO MessageListener] BrokerMigration message received. Polling Broker for messages...
[2025-06-14 15:41:03Z INFO HostContext] Runner will be shutdown for UserCancelled
[2025-06-14 15:41:03Z WARN GitHubActionsService] GET request to https://broker.actions.githubusercontent.com/message?sessionId=986553d3-b47a-4873-8f9c-dc9c0274ae06&status=Online&runnerVersion=2.317.0&os=Windows&architecture=X64&disableUpdate=false has been cancelled.
[2025-06-14 15:41:03Z ERR  BrokerServer] Catch exception during request
