[2025-05-28 15:49:53Z INFO HostContext] No proxy settings were found based on environmental variables (http_proxy/https_proxy/HTTP_PROXY/HTTPS_PROXY)
[2025-05-28 15:49:53Z INFO HostContext] Well known directory 'Bin': 'D:\BS(CS)\Flux\actions-runner\bin'
[2025-05-28 15:49:53Z INFO HostContext] Well known directory 'Root': 'D:\BS(CS)\Flux\actions-runner'
[2025-05-28 15:49:53Z INFO HostContext] Well known config file 'Credentials': 'D:\BS(CS)\Flux\actions-runner\.credentials'
[2025-05-28 15:50:03Z INFO HostContext] Well known directory 'Bin': 'D:\BS(CS)\Flux\actions-runner\bin'
[2025-05-28 15:50:03Z INFO HostContext] Well known directory 'Root': 'D:\BS(CS)\Flux\actions-runner'
[2025-05-28 15:50:03Z INFO HostContext] Well known config file 'Runner': 'D:\BS(CS)\Flux\actions-runner\.runner'
[2025-05-28 15:50:03Z INFO Listener] Runner is built for Windows (X64) - win-x64.
[2025-05-28 15:50:03Z INFO Listener] RuntimeInformation: Microsoft Windows 10.0.26100.
[2025-05-28 15:50:04Z INFO Listener] Version: 2.317.0
[2025-05-28 15:50:04Z INFO Listener] Commit: 6dc005ee3690a0303e0d7269b6f60295d22dcfad
[2025-05-28 15:50:04Z INFO Listener] Culture: en-PK
[2025-05-28 15:50:04Z INFO Listener] UI Culture: en-US
[2025-05-28 15:50:04Z INFO HostContext] Well known directory 'Bin': 'D:\BS(CS)\Flux\actions-runner\bin'
[2025-05-28 15:50:04Z INFO HostContext] Well known directory 'Root': 'D:\BS(CS)\Flux\actions-runner'
[2025-05-28 15:50:04Z INFO Listener] Validating directory permissions for: 'D:\BS(CS)\Flux\actions-runner'
[2025-05-28 15:50:04Z INFO CommandLineParser] Parse
[2025-05-28 15:50:04Z INFO CommandLineParser] Parsing 1 args
[2025-05-28 15:50:04Z INFO CommandLineParser] parsing argument
[2025-05-28 15:50:04Z INFO CommandLineParser] HasArgs: False
[2025-05-28 15:50:04Z INFO CommandLineParser] Adding Command: run
[2025-05-28 15:50:04Z INFO Listener] Arguments parsed
[2025-05-28 15:50:05Z INFO Runner] ExecuteCommand
[2025-05-28 15:50:05Z INFO ConfigurationStore] currentAssemblyLocation: D:\BS(CS)\Flux\actions-runner\bin\Runner.Listener.dll
[2025-05-28 15:50:05Z INFO HostContext] Well known directory 'Bin': 'D:\BS(CS)\Flux\actions-runner\bin'
[2025-05-28 15:50:05Z INFO ConfigurationStore] binPath: D:\BS(CS)\Flux\actions-runner\bin
[2025-05-28 15:50:05Z INFO HostContext] Well known directory 'Bin': 'D:\BS(CS)\Flux\actions-runner\bin'
[2025-05-28 15:50:05Z INFO HostContext] Well known directory 'Root': 'D:\BS(CS)\Flux\actions-runner'
[2025-05-28 15:50:05Z INFO ConfigurationStore] RootFolder: D:\BS(CS)\Flux\actions-runner
[2025-05-28 15:50:05Z INFO HostContext] Well known directory 'Bin': 'D:\BS(CS)\Flux\actions-runner\bin'
[2025-05-28 15:50:05Z INFO HostContext] Well known directory 'Root': 'D:\BS(CS)\Flux\actions-runner'
[2025-05-28 15:50:05Z INFO HostContext] Well known config file 'Runner': 'D:\BS(CS)\Flux\actions-runner\.runner'
[2025-05-28 15:50:05Z INFO ConfigurationStore] ConfigFilePath: D:\BS(CS)\Flux\actions-runner\.runner
[2025-05-28 15:50:05Z INFO HostContext] Well known directory 'Bin': 'D:\BS(CS)\Flux\actions-runner\bin'
[2025-05-28 15:50:05Z INFO HostContext] Well known directory 'Root': 'D:\BS(CS)\Flux\actions-runner'
[2025-05-28 15:50:05Z INFO HostContext] Well known config file 'Credentials': 'D:\BS(CS)\Flux\actions-runner\.credentials'
[2025-05-28 15:50:05Z INFO ConfigurationStore] CredFilePath: D:\BS(CS)\Flux\actions-runner\.credentials
[2025-05-28 15:50:05Z INFO HostContext] Well known directory 'Bin': 'D:\BS(CS)\Flux\actions-runner\bin'
[2025-05-28 15:50:05Z INFO HostContext] Well known directory 'Root': 'D:\BS(CS)\Flux\actions-runner'
[2025-05-28 15:50:05Z INFO HostContext] Well known config file 'MigratedCredentials': 'D:\BS(CS)\Flux\actions-runner\.credentials_migrated'
[2025-05-28 15:50:05Z INFO ConfigurationStore] MigratedCredFilePath: D:\BS(CS)\Flux\actions-runner\.credentials_migrated
[2025-05-28 15:50:05Z INFO HostContext] Well known directory 'Bin': 'D:\BS(CS)\Flux\actions-runner\bin'
[2025-05-28 15:50:05Z INFO HostContext] Well known directory 'Root': 'D:\BS(CS)\Flux\actions-runner'
[2025-05-28 15:50:05Z INFO HostContext] Well known config file 'Service': 'D:\BS(CS)\Flux\actions-runner\.service'
[2025-05-28 15:50:05Z INFO ConfigurationStore] ServiceConfigFilePath: D:\BS(CS)\Flux\actions-runner\.service
[2025-05-28 15:50:05Z INFO CommandSettings] Flag 'help': 'False'
[2025-05-28 15:50:05Z INFO CommandSettings] Flag 'version': 'False'
[2025-05-28 15:50:05Z INFO CommandSettings] Flag 'commit': 'False'
[2025-05-28 15:50:05Z INFO CommandSettings] Flag 'check': 'False'
[2025-05-28 15:50:05Z INFO CommandSettings] Command 'configure': 'False'
[2025-05-28 15:50:05Z INFO CommandSettings] Command 'remove': 'False'
[2025-05-28 15:50:05Z INFO CommandSettings] Command 'warmup': 'False'
[2025-05-28 15:50:05Z INFO ConfigurationManager] LoadSettings
[2025-05-28 15:50:05Z INFO ConfigurationStore] IsConfigured()
[2025-05-28 15:50:05Z INFO ConfigurationStore] IsConfigured: True
[2025-05-28 15:50:05Z INFO ConfigurationManager] Is configured: True
[2025-05-28 15:50:05Z INFO ConfigurationStore] Read setting file: 305 chars
[2025-05-28 15:50:05Z INFO ConfigurationManager] Settings Loaded
[2025-05-28 15:50:05Z INFO ConfigurationStore] IsServiceConfigured()
[2025-05-28 15:50:05Z INFO ConfigurationStore] IsServiceConfigured: False
[2025-05-28 15:50:05Z INFO CommandSettings] Command 'run': 'True'
[2025-05-28 15:50:05Z INFO ConfigurationStore] IsConfigured()
[2025-05-28 15:50:05Z INFO ConfigurationStore] IsConfigured: True
[2025-05-28 15:50:05Z INFO ConfigurationManager] Is configured: True
[2025-05-28 15:50:05Z INFO Runner] Could not parse the argument value '' for StartupType. Defaulting to Manual
[2025-05-28 15:50:05Z INFO Runner] Set runner startup type - Manual
[2025-05-28 15:50:05Z INFO CommandSettings] Flag 'once': 'False'
[2025-05-28 15:50:05Z INFO CommandSettings] Flag 'once': 'False'
[2025-05-28 15:50:05Z INFO Runner] RunAsync
[2025-05-28 15:50:05Z INFO ConfigurationManager] LoadSettings
[2025-05-28 15:50:05Z INFO ConfigurationStore] IsConfigured()
[2025-05-28 15:50:05Z INFO ConfigurationStore] IsConfigured: True
[2025-05-28 15:50:05Z INFO ConfigurationManager] Is configured: True
[2025-05-28 15:50:05Z INFO ConfigurationManager] Settings Loaded
[2025-05-28 15:50:05Z INFO MessageListener] {
  "AgentId": 21,
  "AgentName": "DESKTOP-J3BA5A9",
  "PoolId": 1,
  "PoolName": "Default",
  "ServerUrl": "https://pipelinesghubeus2.actions.githubusercontent.com/Tj8oyLxS2V68oiAJ5roUiyLEH828d1rIBuV9k9I67M0dMiqWfk/",
  "GitHubUrl": "https://github.com/mUsman2003/Flux",
  "WorkFolder": "_work"
}
[2025-05-28 15:50:05Z INFO MessageListener] Loading Credentials
[2025-05-28 15:50:05Z INFO ConfigurationStore] HasCredentials()
[2025-05-28 15:50:05Z INFO ConfigurationStore] stored True
[2025-05-28 15:50:05Z INFO CredentialManager] GetCredentialProvider
[2025-05-28 15:50:05Z INFO CredentialManager] Creating type OAuth
[2025-05-28 15:50:05Z INFO CredentialManager] Creating credential type: OAuth
[2025-05-28 15:50:05Z INFO HostContext] Well known directory 'Bin': 'D:\BS(CS)\Flux\actions-runner\bin'
[2025-05-28 15:50:05Z INFO HostContext] Well known directory 'Root': 'D:\BS(CS)\Flux\actions-runner'
[2025-05-28 15:50:05Z INFO HostContext] Well known config file 'RSACredentials': 'D:\BS(CS)\Flux\actions-runner\.credentials_rsaparams'
[2025-05-28 15:50:05Z INFO RSAEncryptedFileKeyManager] Loading RSA key parameters from file D:\BS(CS)\Flux\actions-runner\.credentials_rsaparams
[2025-05-28 15:50:06Z INFO MessageListener] Attempt to create session.
[2025-05-28 15:50:06Z INFO MessageListener] Connecting to the Runner Server...
[2025-05-28 15:50:06Z INFO RunnerServer] EstablishVssConnection
[2025-05-28 15:50:06Z INFO RunnerServer] Establish connection with 100 seconds timeout.
[2025-05-28 15:50:08Z INFO GitHubActionsService] Starting operation Location.GetConnectionData
[2025-05-28 15:50:08Z INFO RunnerServer] EstablishVssConnection
[2025-05-28 15:50:08Z INFO RunnerServer] Establish connection with 60 seconds timeout.
[2025-05-28 15:50:08Z INFO GitHubActionsService] Starting operation Location.GetConnectionData
[2025-05-28 15:50:08Z INFO RunnerServer] EstablishVssConnection
[2025-05-28 15:50:08Z INFO RunnerServer] Establish connection with 60 seconds timeout.
[2025-05-28 15:50:08Z INFO GitHubActionsService] Starting operation Location.GetConnectionData
[2025-05-28 15:50:12Z INFO GitHubActionsService] Finished operation Location.GetConnectionData
[2025-05-28 15:50:12Z INFO GitHubActionsService] Finished operation Location.GetConnectionData
[2025-05-28 15:50:12Z INFO GitHubActionsService] Finished operation Location.GetConnectionData
[2025-05-28 15:50:12Z INFO MessageListener] VssConnection created
[2025-05-28 15:50:12Z INFO Terminal] WRITE LINE: 
[2025-05-28 15:50:12Z INFO Terminal] WRITE LINE: 
[2025-05-28 15:50:13Z INFO RSAEncryptedFileKeyManager] Loading RSA key parameters from file D:\BS(CS)\Flux\actions-runner\.credentials_rsaparams
[2025-05-28 15:50:13Z INFO RSAEncryptedFileKeyManager] Loading RSA key parameters from file D:\BS(CS)\Flux\actions-runner\.credentials_rsaparams
[2025-05-28 15:50:14Z INFO GitHubActionsService] AAD Correlation ID for this token request: Unknown
[2025-05-28 15:50:15Z INFO MessageListener] Session created.
[2025-05-28 15:50:15Z INFO Terminal] WRITE LINE: Current runner version: '2.317.0'
[2025-05-28 15:50:15Z INFO Terminal] WRITE LINE: 2025-05-28 15:50:15Z: Listening for Jobs
[2025-05-28 15:50:15Z INFO JobDispatcher] Set runner/worker IPC timeout to 30 seconds.
[2025-05-28 15:50:15Z INFO MessageListener] BrokerMigration message received. Polling Broker for messages...
[2025-05-28 15:50:15Z INFO RSAEncryptedFileKeyManager] Loading RSA key parameters from file D:\BS(CS)\Flux\actions-runner\.credentials_rsaparams
[2025-05-28 15:50:16Z INFO GitHubActionsService] AAD Correlation ID for this token request: Unknown
[2025-05-28 15:50:37Z INFO MessageListener] Message '0' received from session '3ab8863b-8190-4242-afbc-325d8e775e0d'.
[2025-05-28 15:50:37Z INFO Runner] Refresh message received, kick-off selfupdate background process.
[2025-05-28 15:50:37Z INFO SelfUpdater] Version '2.324.0' of 'agent' package available in server.
[2025-05-28 15:50:37Z INFO SelfUpdater] Current running runner version is 2.317.0
[2025-05-28 15:50:37Z INFO SelfUpdater] An update is available.
[2025-05-28 15:50:37Z INFO Terminal] WRITE LINE: Runner update in progress, do not shutdown runner.
[2025-05-28 15:50:37Z INFO SelfUpdater] RunnerPlatform: win-x64
[2025-05-28 15:50:38Z INFO Terminal] WRITE LINE: Downloading 2.324.0 runner
[2025-05-28 15:50:38Z INFO HostContext] Well known directory 'Bin': 'D:\BS(CS)\Flux\actions-runner\bin'
[2025-05-28 15:50:38Z INFO HostContext] Well known directory 'Root': 'D:\BS(CS)\Flux\actions-runner'
[2025-05-28 15:50:38Z INFO HostContext] Well known directory 'Work': 'D:\BS(CS)\Flux\actions-runner\_work'
[2025-05-28 15:50:38Z INFO SelfUpdater] Attempt 1: save latest runner into D:\BS(CS)\Flux\actions-runner\_work\_update\runner1.zip.
[2025-05-28 15:50:38Z INFO SelfUpdater] Download runner: begin download
[2025-05-28 15:50:38Z INFO SelfUpdater] Downloading https://github.com/actions/runner/releases/download/v2.324.0/actions-runner-win-x64-2.324.0.zip
[2025-05-28 15:50:39Z INFO MessageListener] BrokerMigration message received. Polling Broker for messages...
[2025-05-28 15:50:54Z INFO SelfUpdater] Download runner: finished download
[2025-05-28 15:51:07Z INFO SelfUpdater] Validated Runner Hash matches D:\BS(CS)\Flux\actions-runner\_work\_update\runner1.zip : 78b70ddc65e0c2f1940195859e453bdfaa098fe3475cf89bc9378614d2adc197
[2025-05-28 15:51:17Z INFO SelfUpdater] Finished getting latest runner package at: D:\BS(CS)\Flux\actions-runner\_work\_update.
[2025-05-28 15:51:17Z INFO HostContext] Well known directory 'Bin': 'D:\BS(CS)\Flux\actions-runner\bin'
[2025-05-28 15:51:17Z INFO HostContext] Well known directory 'Root': 'D:\BS(CS)\Flux\actions-runner'
[2025-05-28 15:51:17Z INFO SelfUpdater] Copy D:\BS(CS)\Flux\actions-runner\_work\_update\bin to D:\BS(CS)\Flux\actions-runner\bin.2.324.0.
[2025-05-28 15:51:19Z INFO HostContext] Well known directory 'Bin': 'D:\BS(CS)\Flux\actions-runner\bin'
[2025-05-28 15:51:19Z INFO HostContext] Well known directory 'Root': 'D:\BS(CS)\Flux\actions-runner'
[2025-05-28 15:51:19Z INFO SelfUpdater] Copy D:\BS(CS)\Flux\actions-runner\_work\_update\externals to D:\BS(CS)\Flux\actions-runner\externals.2.324.0.
[2025-05-28 15:51:20Z INFO SelfUpdater] Copy any remaining .sh/.cmd files into runner root.
[2025-05-28 15:51:20Z INFO HostContext] Well known directory 'Bin': 'D:\BS(CS)\Flux\actions-runner\bin'
[2025-05-28 15:51:20Z INFO HostContext] Well known directory 'Root': 'D:\BS(CS)\Flux\actions-runner'
[2025-05-28 15:51:20Z INFO SelfUpdater] Copy D:\BS(CS)\Flux\actions-runner\_work\_update\config.cmd to D:\BS(CS)\Flux\actions-runner\config.cmd
[2025-05-28 15:51:20Z INFO HostContext] Well known directory 'Bin': 'D:\BS(CS)\Flux\actions-runner\bin'
[2025-05-28 15:51:20Z INFO HostContext] Well known directory 'Root': 'D:\BS(CS)\Flux\actions-runner'
[2025-05-28 15:51:20Z INFO SelfUpdater] Copy D:\BS(CS)\Flux\actions-runner\_work\_update\run-helper.cmd.template to D:\BS(CS)\Flux\actions-runner\run-helper.cmd.template
[2025-05-28 15:51:20Z INFO HostContext] Well known directory 'Bin': 'D:\BS(CS)\Flux\actions-runner\bin'
[2025-05-28 15:51:20Z INFO HostContext] Well known directory 'Root': 'D:\BS(CS)\Flux\actions-runner'
[2025-05-28 15:51:20Z INFO SelfUpdater] Copy D:\BS(CS)\Flux\actions-runner\_work\_update\run-helper.sh.template to D:\BS(CS)\Flux\actions-runner\run-helper.sh.template
[2025-05-28 15:51:20Z INFO HostContext] Well known directory 'Bin': 'D:\BS(CS)\Flux\actions-runner\bin'
[2025-05-28 15:51:20Z INFO HostContext] Well known directory 'Root': 'D:\BS(CS)\Flux\actions-runner'
[2025-05-28 15:51:20Z INFO SelfUpdater] Copy D:\BS(CS)\Flux\actions-runner\_work\_update\run.cmd to D:\BS(CS)\Flux\actions-runner\run.cmd
[2025-05-28 15:51:21Z INFO SelfUpdater] Download latest runner and unzip into runner root.
[2025-05-28 15:51:21Z INFO Terminal] WRITE LINE: Waiting for current job finish running.
[2025-05-28 15:51:21Z INFO SelfUpdater] DownloadUrl: https://github.com/actions/runner/releases/download/v2.324.0/actions-runner-win-x64-2.324.0.zip
[2025-05-28 15:51:21Z INFO SelfUpdater] PackageDownloadTime: 15681ms
[2025-05-28 15:51:21Z INFO SelfUpdater] Attempts: 1
[2025-05-28 15:51:21Z INFO SelfUpdater] PackageSize: 60MB
[2025-05-28 15:51:21Z INFO SelfUpdater] ValidateHashTime: 13092ms
[2025-05-28 15:51:21Z INFO SelfUpdater] PackageExtractTime: 9518ms
[2025-05-28 15:51:21Z INFO SelfUpdater] CopyRunnerToRootTime: 3419ms
[2025-05-28 15:51:21Z INFO SelfUpdater] All running job has exited.
[2025-05-28 15:51:22Z INFO HostContext] Well known directory 'Bin': 'D:\BS(CS)\Flux\actions-runner\bin'
[2025-05-28 15:51:22Z INFO HostContext] Well known directory 'Root': 'D:\BS(CS)\Flux\actions-runner'
[2025-05-28 15:51:22Z INFO HostContext] Well known directory 'Bin': 'D:\BS(CS)\Flux\actions-runner\bin'
[2025-05-28 15:51:22Z INFO HostContext] Well known directory 'Root': 'D:\BS(CS)\Flux\actions-runner'
[2025-05-28 15:51:22Z INFO HostContext] Well known directory 'Bin': 'D:\BS(CS)\Flux\actions-runner\bin'
[2025-05-28 15:51:22Z INFO HostContext] Well known directory 'Root': 'D:\BS(CS)\Flux\actions-runner'
[2025-05-28 15:51:22Z INFO HostContext] Well known directory 'Bin': 'D:\BS(CS)\Flux\actions-runner\bin'
[2025-05-28 15:51:22Z INFO HostContext] Well known directory 'Root': 'D:\BS(CS)\Flux\actions-runner'
[2025-05-28 15:51:22Z INFO HostContext] Well known directory 'Bin': 'D:\BS(CS)\Flux\actions-runner\bin'
[2025-05-28 15:51:22Z INFO HostContext] Well known directory 'Root': 'D:\BS(CS)\Flux\actions-runner'
[2025-05-28 15:51:22Z INFO HostContext] Well known directory 'Bin': 'D:\BS(CS)\Flux\actions-runner\bin'
[2025-05-28 15:51:22Z INFO HostContext] Well known directory 'Root': 'D:\BS(CS)\Flux\actions-runner'
[2025-05-28 15:51:22Z INFO SelfUpdater] Delete runner bin folder's backup at D:\BS(CS)\Flux\actions-runner\bin.2.323.0.
[2025-05-28 15:51:22Z INFO HostContext] Well known directory 'Bin': 'D:\BS(CS)\Flux\actions-runner\bin'
[2025-05-28 15:51:22Z INFO HostContext] Well known directory 'Root': 'D:\BS(CS)\Flux\actions-runner'
[2025-05-28 15:51:22Z INFO HostContext] Well known directory 'Bin': 'D:\BS(CS)\Flux\actions-runner\bin'
[2025-05-28 15:51:22Z INFO HostContext] Well known directory 'Root': 'D:\BS(CS)\Flux\actions-runner'
[2025-05-28 15:51:22Z INFO HostContext] Well known directory 'Bin': 'D:\BS(CS)\Flux\actions-runner\bin'
[2025-05-28 15:51:22Z INFO HostContext] Well known directory 'Root': 'D:\BS(CS)\Flux\actions-runner'
[2025-05-28 15:51:22Z INFO HostContext] Well known directory 'Bin': 'D:\BS(CS)\Flux\actions-runner\bin'
[2025-05-28 15:51:22Z INFO HostContext] Well known directory 'Root': 'D:\BS(CS)\Flux\actions-runner'
[2025-05-28 15:51:22Z INFO HostContext] Well known directory 'Bin': 'D:\BS(CS)\Flux\actions-runner\bin'
[2025-05-28 15:51:22Z INFO HostContext] Well known directory 'Root': 'D:\BS(CS)\Flux\actions-runner'
[2025-05-28 15:51:22Z INFO HostContext] Well known directory 'Bin': 'D:\BS(CS)\Flux\actions-runner\bin'
[2025-05-28 15:51:22Z INFO HostContext] Well known directory 'Root': 'D:\BS(CS)\Flux\actions-runner'
[2025-05-28 15:51:22Z INFO HostContext] Well known directory 'Bin': 'D:\BS(CS)\Flux\actions-runner\bin'
[2025-05-28 15:51:22Z INFO HostContext] Well known directory 'Root': 'D:\BS(CS)\Flux\actions-runner'
[2025-05-28 15:51:22Z INFO HostContext] Well known directory 'Bin': 'D:\BS(CS)\Flux\actions-runner\bin'
[2025-05-28 15:51:22Z INFO HostContext] Well known directory 'Root': 'D:\BS(CS)\Flux\actions-runner'
[2025-05-28 15:51:22Z INFO SelfUpdater] Delete runner externals folder's backup at D:\BS(CS)\Flux\actions-runner\externals.2.323.0.
[2025-05-28 15:51:22Z INFO HostContext] Well known directory 'Bin': 'D:\BS(CS)\Flux\actions-runner\bin'
[2025-05-28 15:51:22Z INFO HostContext] Well known directory 'Root': 'D:\BS(CS)\Flux\actions-runner'
[2025-05-28 15:51:22Z INFO HostContext] Well known directory 'Bin': 'D:\BS(CS)\Flux\actions-runner\bin'
[2025-05-28 15:51:22Z INFO HostContext] Well known directory 'Root': 'D:\BS(CS)\Flux\actions-runner'
[2025-05-28 15:51:22Z INFO HostContext] Well known directory 'Bin': 'D:\BS(CS)\Flux\actions-runner\bin'
[2025-05-28 15:51:22Z INFO HostContext] Well known directory 'Root': 'D:\BS(CS)\Flux\actions-runner'
[2025-05-28 15:51:22Z INFO SelfUpdater] Delete old version runner backup.
[2025-05-28 15:51:22Z INFO Terminal] WRITE LINE: Generate and execute update script.
[2025-05-28 15:51:22Z INFO SelfUpdater] DeleteRunnerBackupTime: 1082ms
[2025-05-28 15:51:23Z INFO HostContext] Well known directory 'Bin': 'D:\BS(CS)\Flux\actions-runner\bin'
[2025-05-28 15:51:23Z INFO HostContext] Well known directory 'Root': 'D:\BS(CS)\Flux\actions-runner'
[2025-05-28 15:51:23Z INFO HostContext] Well known directory 'Diag': 'D:\BS(CS)\Flux\actions-runner\_diag'
[2025-05-28 15:51:23Z INFO HostContext] Well known directory 'Bin': 'D:\BS(CS)\Flux\actions-runner\bin'
[2025-05-28 15:51:23Z INFO HostContext] Well known directory 'Root': 'D:\BS(CS)\Flux\actions-runner'
[2025-05-28 15:51:23Z INFO HostContext] Well known directory 'Bin': 'D:\BS(CS)\Flux\actions-runner\bin'
[2025-05-28 15:51:23Z INFO HostContext] Well known directory 'Root': 'D:\BS(CS)\Flux\actions-runner'
[2025-05-28 15:51:23Z INFO HostContext] Well known directory 'Work': 'D:\BS(CS)\Flux\actions-runner\_work'
[2025-05-28 15:51:24Z INFO SelfUpdater] Generate update script into: D:\BS(CS)\Flux\actions-runner\_work\_update.cmd
[2025-05-28 15:51:24Z INFO SelfUpdater] Which2: 'cmd.exe'
[2025-05-28 15:51:24Z INFO SelfUpdater] Location: 'C:\WINDOWS\system32\cmd.exe'
[2025-05-28 15:51:24Z INFO SelfUpdater] Update script start running
[2025-05-28 15:51:24Z INFO Terminal] WRITE LINE: Runner will exit shortly for update, should be back online within 10 seconds.
[2025-05-28 15:51:24Z INFO SelfUpdater] TotalUpdateTime: 46702ms
[2025-05-28 15:51:24Z INFO Terminal] WRITE LINE: Runner update process finished.
[2025-05-28 15:51:24Z INFO Runner] Auto update task finished at backend, an runner update is ready to apply exit the current runner instance.
[2025-05-28 15:51:24Z INFO Runner] Stop message queue looping.
[2025-05-28 15:51:24Z WARN GitHubActionsService] GET request to https://broker.actions.githubusercontent.com/message?sessionId=3ab8863b-8190-4242-afbc-325d8e775e0d&status=Online&runnerVersion=2.317.0&os=Windows&architecture=X64&disableUpdate=false has been cancelled.
[2025-05-28 15:51:24Z ERR  BrokerServer] Catch exception during request
[2025-05-28 15:51:26Z ERR  BrokerServer] System.Threading.Tasks.TaskCanceledException: The operation was canceled.
 ---> System.IO.IOException: Unable to read data from the transport connection: The I/O operation has been aborted because of either a thread exit or an application request..
 ---> System.Net.Sockets.SocketException (995): The I/O operation has been aborted because of either a thread exit or an application request.
   --- End of inner exception stack trace ---
   at System.Net.Sockets.Socket.AwaitableSocketAsyncEventArgs.ThrowException(SocketError error, CancellationToken cancellationToken)
   at System.Net.Sockets.Socket.AwaitableSocketAsyncEventArgs.System.Threading.Tasks.Sources.IValueTaskSource<System.Int32>.GetResult(Int16 token)
   at System.Net.Security.SslStream.EnsureFullTlsFrameAsync[TIOAdapter](TIOAdapter adapter)
   at System.Net.Security.SslStream.ReadAsyncInternal[TIOAdapter](TIOAdapter adapter, Memory`1 buffer)
   at System.Net.Http.HttpConnection.SendAsyncCore(HttpRequestMessage request, Boolean async, CancellationToken cancellationToken)
   --- End of inner exception stack trace ---
   at System.Net.Http.HttpClient.HandleFailure(Exception e, Boolean telemetryStarted, HttpResponseMessage response, CancellationTokenSource cts, CancellationToken cancellationToken, CancellationTokenSource pendingRequestsCts)
   at System.Net.Http.HttpClient.<SendAsync>g__Core|83_0(HttpRequestMessage request, HttpCompletionOption completionOption, CancellationTokenSource cts, Boolean disposeCts, CancellationTokenSource pendingRequestsCts, CancellationToken originalCancellationToken)
   at Sdk.WebApi.WebApi.RawHttpClientBase.SendAsync(HttpRequestMessage message, HttpCompletionOption completionOption, Object userState, CancellationToken cancellationToken)
   at Sdk.WebApi.WebApi.RawHttpClientBase.SendAsync[T](HttpRequestMessage message, Object userState, CancellationToken cancellationToken)
   at Sdk.WebApi.WebApi.RawHttpClientBase.SendAsync[T](HttpMethod method, IEnumerable`1 additionalHeaders, Uri requestUri, HttpContent content, IEnumerable`1 queryParameters, Object userState, CancellationToken cancellationToken)
   at GitHub.Actions.RunService.WebApi.BrokerHttpClient.GetRunnerMessageAsync(Nullable`1 sessionId, String runnerVersion, Nullable`1 status, String os, String architecture, Nullable`1 disableUpdate, CancellationToken cancellationToken)
   at GitHub.Runner.Common.BrokerServer.<>c__DisplayClass7_0.<<GetRunnerMessageAsync>b__0>d.MoveNext()
--- End of stack trace from previous location ---
   at GitHub.Runner.Common.RunnerService.RetryRequest[T](Func`1 func, CancellationToken cancellationToken, Int32 maxRetryAttemptsCount, Func`2 shouldRetry)
[2025-05-28 15:51:26Z ERR  BrokerServer] #####################################################
[2025-05-28 15:51:26Z ERR  BrokerServer] System.IO.IOException: Unable to read data from the transport connection: The I/O operation has been aborted because of either a thread exit or an application request..
 ---> System.Net.Sockets.SocketException (995): The I/O operation has been aborted because of either a thread exit or an application request.
   --- End of inner exception stack trace ---
   at System.Net.Sockets.Socket.AwaitableSocketAsyncEventArgs.ThrowException(SocketError error, CancellationToken cancellationToken)
   at System.Net.Sockets.Socket.AwaitableSocketAsyncEventArgs.System.Threading.Tasks.Sources.IValueTaskSource<System.Int32>.GetResult(Int16 token)
   at System.Net.Security.SslStream.EnsureFullTlsFrameAsync[TIOAdapter](TIOAdapter adapter)
   at System.Net.Security.SslStream.ReadAsyncInternal[TIOAdapter](TIOAdapter adapter, Memory`1 buffer)
   at System.Net.Http.HttpConnection.SendAsyncCore(HttpRequestMessage request, Boolean async, CancellationToken cancellationToken)
[2025-05-28 15:51:26Z ERR  BrokerServer] #####################################################
[2025-05-28 15:51:26Z ERR  BrokerServer] System.Net.Sockets.SocketException (995): The I/O operation has been aborted because of either a thread exit or an application request.
[2025-05-28 15:51:26Z WARN BrokerServer] Back off 9.934 seconds before next retry. 4 attempt left.
[2025-05-28 15:51:26Z INFO MessageListener] Get next message has been cancelled.
[2025-05-28 15:51:26Z INFO Runner] Ignore any exception after cancel message loop. System.Threading.Tasks.TaskCanceledException: A task was canceled.
   at GitHub.Runner.Common.RunnerService.RetryRequest[T](Func`1 func, CancellationToken cancellationToken, Int32 maxRetryAttemptsCount, Func`2 shouldRetry)
   at GitHub.Runner.Listener.MessageListener.GetNextMessageAsync(CancellationToken token)
   at GitHub.Runner.Listener.Runner.RunAsync(RunnerSettings settings, Boolean runOnce)
[2025-05-28 15:51:26Z INFO JobDispatcher] Shutting down JobDispatcher. Make sure all WorkerDispatcher has finished.
[2025-05-28 15:51:26Z INFO Runner] Deleting Runner Session...
[2025-05-28 15:51:26Z INFO Listener] Runner execution has finished with return code 3
